[I 2025-03-11 14:05:33,725] Trial 393 finished with value: 0.8067415465027733 and parameters: {'n_estimators': 1969, 'learning_rate': 0.011954064831946946, 'max_depth': 13, 'min_child_weight': 6, 'subsample': 0.819870463597299, 'colsample_bytree': 0.7416355987903546, 'reg_alpha': 0.007781397255597851, 'reg_lambda': 2.884296511519479}. Best is trial 285 with value: 0.808281942946742.
[I 2025-03-11 14:05:55,517] Trial 394 finished with value: 0.8079817264704233 and parameters: {'n_estimators': 2141, 'learning_rate': 0.01109216118768188, 'max_depth': 12, 'min_child_weight': 5, 'subsample': 0.8386361511123259, 'colsample_bytree': 0.7919946269353586, 'reg_alpha': 0.09149605232820401, 'reg_lambda': 3.8481264224395124}. Best is trial 285 with value: 0.808281942946742.
[I 2025-03-11 14:06:22,514] Trial 395 finished with value: 0.8062513455227809 and parameters: {'n_estimators': 2206, 'learning_rate': 0.010653195870845731, 'max_depth': 12, 'min_child_weight': 3, 'subsample': 0.7954104639984223, 'colsample_bytree': 0.7562966281006875, 'reg_alpha': 0.1989152310423422, 'reg_lambda': 5.732852666515516}. Best is trial 285 with value: 0.808281942946742.
[I 2025-03-11 14:06:39,603] Trial 396 finished with value: 0.7988977686197565 and parameters: {'n_estimators': 2314, 'learning_rate': 0.06188491073604419, 'max_depth': 12, 'min_child_weight': 5, 'subsample': 0.8302597933874921, 'colsample_bytree': 0.7889143808310196, 'reg_alpha': 0.09291878871271629, 'reg_lambda': 8.47446364366742}. Best is trial 285 with value: 0.808281942946742.
[I 2025-03-11 14:07:00,521] Trial 397 finished with value: 0.807612017670366 and parameters: {'n_estimators': 2154, 'learning_rate': 0.012121774108703387, 'max_depth': 12, 'min_child_weight': 6, 'subsample': 0.8416638198507009, 'colsample_bytree': 0.7721846389661151, 'reg_alpha': 0.25387024761023486, 'reg_lambda': 9.915343878278824}. Best is trial 285 with value: 0.808281942946742.
[I 2025-03-11 14:07:21,154] Trial 398 finished with value: 0.8054982944965412 and parameters: {'n_estimators': 2161, 'learning_rate': 0.014253368728776843, 'max_depth': 12, 'min_child_weight': 6, 'subsample': 0.8134618080004936, 'colsample_bytree': 0.7671201229318203, 'reg_alpha': 0.2692732384242472, 'reg_lambda': 9.629892082586908}. Best is trial 285 with value: 0.808281942946742.
[I 2025-03-11 14:07:41,089] Trial 399 finished with value: 0.8069760655265428 and parameters: {'n_estimators': 2081, 'learning_rate': 0.013008934950994337, 'max_depth': 12, 'min_child_weight': 6, 'subsample': 0.8387324285249051, 'colsample_bytree': 0.7410314829435365, 'reg_alpha': 0.3602386761223826, 'reg_lambda': 7.360993103983291}. Best is trial 285 with value: 0.808281942946742.
[I 2025-03-11 14:08:02,051] Trial 400 finished with value: 0.8059351062569957 and parameters: {'n_estimators': 2270, 'learning_rate': 0.012573310713973426, 'max_depth': 12, 'min_child_weight': 6, 'subsample': 0.9991529875312766, 'colsample_bytree': 0.7569049410969163, 'reg_alpha': 0.05014079354061459, 'reg_lambda': 9.758210280958338}. Best is trial 285 with value: 0.808281942946742.
[I 2025-03-11 14:08:23,201] Trial 401 finished with value: 0.8061520162752991 and parameters: {'n_estimators': 2156, 'learning_rate': 0.011658432717024199, 'max_depth': 12, 'min_child_weight': 6, 'subsample': 0.9291611812363074, 'colsample_bytree': 0.783216267726942, 'reg_alpha': 0.2752198699104456, 'reg_lambda': 7.588107833133197}. Best is trial 285 with value: 0.808281942946742.
[I 2025-03-11 14:08:44,175] Trial 402 finished with value: 0.8070389318847127 and parameters: {'n_estimators': 2233, 'learning_rate': 0.013443769982633627, 'max_depth': 12, 'min_child_weight': 6, 'subsample': 0.8381954969062119, 'colsample_bytree': 0.7662839453313829, 'reg_alpha': 0.031291674936533884, 'reg_lambda': 9.932406413215178}. Best is trial 285 with value: 0.808281942946742.
[I 2025-03-11 14:09:07,030] Trial 403 finished with value: 0.8068604524667083 and parameters: {'n_estimators': 2120, 'learning_rate': 0.012115027691577686, 'max_depth': 13, 'min_child_weight': 6, 'subsample': 0.8793342291586247, 'colsample_bytree': 0.7920158298063548, 'reg_alpha': 0.06652704685506199, 'reg_lambda': 6.256656149025738}. Best is trial 285 with value: 0.808281942946742.
[I 2025-03-11 14:09:20,427] Trial 404 finished with value: 0.8063875392332456 and parameters: {'n_estimators': 1112, 'learning_rate': 0.011234264097202806, 'max_depth': 13, 'min_child_weight': 6, 'subsample': 0.7802629182049804, 'colsample_bytree': 0.780655371719785, 'reg_alpha': 0.15481113505573402, 'reg_lambda': 8.099392087700636}. Best is trial 285 with value: 0.808281942946742.
[I 2025-03-11 14:09:40,585] Trial 405 finished with value: 0.8062876879399917 and parameters: {'n_estimators': 2113, 'learning_rate': 0.012446422607301787, 'max_depth': 12, 'min_child_weight': 6, 'subsample': 0.8215497244963967, 'colsample_bytree': 0.8505758726735622, 'reg_alpha': 0.028890753301671773, 'reg_lambda': 4.82588390316023}. Best is trial 285 with value: 0.808281942946742.
[I 2025-03-11 14:10:06,855] Trial 406 finished with value: 0.8060759381433587 and parameters: {'n_estimators': 2247, 'learning_rate': 0.01570549205812508, 'max_depth': 12, 'min_child_weight': 3, 'subsample': 0.8645118446176884, 'colsample_bytree': 0.7985731566534521, 'reg_alpha': 0.105251185409188, 'reg_lambda': 6.547680511918738}. Best is trial 285 with value: 0.808281942946742.
[I 2025-03-11 14:10:27,572] Trial 407 finished with value: 0.8065680867556546 and parameters: {'n_estimators': 2183, 'learning_rate': 0.011551950652424849, 'max_depth': 12, 'min_child_weight': 6, 'subsample': 0.845910311046366, 'colsample_bytree': 0.732644616929381, 'reg_alpha': 0.08301199240892025, 'reg_lambda': 8.027533017256175}. Best is trial 285 with value: 0.808281942946742.
[I 2025-03-11 14:10:32,290] Trial 408 finished with value: 0.8008772055580528 and parameters: {'n_estimators': 301, 'learning_rate': 0.01065055881185668, 'max_depth': 13, 'min_child_weight': 6, 'subsample': 0.804343916381649, 'colsample_bytree': 0.7724533789975087, 'reg_alpha': 0.20752442308056826, 'reg_lambda': 5.546833931891314}. Best is trial 285 with value: 0.808281942946742.
[I 2025-03-11 14:10:48,630] Trial 409 finished with value: 0.8075142344815167 and parameters: {'n_estimators': 1767, 'learning_rate': 0.013412834865067055, 'max_depth': 12, 'min_child_weight': 6, 'subsample': 0.8858535394144595, 'colsample_bytree': 0.8284164590866067, 'reg_alpha': 0.03734445004226232, 'reg_lambda': 7.094961960617616}. Best is trial 285 with value: 0.808281942946742.
[I 2025-03-11 14:11:07,776] Trial 410 finished with value: 0.8062249219752398 and parameters: {'n_estimators': 2127, 'learning_rate': 0.01675985974704537, 'max_depth': 12, 'min_child_weight': 6, 'subsample': 0.8899004734111111, 'colsample_bytree': 0.8388612995343442, 'reg_alpha': 0.05724341127151088, 'reg_lambda': 7.026594303157408}. Best is trial 285 with value: 0.808281942946742.
[I 2025-03-11 14:11:25,116] Trial 411 finished with value: 0.8069927910699332 and parameters: {'n_estimators': 1766, 'learning_rate': 0.014283066894224306, 'max_depth': 12, 'min_child_weight': 6, 'subsample': 0.9235326697074859, 'colsample_bytree': 0.8624554056020727, 'reg_alpha': 0.330408160974621, 'reg_lambda': 8.631178327485959}. Best is trial 285 with value: 0.808281942946742.
[I 2025-03-11 14:11:40,496] Trial 412 finished with value: 0.8064094852343571 and parameters: {'n_estimators': 1624, 'learning_rate': 0.01362139794923465, 'max_depth': 12, 'min_child_weight': 6, 'subsample': 0.9080597972470641, 'colsample_bytree': 0.7478624782221275, 'reg_alpha': 0.24563339093898245, 'reg_lambda': 6.854215071772631}. Best is trial 285 with value: 0.808281942946742.
[I 2025-03-11 14:12:02,402] Trial 413 finished with value: 0.8063379448848971 and parameters: {'n_estimators': 2064, 'learning_rate': 0.014704999901671607, 'max_depth': 13, 'min_child_weight': 6, 'subsample': 0.8835261056699899, 'colsample_bytree': 0.8326239443896645, 'reg_alpha': 0.08208257035844622, 'reg_lambda': 9.912126985484925}. Best is trial 285 with value: 0.808281942946742.
[I 2025-03-11 14:12:18,367] Trial 414 finished with value: 0.8065727048528692 and parameters: {'n_estimators': 1727, 'learning_rate': 0.013402328296063873, 'max_depth': 12, 'min_child_weight': 6, 'subsample': 0.6977092445179822, 'colsample_bytree': 0.8247915421510646, 'reg_alpha': 0.03823133128649817, 'reg_lambda': 6.046406474995611}. Best is trial 285 with value: 0.808281942946742.
[I 2025-03-11 14:12:38,704] Trial 415 finished with value: 0.8072224711309692 and parameters: {'n_estimators': 2170, 'learning_rate': 0.012822012211615717, 'max_depth': 12, 'min_child_weight': 6, 'subsample': 0.9648852324180045, 'colsample_bytree': 0.8838658448504895, 'reg_alpha': 0.14089875912354516, 'reg_lambda': 8.355131518545564}. Best is trial 285 with value: 0.808281942946742.
[I 2025-03-11 14:13:01,537] Trial 416 finished with value: 0.8067275516603444 and parameters: {'n_estimators': 1849, 'learning_rate': 0.012216007307154839, 'max_depth': 12, 'min_child_weight': 3, 'subsample': 0.8980178589110082, 'colsample_bytree': 0.8437217296817526, 'reg_alpha': 0.06731769791601218, 'reg_lambda': 7.322265596396735}. Best is trial 285 with value: 0.808281942946742.
[I 2025-03-11 14:13:22,715] Trial 417 finished with value: 0.8054585186244447 and parameters: {'n_estimators': 1985, 'learning_rate': 0.01882715047621069, 'max_depth': 14, 'min_child_weight': 6, 'subsample': 0.8738828790324147, 'colsample_bytree': 0.7905754905541821, 'reg_alpha': 0.0438932996402178, 'reg_lambda': 5.363501703640683}. Best is trial 285 with value: 0.808281942946742.
[I 2025-03-11 14:13:27,510] Trial 418 finished with value: 0.8001219057192563 and parameters: {'n_estimators': 1771, 'learning_rate': 0.010009247895417355, 'max_depth': 5, 'min_child_weight': 8, 'subsample': 0.8339110080298031, 'colsample_bytree': 0.8583180522204195, 'reg_alpha': 0.03863696514316163, 'reg_lambda': 6.904021312141659}. Best is trial 285 with value: 0.808281942946742.
[I 2025-03-11 14:13:43,065] Trial 419 finished with value: 0.7992083858541498 and parameters: {'n_estimators': 2353, 'learning_rate': 0.01184696636826152, 'max_depth': 13, 'min_child_weight': 6, 'subsample': 0.2364184240547847, 'colsample_bytree': 0.6427392082789574, 'reg_alpha': 0.006469034576250523, 'reg_lambda': 8.49323122619087}. Best is trial 285 with value: 0.808281942946742.
[I 2025-03-11 14:14:00,816] Trial 420 finished with value: 0.8065963976994487 and parameters: {'n_estimators': 2027, 'learning_rate': 0.015415280006454398, 'max_depth': 12, 'min_child_weight': 6, 'subsample': 0.8524160925047908, 'colsample_bytree': 0.7592150563438297, 'reg_alpha': 0.02210779534475417, 'reg_lambda': 4.882254541306429}. Best is trial 285 with value: 0.808281942946742.
[I 2025-03-11 14:14:30,470] Trial 421 finished with value: 0.806898079919666 and parameters: {'n_estimators': 2120, 'learning_rate': 0.011408555817780197, 'max_depth': 13, 'min_child_weight': 3, 'subsample': 0.8892274729450567, 'colsample_bytree': 0.8234595980956302, 'reg_alpha': 0.008569073477806523, 'reg_lambda': 5.879551215309525}. Best is trial 285 with value: 0.808281942946742.
[I 2025-03-11 14:14:49,773] Trial 422 finished with value: 0.8059700632450422 and parameters: {'n_estimators': 2206, 'learning_rate': 0.012741548192940376, 'max_depth': 12, 'min_child_weight': 7, 'subsample': 0.8203158437906255, 'colsample_bytree': 0.8009425840228899, 'reg_alpha': 0.004969753990329689, 'reg_lambda': 9.936765951378414}. Best is trial 285 with value: 0.808281942946742.
[I 2025-03-11 14:15:05,093] Trial 423 finished with value: 0.8024558518941687 and parameters: {'n_estimators': 1875, 'learning_rate': 0.04451383149108474, 'max_depth': 13, 'min_child_weight': 6, 'subsample': 0.868040649652118, 'colsample_bytree': 0.7738244365529009, 'reg_alpha': 0.01776141472612887, 'reg_lambda': 7.207346145540346}. Best is trial 285 with value: 0.808281942946742.
[I 2025-03-11 14:15:07,662] Trial 424 finished with value: 0.7929723282410177 and parameters: {'n_estimators': 123, 'learning_rate': 0.010710185469671172, 'max_depth': 12, 'min_child_weight': 3, 'subsample': 0.8486097610227021, 'colsample_bytree': 0.814411469755897, 'reg_alpha': 0.0028581713995883616, 'reg_lambda': 6.2385630429070495}. Best is trial 285 with value: 0.808281942946742.
[I 2025-03-11 14:15:24,458] Trial 425 finished with value: 0.8061583611392982 and parameters: {'n_estimators': 1816, 'learning_rate': 0.011159853842292823, 'max_depth': 12, 'min_child_weight': 6, 'subsample': 0.7914049699317499, 'colsample_bytree': 0.7333460342116858, 'reg_alpha': 0.009110231370041752, 'reg_lambda': 4.63169779780357}. Best is trial 285 with value: 0.808281942946742.
[I 2025-03-11 14:15:38,337] Trial 426 finished with value: 0.8059500447975508 and parameters: {'n_estimators': 1538, 'learning_rate': 0.012227350576454825, 'max_depth': 12, 'min_child_weight': 7, 'subsample': 0.6721260881332668, 'colsample_bytree': 0.8719796418393344, 'reg_alpha': 0.007167505536054462, 'reg_lambda': 8.127422127043417}. Best is trial 285 with value: 0.808281942946742.
[I 2025-03-11 14:15:41,967] Trial 427 finished with value: 0.7873035335953119 and parameters: {'n_estimators': 1721, 'learning_rate': 0.01071005110766498, 'max_depth': 3, 'min_child_weight': 4, 'subsample': 0.9090453231141392, 'colsample_bytree': 0.78722114758515, 'reg_alpha': 0.020493558677925496, 'reg_lambda': 5.615184257313938}. Best is trial 285 with value: 0.808281942946742.
[I 2025-03-11 14:16:14,523] Trial 428 finished with value: 0.8065562202536813 and parameters: {'n_estimators': 1942, 'learning_rate': 0.01403628752303656, 'max_depth': 13, 'min_child_weight': 2, 'subsample': 0.9465768979132165, 'colsample_bytree': 0.8474253680118997, 'reg_alpha': 0.010056646434948994, 'reg_lambda': 8.294721006074992}. Best is trial 285 with value: 0.808281942946742.
[I 2025-03-11 14:16:32,487] Trial 429 finished with value: 0.8066569750876946 and parameters: {'n_estimators': 2288, 'learning_rate': 0.01003117923679628, 'max_depth': 11, 'min_child_weight': 6, 'subsample': 0.8775012767040995, 'colsample_bytree': 0.8984275046378435, 'reg_alpha': 0.017107782172676625, 'reg_lambda': 0.0038903098074147156}. Best is trial 285 with value: 0.808281942946742.
[I 2025-03-11 14:16:53,713] Trial 430 finished with value: 0.8061518154884635 and parameters: {'n_estimators': 2090, 'learning_rate': 0.011482119062950017, 'max_depth': 12, 'min_child_weight': 5, 'subsample': 0.8295676054377862, 'colsample_bytree': 0.7697419536256475, 'reg_alpha': 0.16564323618164078, 'reg_lambda': 9.943162932301139}. Best is trial 285 with value: 0.808281942946742.
[I 2025-03-11 14:17:22,203] Trial 431 finished with value: 0.8058594497774096 and parameters: {'n_estimators': 1629, 'learning_rate': 0.010012579670980579, 'max_depth': 14, 'min_child_weight': 3, 'subsample': 0.8565442434514294, 'colsample_bytree': 0.7982260162823877, 'reg_alpha': 0.04846644833860429, 'reg_lambda': 7.029581237550453}. Best is trial 285 with value: 0.808281942946742.
[I 2025-03-11 14:17:39,765] Trial 432 finished with value: 0.8060817007255352 and parameters: {'n_estimators': 1865, 'learning_rate': 0.013154419205191356, 'max_depth': 13, 'min_child_weight': 6, 'subsample': 0.8884289506363608, 'colsample_bytree': 0.7529084654767597, 'reg_alpha': 0.013016911604267064, 'reg_lambda': 0.034049408276836196}. Best is trial 285 with value: 0.808281942946742.
[I 2025-03-11 14:17:57,272] Trial 433 finished with value: 0.8076538014108167 and parameters: {'n_estimators': 2042, 'learning_rate': 0.011131183242222018, 'max_depth': 11, 'min_child_weight': 5, 'subsample': 0.8061681244326061, 'colsample_bytree': 0.8226881320635088, 'reg_alpha': 0.49810401705072493, 'reg_lambda': 4.972495114558342}. Best is trial 285 with value: 0.808281942946742.
[I 2025-03-11 14:18:15,026] Trial 434 finished with value: 0.8065576257615293 and parameters: {'n_estimators': 2012, 'learning_rate': 0.010769458625030126, 'max_depth': 11, 'min_child_weight': 5, 'subsample': 0.815195690373207, 'colsample_bytree': 0.8290085767555193, 'reg_alpha': 0.3876085857441814, 'reg_lambda': 4.15080545535217}. Best is trial 285 with value: 0.808281942946742.
[I 2025-03-11 14:18:31,944] Trial 435 finished with value: 0.8070258205043597 and parameters: {'n_estimators': 1776, 'learning_rate': 0.01202250580943312, 'max_depth': 11, 'min_child_weight': 5, 'subsample': 0.8370836275050606, 'colsample_bytree': 0.8426466511784088, 'reg_alpha': 1.4933761383525423, 'reg_lambda': 3.490378377864417}. Best is trial 285 with value: 0.808281942946742.
[I 2025-03-11 14:18:49,024] Trial 436 finished with value: 0.8068789650129342 and parameters: {'n_estimators': 1925, 'learning_rate': 0.01111542140050208, 'max_depth': 11, 'min_child_weight': 5, 'subsample': 0.8431762414962376, 'colsample_bytree': 0.8595050111584195, 'reg_alpha': 0.22043487017351487, 'reg_lambda': 4.599018908025335}. Best is trial 285 with value: 0.808281942946742.
[I 2025-03-11 14:19:04,307] Trial 437 finished with value: 0.8067656409230234 and parameters: {'n_estimators': 1698, 'learning_rate': 0.010516949948686008, 'max_depth': 11, 'min_child_weight': 5, 'subsample': 0.8080166445526554, 'colsample_bytree': 0.8182765622553414, 'reg_alpha': 0.49685915679640635, 'reg_lambda': 5.003779018292535}. Best is trial 285 with value: 0.808281942946742.
[I 2025-03-11 14:19:19,406] Trial 438 finished with value: 0.8043380076107045 and parameters: {'n_estimators': 1836, 'learning_rate': 0.0305289024212607, 'max_depth': 11, 'min_child_weight': 5, 'subsample': 0.9268538841790266, 'colsample_bytree': 0.8343209326803493, 'reg_alpha': 0.6601319468233369, 'reg_lambda': 4.112159977210366}. Best is trial 285 with value: 0.808281942946742.
[I 2025-03-11 14:19:37,407] Trial 439 finished with value: 0.8065841898598552 and parameters: {'n_estimators': 1986, 'learning_rate': 0.011787680991734445, 'max_depth': 11, 'min_child_weight': 5, 'subsample': 0.8636047565849151, 'colsample_bytree': 0.808292885870875, 'reg_alpha': 0.9705306559640167, 'reg_lambda': 5.741728671969559}. Best is trial 285 with value: 0.808281942946742.
[I 2025-03-11 14:19:47,590] Trial 440 finished with value: 0.7755124471574226 and parameters: {'n_estimators': 2139, 'learning_rate': 0.23269666849465834, 'max_depth': 11, 'min_child_weight': 5, 'subsample': 0.4551763079255229, 'colsample_bytree': 0.6844739052496039, 'reg_alpha': 0.023044009527911205, 'reg_lambda': 6.121000389685906}. Best is trial 285 with value: 0.808281942946742.
[I 2025-03-11 14:20:07,517] Trial 441 finished with value: 0.8062965225607501 and parameters: {'n_estimators': 1905, 'learning_rate': 0.010652399526077272, 'max_depth': 12, 'min_child_weight': 5, 'subsample': 0.8268200535548685, 'colsample_bytree': 0.823898953881492, 'reg_alpha': 0.014129775350036122, 'reg_lambda': 3.6694426515712952}. Best is trial 285 with value: 0.808281942946742.
[I 2025-03-11 14:20:24,372] Trial 442 finished with value: 0.806483736206095 and parameters: {'n_estimators': 2061, 'learning_rate': 0.012512857435902677, 'max_depth': 11, 'min_child_weight': 6, 'subsample': 0.844034403384659, 'colsample_bytree': 0.8725771888739751, 'reg_alpha': 0.018856570219620058, 'reg_lambda': 4.970957090082991}. Best is trial 285 with value: 0.808281942946742.
[I 2025-03-11 14:20:41,916] Trial 443 finished with value: 0.8073984407135306 and parameters: {'n_estimators': 1769, 'learning_rate': 0.010033894937020503, 'max_depth': 12, 'min_child_weight': 7, 'subsample': 0.901467550273158, 'colsample_bytree': 0.848992690799979, 'reg_alpha': 0.9022680498689194, 'reg_lambda': 6.352950280280416}. Best is trial 285 with value: 0.808281942946742.
[I 2025-03-11 14:20:44,253] Trial 444 finished with value: 0.7988178554592595 and parameters: {'n_estimators': 407, 'learning_rate': 0.011100338968597868, 'max_depth': 8, 'min_child_weight': 4, 'subsample': 0.8740397782308013, 'colsample_bytree': 0.7806355911873578, 'reg_alpha': 0.4634462861971514, 'reg_lambda': 4.362496888254129}. Best is trial 285 with value: 0.808281942946742.
[I 2025-03-11 14:20:59,716] Trial 445 finished with value: 0.8065234116847738 and parameters: {'n_estimators': 1660, 'learning_rate': 0.011405414548942186, 'max_depth': 11, 'min_child_weight': 5, 'subsample': 0.8628071650845107, 'colsample_bytree': 0.9212270926484739, 'reg_alpha': 0.0015389482737988268, 'reg_lambda': 7.302201515357839}. Best is trial 285 with value: 0.808281942946742.
[I 2025-03-11 14:21:19,164] Trial 446 finished with value: 0.8053665381751391 and parameters: {'n_estimators': 1957, 'learning_rate': 0.013870554871922604, 'max_depth': 12, 'min_child_weight': 6, 'subsample': 0.8908491319480074, 'colsample_bytree': 0.8051754020288758, 'reg_alpha': 8.0809083051317, 'reg_lambda': 5.948165891126619}. Best is trial 285 with value: 0.808281942946742.
[I 2025-03-11 14:21:38,571] Trial 447 finished with value: 0.8068036498709684 and parameters: {'n_estimators': 2196, 'learning_rate': 0.010000998255673674, 'max_depth': 11, 'min_child_weight': 5, 'subsample': 0.8526332000430542, 'colsample_bytree': 0.8306330272126679, 'reg_alpha': 0.03241945173926937, 'reg_lambda': 4.961221667991152}. Best is trial 285 with value: 0.808281942946742.
[I 2025-03-11 14:21:55,315] Trial 448 finished with value: 0.8072146404443878 and parameters: {'n_estimators': 2033, 'learning_rate': 0.010669522108334582, 'max_depth': 11, 'min_child_weight': 6, 'subsample': 0.8336735404543559, 'colsample_bytree': 0.8139364716805618, 'reg_alpha': 0.024472147689863007, 'reg_lambda': 3.448069083691978}. Best is trial 285 with value: 0.808281942946742.
[I 2025-03-11 14:22:11,991] Trial 449 finished with value: 0.8070353578790421 and parameters: {'n_estimators': 1826, 'learning_rate': 0.012104313574275084, 'max_depth': 12, 'min_child_weight': 7, 'subsample': 0.810750094092527, 'colsample_bytree': 0.7534804481640733, 'reg_alpha': 0.014871379182707485, 'reg_lambda': 8.256402397877157}. Best is trial 285 with value: 0.808281942946742.
