[I 2025-03-11 16:45:33,307] Trial 958 finished with value: 0.8073519184037639 and parameters: {'n_estimators': 1728, 'learning_rate': 0.010697280074203548, 'max_depth': 12, 'min_child_weight': 5, 'subsample': 0.8138234777047658, 'colsample_bytree': 0.7949340041020714, 'reg_alpha': 0.035428410176155285, 'reg_lambda': 2.487435682401494}. Best is trial 285 with value: 0.808281942946742.
[I 2025-03-11 16:45:51,720] Trial 959 finished with value: 0.8044706072368153 and parameters: {'n_estimators': 1762, 'learning_rate': 0.02052900014578943, 'max_depth': 12, 'min_child_weight': 5, 'subsample': 0.8282741969726285, 'colsample_bytree': 0.773325381454848, 'reg_alpha': 5.940395800422057, 'reg_lambda': 5.579096135551561}. Best is trial 285 with value: 0.808281942946742.
[I 2025-03-11 16:46:09,596] Trial 960 finished with value: 0.8062908001359407 and parameters: {'n_estimators': 1629, 'learning_rate': 0.01148675473537809, 'max_depth': 12, 'min_child_weight': 5, 'subsample': 0.8620414371074484, 'colsample_bytree': 0.8079347154664771, 'reg_alpha': 0.3918812166911682, 'reg_lambda': 3.703299867782734}. Best is trial 285 with value: 0.808281942946742.
[I 2025-03-11 16:46:29,392] Trial 961 finished with value: 0.8073422605569802 and parameters: {'n_estimators': 1564, 'learning_rate': 0.010569936136128928, 'max_depth': 13, 'min_child_weight': 5, 'subsample': 0.8444392040855099, 'colsample_bytree': 0.7865675269587307, 'reg_alpha': 0.02551672010185928, 'reg_lambda': 4.728423311841353}. Best is trial 285 with value: 0.808281942946742.
[I 2025-03-11 16:46:47,764] Trial 962 finished with value: 0.8062918643061685 and parameters: {'n_estimators': 1695, 'learning_rate': 0.010567045191072441, 'max_depth': 12, 'min_child_weight': 5, 'subsample': 0.823022508215596, 'colsample_bytree': 0.800912767145733, 'reg_alpha': 0.04071867039947598, 'reg_lambda': 6.062541839046273}. Best is trial 285 with value: 0.808281942946742.
[I 2025-03-11 16:47:19,827] Trial 963 finished with value: 0.8063120835404951 and parameters: {'n_estimators': 2680, 'learning_rate': 0.01179270902187859, 'max_depth': 14, 'min_child_weight': 5, 'subsample': 0.7870912472261544, 'colsample_bytree': 0.7619233673008579, 'reg_alpha': 0.04611556000272375, 'reg_lambda': 4.174184314183898}. Best is trial 285 with value: 0.808281942946742.
[I 2025-03-11 16:47:38,365] Trial 964 finished with value: 0.8077403405368824 and parameters: {'n_estimators': 1766, 'learning_rate': 0.011209139855931461, 'max_depth': 12, 'min_child_weight': 5, 'subsample': 0.863729387558988, 'colsample_bytree': 0.8137223251105508, 'reg_alpha': 0.032617555891872374, 'reg_lambda': 1.7200211765300117}. Best is trial 285 with value: 0.808281942946742.
[I 2025-03-11 16:48:03,507] Trial 965 finished with value: 0.8061749862892709 and parameters: {'n_estimators': 2594, 'learning_rate': 0.012874942128999083, 'max_depth': 12, 'min_child_weight': 5, 'subsample': 0.8579615830388551, 'colsample_bytree': 0.8187060847203463, 'reg_alpha': 0.10988361341588222, 'reg_lambda': 2.0794347633087495}. Best is trial 285 with value: 0.808281942946742.
[I 2025-03-11 16:48:21,073] Trial 966 finished with value: 0.8058992457281898 and parameters: {'n_estimators': 1779, 'learning_rate': 0.013418382446748027, 'max_depth': 12, 'min_child_weight': 5, 'subsample': 0.8496601372472867, 'colsample_bytree': 0.8207411635969666, 'reg_alpha': 0.03390297160814296, 'reg_lambda': 0.43969473203421033}. Best is trial 285 with value: 0.808281942946742.
[I 2025-03-11 16:48:39,377] Trial 967 finished with value: 0.8067144603586752 and parameters: {'n_estimators': 1792, 'learning_rate': 0.012465177218181684, 'max_depth': 12, 'min_child_weight': 5, 'subsample': 0.8696058518026789, 'colsample_bytree': 0.8095056465342236, 'reg_alpha': 0.04039358347029951, 'reg_lambda': 1.5640578377715444}. Best is trial 285 with value: 0.808281942946742.
[I 2025-03-11 16:48:57,779] Trial 968 finished with value: 0.8063473216301111 and parameters: {'n_estimators': 1742, 'learning_rate': 0.01181140102666445, 'max_depth': 12, 'min_child_weight': 5, 'subsample': 0.8386801269972405, 'colsample_bytree': 0.8270811070402808, 'reg_alpha': 0.055372357010363325, 'reg_lambda': 2.369377781147234}. Best is trial 285 with value: 0.808281942946742.
[I 2025-03-11 16:49:17,815] Trial 969 finished with value: 0.8065601556756554 and parameters: {'n_estimators': 1666, 'learning_rate': 0.012343611366724959, 'max_depth': 13, 'min_child_weight': 5, 'subsample': 0.8597832094779382, 'colsample_bytree': 0.8107568369104002, 'reg_alpha': 0.04237408513185365, 'reg_lambda': 1.9628754681449148}. Best is trial 285 with value: 0.808281942946742.
[I 2025-03-11 16:49:33,962] Trial 970 finished with value: 0.8067167694072825 and parameters: {'n_estimators': 1581, 'learning_rate': 0.014944140574449634, 'max_depth': 12, 'min_child_weight': 5, 'subsample': 0.8311485267688141, 'colsample_bytree': 0.8316121492113928, 'reg_alpha': 0.04733745309584844, 'reg_lambda': 1.6562205329475412}. Best is trial 285 with value: 0.808281942946742.
[I 2025-03-11 16:49:52,752] Trial 971 finished with value: 0.8064900409127271 and parameters: {'n_estimators': 1778, 'learning_rate': 0.011311812472838535, 'max_depth': 12, 'min_child_weight': 5, 'subsample': 0.8144832614898235, 'colsample_bytree': 0.7953533785731658, 'reg_alpha': 0.03425405098829146, 'reg_lambda': 2.8177971184040413}. Best is trial 285 with value: 0.808281942946742.
[I 2025-03-11 16:50:13,616] Trial 972 finished with value: 0.807646994737096 and parameters: {'n_estimators': 1707, 'learning_rate': 0.011314297264172287, 'max_depth': 13, 'min_child_weight': 5, 'subsample': 0.8468569942126869, 'colsample_bytree': 0.8100287841567149, 'reg_alpha': 0.032155088525621045, 'reg_lambda': 3.052898871551316}. Best is trial 285 with value: 0.808281942946742.
[I 2025-03-11 16:50:31,355] Trial 973 finished with value: 0.8062124531127604 and parameters: {'n_estimators': 1691, 'learning_rate': 0.012729174859303319, 'max_depth': 12, 'min_child_weight': 5, 'subsample': 0.8476421464726975, 'colsample_bytree': 0.8068208665206492, 'reg_alpha': 0.0302169072552348, 'reg_lambda': 1.826673128516984}. Best is trial 285 with value: 0.808281942946742.
[I 2025-03-11 16:50:50,756] Trial 974 finished with value: 0.8064012931314719 and parameters: {'n_estimators': 1644, 'learning_rate': 0.013783490449160269, 'max_depth': 13, 'min_child_weight': 5, 'subsample': 0.8655120018305776, 'colsample_bytree': 0.7969326332621519, 'reg_alpha': 0.0369707994561116, 'reg_lambda': 2.2426063534119254}. Best is trial 285 with value: 0.808281942946742.
[I 2025-03-11 16:51:09,105] Trial 975 finished with value: 0.8064585776156169 and parameters: {'n_estimators': 1724, 'learning_rate': 0.011865489534378864, 'max_depth': 12, 'min_child_weight': 5, 'subsample': 0.8410617607529184, 'colsample_bytree': 0.8149720081066162, 'reg_alpha': 0.0332814221011716, 'reg_lambda': 2.381003823109457}. Best is trial 285 with value: 0.808281942946742.
[I 2025-03-11 16:51:25,882] Trial 976 finished with value: 0.8062910410801433 and parameters: {'n_estimators': 1634, 'learning_rate': 0.013117223046343251, 'max_depth': 12, 'min_child_weight': 5, 'subsample': 0.8515444809165719, 'colsample_bytree': 0.7866303889970364, 'reg_alpha': 0.028705825523337107, 'reg_lambda': 1.1632122813948864}. Best is trial 285 with value: 0.808281942946742.
[I 2025-03-11 16:51:44,473] Trial 977 finished with value: 0.8066617939717446 and parameters: {'n_estimators': 1721, 'learning_rate': 0.011440364875736572, 'max_depth': 12, 'min_child_weight': 5, 'subsample': 0.828815476355907, 'colsample_bytree': 0.8109598495143614, 'reg_alpha': 0.04758307631393184, 'reg_lambda': 2.8777546328080055}. Best is trial 285 with value: 0.808281942946742.
[I 2025-03-11 16:52:04,051] Trial 978 finished with value: 0.806873363060226 and parameters: {'n_estimators': 1587, 'learning_rate': 0.012211827190942062, 'max_depth': 13, 'min_child_weight': 5, 'subsample': 0.8677978763547772, 'colsample_bytree': 0.796804412498983, 'reg_alpha': 0.03936396072857971, 'reg_lambda': 2.8486963807268957}. Best is trial 285 with value: 0.808281942946742.
[I 2025-03-11 16:52:22,760] Trial 979 finished with value: 0.8075939267764947 and parameters: {'n_estimators': 1776, 'learning_rate': 0.01131842256994411, 'max_depth': 12, 'min_child_weight': 5, 'subsample': 0.8117462606902814, 'colsample_bytree': 0.787842845988832, 'reg_alpha': 0.031075910778573152, 'reg_lambda': 3.1042749753032086}. Best is trial 285 with value: 0.808281942946742.
[I 2025-03-11 16:52:40,549] Trial 980 finished with value: 0.8069759249757579 and parameters: {'n_estimators': 1710, 'learning_rate': 0.014129812627418253, 'max_depth': 12, 'min_child_weight': 5, 'subsample': 0.8364957596229519, 'colsample_bytree': 0.8242172860838807, 'reg_alpha': 0.0259127436193231, 'reg_lambda': 2.449704851350238}. Best is trial 285 with value: 0.808281942946742.
[I 2025-03-11 16:52:59,536] Trial 981 finished with value: 0.8075068254472898 and parameters: {'n_estimators': 1679, 'learning_rate': 0.01116864787102596, 'max_depth': 12, 'min_child_weight': 5, 'subsample': 0.8517372095102442, 'colsample_bytree': 0.8072502255008588, 'reg_alpha': 0.9971071841004896, 'reg_lambda': 3.2467409320620564}. Best is trial 285 with value: 0.808281942946742.
[I 2025-03-11 16:53:21,005] Trial 982 finished with value: 0.8069149058564742 and parameters: {'n_estimators': 1772, 'learning_rate': 0.010000422595835294, 'max_depth': 13, 'min_child_weight': 5, 'subsample': 0.8699440783421328, 'colsample_bytree': 0.7770958243097043, 'reg_alpha': 0.04182803243365489, 'reg_lambda': 0.32098593367294603}. Best is trial 285 with value: 0.808281942946742.
[I 2025-03-11 16:53:37,272] Trial 983 finished with value: 0.8056288059395638 and parameters: {'n_estimators': 1649, 'learning_rate': 0.01229767009923628, 'max_depth': 12, 'min_child_weight': 5, 'subsample': 0.8022723862781447, 'colsample_bytree': 0.8170231497018022, 'reg_alpha': 0.03427147841841305, 'reg_lambda': 0.21207007076263876}. Best is trial 285 with value: 0.808281942946742.
[I 2025-03-11 16:53:54,904] Trial 984 finished with value: 0.8063293311296575 and parameters: {'n_estimators': 1594, 'learning_rate': 0.011281554930399595, 'max_depth': 12, 'min_child_weight': 5, 'subsample': 0.8223477593113352, 'colsample_bytree': 0.795138969060393, 'reg_alpha': 0.7231897112873098, 'reg_lambda': 1.9304687702012508}. Best is trial 285 with value: 0.808281942946742.
[I 2025-03-11 16:54:13,109] Trial 985 finished with value: 0.8063371216588718 and parameters: {'n_estimators': 1522, 'learning_rate': 0.013008267402889509, 'max_depth': 13, 'min_child_weight': 5, 'subsample': 0.852501078525823, 'colsample_bytree': 0.7702612152520462, 'reg_alpha': 0.05379120439968757, 'reg_lambda': 3.3656472036808047}. Best is trial 285 with value: 0.808281942946742.
[I 2025-03-11 16:54:32,175] Trial 986 finished with value: 0.8080043752254585 and parameters: {'n_estimators': 1789, 'learning_rate': 0.01068642567733169, 'max_depth': 12, 'min_child_weight': 5, 'subsample': 0.8338239120961188, 'colsample_bytree': 0.8297141733947918, 'reg_alpha': 0.026636743339897573, 'reg_lambda': 2.6669938363948136}. Best is trial 285 with value: 0.808281942946742.
[I 2025-03-11 16:54:51,397] Trial 987 finished with value: 0.8067184158593329 and parameters: {'n_estimators': 1744, 'learning_rate': 0.010005515730090174, 'max_depth': 12, 'min_child_weight': 5, 'subsample': 0.7925247146036273, 'colsample_bytree': 0.8362845501735816, 'reg_alpha': 0.5451271484759999, 'reg_lambda': 1.4351067028992868}. Best is trial 285 with value: 0.808281942946742.
[I 2025-03-11 16:55:09,898] Trial 988 finished with value: 0.8069747001760619 and parameters: {'n_estimators': 1744, 'learning_rate': 0.010689268147638417, 'max_depth': 12, 'min_child_weight': 5, 'subsample': 0.824016798705798, 'colsample_bytree': 0.831036678492033, 'reg_alpha': 0.02578062827000458, 'reg_lambda': 2.3989582890964227}. Best is trial 285 with value: 0.808281942946742.
[I 2025-03-11 16:55:27,839] Trial 989 finished with value: 0.8068961322873625 and parameters: {'n_estimators': 1692, 'learning_rate': 0.010610886125818913, 'max_depth': 12, 'min_child_weight': 5, 'subsample': 0.8052438554280977, 'colsample_bytree': 0.8273551417242198, 'reg_alpha': 0.042514669613822303, 'reg_lambda': 1.9840361731050156}. Best is trial 285 with value: 0.808281942946742.
[I 2025-03-11 16:55:45,298] Trial 990 finished with value: 0.8067953573746656 and parameters: {'n_estimators': 1632, 'learning_rate': 0.010644493872904599, 'max_depth': 12, 'min_child_weight': 5, 'subsample': 0.8268753907697022, 'colsample_bytree': 0.8189428774013602, 'reg_alpha': 0.05198252623979807, 'reg_lambda': 2.5928201980835777}. Best is trial 285 with value: 0.808281942946742.
[I 2025-03-11 16:56:01,377] Trial 991 finished with value: 0.8048646714800092 and parameters: {'n_estimators': 1774, 'learning_rate': 0.011151547103908924, 'max_depth': 12, 'min_child_weight': 5, 'subsample': 0.4380831332564489, 'colsample_bytree': 0.836485647426639, 'reg_alpha': 0.031080054490580187, 'reg_lambda': 2.622673892666899}. Best is trial 285 with value: 0.808281942946742.
[I 2025-03-11 16:56:18,967] Trial 992 finished with value: 0.8065083526721174 and parameters: {'n_estimators': 1799, 'learning_rate': 0.010013843991798216, 'max_depth': 12, 'min_child_weight': 6, 'subsample': 0.7286019152505399, 'colsample_bytree': 0.8151974983546189, 'reg_alpha': 0.024843278850379517, 'reg_lambda': 3.581708142853778}. Best is trial 285 with value: 0.808281942946742.
[I 2025-03-11 16:56:37,079] Trial 993 finished with value: 0.8073236275386533 and parameters: {'n_estimators': 1551, 'learning_rate': 0.011118071199103541, 'max_depth': 12, 'min_child_weight': 5, 'subsample': 0.8425654880056047, 'colsample_bytree': 0.8378572385006187, 'reg_alpha': 1.249771772303846, 'reg_lambda': 3.0422841819982627}. Best is trial 285 with value: 0.808281942946742.
[I 2025-03-11 16:56:55,199] Trial 994 finished with value: 0.807595231890925 and parameters: {'n_estimators': 1688, 'learning_rate': 0.01002816467064539, 'max_depth': 12, 'min_child_weight': 5, 'subsample': 0.8709289702041675, 'colsample_bytree': 0.8049161607240128, 'reg_alpha': 0.03655162534486211, 'reg_lambda': 3.822976225036361}. Best is trial 285 with value: 0.808281942946742.
[I 2025-03-11 16:57:11,437] Trial 995 finished with value: 0.8072133554086411 and parameters: {'n_estimators': 1620, 'learning_rate': 0.010684520773340431, 'max_depth': 12, 'min_child_weight': 6, 'subsample': 0.8151850693173819, 'colsample_bytree': 0.8221975732151826, 'reg_alpha': 0.05768935443882844, 'reg_lambda': 2.005533092609804}. Best is trial 285 with value: 0.808281942946742.
[I 2025-03-11 16:57:29,215] Trial 996 finished with value: 0.8061512532853244 and parameters: {'n_estimators': 1732, 'learning_rate': 0.011691012438180487, 'max_depth': 12, 'min_child_weight': 5, 'subsample': 0.7773125403131861, 'colsample_bytree': 0.5609183884485219, 'reg_alpha': 0.8481867126844039, 'reg_lambda': 2.8116907352105467}. Best is trial 285 with value: 0.808281942946742.
[I 2025-03-11 16:57:39,508] Trial 997 finished with value: 0.7936092843190181 and parameters: {'n_estimators': 1809, 'learning_rate': 0.16464568467462057, 'max_depth': 12, 'min_child_weight': 6, 'subsample': 0.8581009137941389, 'colsample_bytree': 0.8494240616848217, 'reg_alpha': 0.02187026356828617, 'reg_lambda': 3.518851857764422}. Best is trial 285 with value: 0.808281942946742.
[I 2025-03-11 16:57:57,716] Trial 998 finished with value: 0.8061785402162578 and parameters: {'n_estimators': 1811, 'learning_rate': 0.010651876018580756, 'max_depth': 12, 'min_child_weight': 5, 'subsample': 0.8445311936746267, 'colsample_bytree': 0.5975097367000253, 'reg_alpha': 0.0313392779532256, 'reg_lambda': 3.9195060046348162}. Best is trial 285 with value: 0.808281942946742.
[I 2025-03-11 16:58:15,525] Trial 999 finished with value: 0.8074100060352506 and parameters: {'n_estimators': 1707, 'learning_rate': 0.011197493371746161, 'max_depth': 12, 'min_child_weight': 5, 'subsample': 0.8347073777043563, 'colsample_bytree': 0.8081780897346985, 'reg_alpha': 0.06589681087185897, 'reg_lambda': 1.6280881688091045}. Best is trial 285 with value: 0.808281942946742.
Bayesian optimization completed!

Best parameters found:
{'n_estimators': 1952, 'learning_rate': 0.0104778317976869, 'max_depth': 11, 'min_child_weight': 5, 'subsample': 0.8400074111228584, 'colsample_bytree': 0.8349344350697158, 'reg_alpha': 0.01864357364806018, 'reg_lambda': 3.312341631931125}

Best validation AUC: 0.8083
Validation set AUC: 0.8083

Results have been saved to:
- xgboost_optuna_results.csv
- best_xgboost_model.json
