[I 2025-03-11 15:28:26,208] Trial 676 finished with value: 0.8067975258724881 and parameters: {'n_estimators': 1681, 'learning_rate': 0.01054073851841985, 'max_depth': 12, 'min_child_weight': 7, 'subsample': 0.8967388308941284, 'colsample_bytree': 0.8230157743317689, 'reg_alpha': 0.43463929564873016, 'reg_lambda': 4.308172002670847}. Best is trial 285 with value: 0.808281942946742.
[I 2025-03-11 15:28:39,903] Trial 677 finished with value: 0.8065875028426396 and parameters: {'n_estimators': 1795, 'learning_rate': 0.011743072926045896, 'max_depth': 10, 'min_child_weight': 4, 'subsample': 0.8275997669446028, 'colsample_bytree': 0.7582870047437515, 'reg_alpha': 0.0021984344722591745, 'reg_lambda': 6.388635855374259}. Best is trial 285 with value: 0.808281942946742.
[I 2025-03-11 15:28:58,039] Trial 678 finished with value: 0.8036290292948394 and parameters: {'n_estimators': 2063, 'learning_rate': 0.02565325240747699, 'max_depth': 14, 'min_child_weight': 6, 'subsample': 0.9489232210919856, 'colsample_bytree': 0.792488363543783, 'reg_alpha': 0.007477074727716806, 'reg_lambda': 0.021488767699928087}. Best is trial 285 with value: 0.808281942946742.
[I 2025-03-11 15:29:08,890] Trial 679 finished with value: 0.8069702427083156 and parameters: {'n_estimators': 1887, 'learning_rate': 0.0109714728793137, 'max_depth': 9, 'min_child_weight': 5, 'subsample': 0.8653974322491705, 'colsample_bytree': 0.8108118329605317, 'reg_alpha': 0.010131878476137113, 'reg_lambda': 3.658580177008621}. Best is trial 285 with value: 0.808281942946742.
[I 2025-03-11 15:29:28,776] Trial 680 finished with value: 0.8068785232818962 and parameters: {'n_estimators': 1737, 'learning_rate': 0.010032260774617057, 'max_depth': 13, 'min_child_weight': 6, 'subsample': 0.8514067311544024, 'colsample_bytree': 0.7784311751491106, 'reg_alpha': 0.024713245933228493, 'reg_lambda': 7.20488479454391}. Best is trial 285 with value: 0.808281942946742.
[I 2025-03-11 15:29:43,670] Trial 681 finished with value: 0.8032850613670828 and parameters: {'n_estimators': 1960, 'learning_rate': 0.01255302920115017, 'max_depth': 12, 'min_child_weight': 7, 'subsample': 0.4282175375515889, 'colsample_bytree': 0.7270846204337706, 'reg_alpha': 0.0737724339591415, 'reg_lambda': 5.3908428861937825}. Best is trial 285 with value: 0.808281942946742.
[I 2025-03-11 15:29:58,199] Trial 682 finished with value: 0.8074403047687155 and parameters: {'n_estimators': 1631, 'learning_rate': 0.011234277528378326, 'max_depth': 11, 'min_child_weight': 5, 'subsample': 0.9145948176203711, 'colsample_bytree': 0.8380589914845326, 'reg_alpha': 0.040673390656731645, 'reg_lambda': 8.517596317527167}. Best is trial 285 with value: 0.808281942946742.
[I 2025-03-11 15:30:18,289] Trial 683 finished with value: 0.8062723076683986 and parameters: {'n_estimators': 1839, 'learning_rate': 0.013655904705172068, 'max_depth': 13, 'min_child_weight': 6, 'subsample': 0.8872626000959545, 'colsample_bytree': 0.7986813379246351, 'reg_alpha': 0.10675080698243934, 'reg_lambda': 6.317368577299859}. Best is trial 285 with value: 0.808281942946742.
[I 2025-03-11 15:30:32,051] Trial 684 finished with value: 0.8030265282377972 and parameters: {'n_estimators': 2239, 'learning_rate': 0.010570773277351751, 'max_depth': 10, 'min_child_weight': 5, 'subsample': 0.8059919677240843, 'colsample_bytree': 0.41478346795156035, 'reg_alpha': 0.006399022438651295, 'reg_lambda': 0.05797288404859262}. Best is trial 285 with value: 0.808281942946742.
[I 2025-03-11 15:30:56,544] Trial 685 finished with value: 0.8065595131577822 and parameters: {'n_estimators': 2015, 'learning_rate': 0.01233500348928776, 'max_depth': 12, 'min_child_weight': 3, 'subsample': 0.8347479040545, 'colsample_bytree': 0.8643263609211981, 'reg_alpha': 0.008622583196334256, 'reg_lambda': 4.666435424677232}. Best is trial 285 with value: 0.808281942946742.
[I 2025-03-11 15:31:12,874] Trial 686 finished with value: 0.8075759563547247 and parameters: {'n_estimators': 2163, 'learning_rate': 0.011340974318507247, 'max_depth': 11, 'min_child_weight': 8, 'subsample': 0.8648503776715969, 'colsample_bytree': 0.761680935018811, 'reg_alpha': 0.012264055259283882, 'reg_lambda': 7.64489728528777}. Best is trial 285 with value: 0.808281942946742.
[I 2025-03-11 15:31:28,992] Trial 687 finished with value: 0.8074962640597467 and parameters: {'n_estimators': 2164, 'learning_rate': 0.01118187659589975, 'max_depth': 11, 'min_child_weight': 8, 'subsample': 0.854026672923766, 'colsample_bytree': 0.745030911233157, 'reg_alpha': 0.010568785987867705, 'reg_lambda': 9.844826474972601}. Best is trial 285 with value: 0.808281942946742.
[I 2025-03-11 15:31:48,844] Trial 688 finished with value: 0.8071064765761475 and parameters: {'n_estimators': 2271, 'learning_rate': 0.010064245272020161, 'max_depth': 11, 'min_child_weight': 5, 'subsample': 0.8217715146658631, 'colsample_bytree': 0.75980955382517, 'reg_alpha': 0.012216292756963865, 'reg_lambda': 8.24962314432347}. Best is trial 285 with value: 0.808281942946742.
[I 2025-03-11 15:32:05,627] Trial 689 finished with value: 0.8072085967606418 and parameters: {'n_estimators': 2209, 'learning_rate': 0.010613968240670572, 'max_depth': 11, 'min_child_weight': 8, 'subsample': 0.8363020207593983, 'colsample_bytree': 0.7658383519307861, 'reg_alpha': 0.003589746196153358, 'reg_lambda': 7.710391628585199}. Best is trial 285 with value: 0.808281942946742.
[I 2025-03-11 15:32:19,067] Trial 690 finished with value: 0.8062001047223819 and parameters: {'n_estimators': 2122, 'learning_rate': 0.011222416272582459, 'max_depth': 10, 'min_child_weight': 8, 'subsample': 0.8646669166117574, 'colsample_bytree': 0.7006745491325409, 'reg_alpha': 0.2469400791355857, 'reg_lambda': 2.705049011801595}. Best is trial 285 with value: 0.808281942946742.
[I 2025-03-11 15:32:31,764] Trial 691 finished with value: 0.8016206388948758 and parameters: {'n_estimators': 2169, 'learning_rate': 0.010580683561676721, 'max_depth': 11, 'min_child_weight': 8, 'subsample': 0.23961943527107105, 'colsample_bytree': 0.7374993544532421, 'reg_alpha': 0.009456212914344349, 'reg_lambda': 7.202025899842749}. Best is trial 285 with value: 0.808281942946742.
[I 2025-03-11 15:32:47,136] Trial 692 finished with value: 0.8067836314234771 and parameters: {'n_estimators': 2058, 'learning_rate': 0.01168856754057936, 'max_depth': 11, 'min_child_weight': 8, 'subsample': 0.7976893737009854, 'colsample_bytree': 0.7769986611768166, 'reg_alpha': 0.007882047401743003, 'reg_lambda': 5.416951715077062}. Best is trial 285 with value: 0.808281942946742.
[I 2025-03-11 15:33:03,032] Trial 693 finished with value: 0.8075320442738184 and parameters: {'n_estimators': 2103, 'learning_rate': 0.010563442349897952, 'max_depth': 11, 'min_child_weight': 8, 'subsample': 0.8477274669140935, 'colsample_bytree': 0.7263642625925489, 'reg_alpha': 0.011988445159722156, 'reg_lambda': 8.694798359828185}. Best is trial 285 with value: 0.808281942946742.
[I 2025-03-11 15:33:19,273] Trial 694 finished with value: 0.8064701228586536 and parameters: {'n_estimators': 2148, 'learning_rate': 0.010057826517897916, 'max_depth': 11, 'min_child_weight': 8, 'subsample': 0.8177452705108842, 'colsample_bytree': 0.7137535964850955, 'reg_alpha': 0.013291297167943512, 'reg_lambda': 9.909119319572483}. Best is trial 285 with value: 0.808281942946742.
[I 2025-03-11 15:33:33,351] Trial 695 finished with value: 0.8075157002254154 and parameters: {'n_estimators': 2220, 'learning_rate': 0.01055954945850028, 'max_depth': 10, 'min_child_weight': 8, 'subsample': 0.8420018486827272, 'colsample_bytree': 0.7200573236143922, 'reg_alpha': 0.011417114641714356, 'reg_lambda': 7.814916240819096}. Best is trial 285 with value: 0.808281942946742.
[I 2025-03-11 15:33:48,609] Trial 696 finished with value: 0.8073326830249308 and parameters: {'n_estimators': 2377, 'learning_rate': 0.010045631807647004, 'max_depth': 10, 'min_child_weight': 8, 'subsample': 0.8348827977267783, 'colsample_bytree': 0.7151996525537264, 'reg_alpha': 0.011429542585619403, 'reg_lambda': 9.979506853800569}. Best is trial 285 with value: 0.808281942946742.
[I 2025-03-11 15:34:02,784] Trial 697 finished with value: 0.8070763987082017 and parameters: {'n_estimators': 2323, 'learning_rate': 0.010007899958011482, 'max_depth': 10, 'min_child_weight': 8, 'subsample': 0.8203378628315772, 'colsample_bytree': 0.7015513547295366, 'reg_alpha': 0.012581256054852838, 'reg_lambda': 0.03385096968207334}. Best is trial 285 with value: 0.808281942946742.
[I 2025-03-11 15:34:17,313] Trial 698 finished with value: 0.8069349243039654 and parameters: {'n_estimators': 2285, 'learning_rate': 0.01069482089241308, 'max_depth': 10, 'min_child_weight': 8, 'subsample': 0.8476623147620966, 'colsample_bytree': 0.7226996400029977, 'reg_alpha': 0.010121976771156619, 'reg_lambda': 8.742652112754476}. Best is trial 285 with value: 0.808281942946742.
[I 2025-03-11 15:34:31,744] Trial 699 finished with value: 0.8071834381701637 and parameters: {'n_estimators': 2223, 'learning_rate': 0.010013059972521431, 'max_depth': 10, 'min_child_weight': 8, 'subsample': 0.8347820785743904, 'colsample_bytree': 0.7311507799298965, 'reg_alpha': 0.01444084483108882, 'reg_lambda': 8.547258133617618}. Best is trial 285 with value: 0.808281942946742.
[I 2025-03-11 15:34:45,994] Trial 700 finished with value: 0.8060180512987074 and parameters: {'n_estimators': 2234, 'learning_rate': 0.011062545539763158, 'max_depth': 10, 'min_child_weight': 8, 'subsample': 0.788262987064503, 'colsample_bytree': 0.7174003648570684, 'reg_alpha': 0.011803922167977222, 'reg_lambda': 8.059707174486848}. Best is trial 285 with value: 0.808281942946742.
[I 2025-03-11 15:35:00,428] Trial 701 finished with value: 0.8064826117998166 and parameters: {'n_estimators': 2270, 'learning_rate': 0.010671765056317204, 'max_depth': 10, 'min_child_weight': 8, 'subsample': 0.8098454693504311, 'colsample_bytree': 0.7045643449443885, 'reg_alpha': 0.014788102293558664, 'reg_lambda': 8.583712936822575}. Best is trial 285 with value: 0.808281942946742.
[I 2025-03-11 15:35:14,148] Trial 702 finished with value: 0.8066023409897771 and parameters: {'n_estimators': 2186, 'learning_rate': 0.011127250897688134, 'max_depth': 10, 'min_child_weight': 8, 'subsample': 0.845984977965838, 'colsample_bytree': 0.6719667033661518, 'reg_alpha': 0.008460859332095002, 'reg_lambda': 7.014803714734048}. Best is trial 285 with value: 0.808281942946742.
[I 2025-03-11 15:35:28,110] Trial 703 finished with value: 0.8067030355877398 and parameters: {'n_estimators': 2162, 'learning_rate': 0.010623196710190273, 'max_depth': 10, 'min_child_weight': 8, 'subsample': 0.827765903267344, 'colsample_bytree': 0.7303880405627854, 'reg_alpha': 0.010358126318393198, 'reg_lambda': 9.934797389334296}. Best is trial 285 with value: 0.808281942946742.
[I 2025-03-11 15:35:39,435] Trial 704 finished with value: 0.8063794274450948 and parameters: {'n_estimators': 2122, 'learning_rate': 0.011457216049221784, 'max_depth': 9, 'min_child_weight': 8, 'subsample': 0.8513121644462234, 'colsample_bytree': 0.7406925232723344, 'reg_alpha': 0.0053298999909447975, 'reg_lambda': 7.519381514553461}. Best is trial 285 with value: 0.808281942946742.
[I 2025-03-11 15:35:52,789] Trial 705 finished with value: 0.8069083200482723 and parameters: {'n_estimators': 2109, 'learning_rate': 0.01000639860041761, 'max_depth': 10, 'min_child_weight': 8, 'subsample': 0.8164110556918349, 'colsample_bytree': 0.7440534155734677, 'reg_alpha': 0.017104316430060745, 'reg_lambda': 6.495271937901934}. Best is trial 285 with value: 0.808281942946742.
[I 2025-03-11 15:36:09,125] Trial 706 finished with value: 0.807061701111849 and parameters: {'n_estimators': 2199, 'learning_rate': 0.011184766024383636, 'max_depth': 11, 'min_child_weight': 8, 'subsample': 0.8361777072797849, 'colsample_bytree': 0.7291593262763916, 'reg_alpha': 0.012997186846063298, 'reg_lambda': 8.21875028695754}. Best is trial 285 with value: 0.808281942946742.
[I 2025-03-11 15:36:23,568] Trial 707 finished with value: 0.8053271237193464 and parameters: {'n_estimators': 2304, 'learning_rate': 0.011803481806642929, 'max_depth': 10, 'min_child_weight': 8, 'subsample': 0.8012652011224694, 'colsample_bytree': 0.6851667464779734, 'reg_alpha': 0.3458169268387606, 'reg_lambda': 6.225741373223488}. Best is trial 285 with value: 0.808281942946742.
[I 2025-03-11 15:36:35,065] Trial 708 finished with value: 0.8061235246233529 and parameters: {'n_estimators': 2227, 'learning_rate': 0.010935855808478235, 'max_depth': 9, 'min_child_weight': 9, 'subsample': 0.8496483215858476, 'colsample_bytree': 0.6920524900892658, 'reg_alpha': 0.006473212795853412, 'reg_lambda': 9.960143387619386}. Best is trial 285 with value: 0.808281942946742.
[I 2025-03-11 15:36:50,804] Trial 709 finished with value: 0.8070669416482534 and parameters: {'n_estimators': 2095, 'learning_rate': 0.010566461044082832, 'max_depth': 11, 'min_child_weight': 8, 'subsample': 0.829673968493659, 'colsample_bytree': 0.7234079046257641, 'reg_alpha': 0.0017201049479548159, 'reg_lambda': 7.463957607096712}. Best is trial 285 with value: 0.808281942946742.
[I 2025-03-11 15:37:06,509] Trial 710 finished with value: 0.8069355266644718 and parameters: {'n_estimators': 2080, 'learning_rate': 0.010595229739083745, 'max_depth': 11, 'min_child_weight': 8, 'subsample': 0.8584962335982778, 'colsample_bytree': 0.6528755381598773, 'reg_alpha': 0.008515261257348746, 'reg_lambda': 6.020064992080729}. Best is trial 285 with value: 0.808281942946742.
[I 2025-03-11 15:37:20,164] Trial 711 finished with value: 0.8067271300079901 and parameters: {'n_estimators': 2144, 'learning_rate': 0.01188295444266595, 'max_depth': 10, 'min_child_weight': 9, 'subsample': 0.8180516061742594, 'colsample_bytree': 0.7035839307504423, 'reg_alpha': 0.011019500941143637, 'reg_lambda': 8.402683362652809}. Best is trial 285 with value: 0.808281942946742.
[I 2025-03-11 15:37:36,376] Trial 712 finished with value: 0.8072165479193244 and parameters: {'n_estimators': 2196, 'learning_rate': 0.011298600716462878, 'max_depth': 11, 'min_child_weight': 8, 'subsample': 0.8436244806643806, 'colsample_bytree': 0.7480575769393635, 'reg_alpha': 0.01525397082043072, 'reg_lambda': 7.107141887467525}. Best is trial 285 with value: 0.808281942946742.
[I 2025-03-11 15:37:51,815] Trial 713 finished with value: 0.8068259372096998 and parameters: {'n_estimators': 2079, 'learning_rate': 0.010577022567755287, 'max_depth': 11, 'min_child_weight': 8, 'subsample': 0.7782429380822696, 'colsample_bytree': 0.7490079955417416, 'reg_alpha': 0.009775060685307441, 'reg_lambda': 5.8525194883055205}. Best is trial 285 with value: 0.808281942946742.
[I 2025-03-11 15:38:07,242] Trial 714 finished with value: 0.8063462173025164 and parameters: {'n_estimators': 2048, 'learning_rate': 0.010043650657933695, 'max_depth': 11, 'min_child_weight': 8, 'subsample': 0.8579025363922318, 'colsample_bytree': 0.6951775306162908, 'reg_alpha': 0.017604975963361896, 'reg_lambda': 9.930468015536913}. Best is trial 285 with value: 0.808281942946742.
[I 2025-03-11 15:38:21,448] Trial 715 finished with value: 0.806170910316512 and parameters: {'n_estimators': 2263, 'learning_rate': 0.0121744322295523, 'max_depth': 10, 'min_child_weight': 8, 'subsample': 0.9762854522645378, 'colsample_bytree': 0.7232932016517872, 'reg_alpha': 0.5825543394249031, 'reg_lambda': 0.08833803387726727}. Best is trial 285 with value: 0.808281942946742.
[I 2025-03-11 15:38:43,062] Trial 716 finished with value: 0.8064126978237236 and parameters: {'n_estimators': 2137, 'learning_rate': 0.011274548323323781, 'max_depth': 14, 'min_child_weight': 9, 'subsample': 0.8309770878540573, 'colsample_bytree': 0.7512542061168771, 'reg_alpha': 0.012947934901571331, 'reg_lambda': 7.339931363494874}. Best is trial 285 with value: 0.808281942946742.
[I 2025-03-11 15:38:58,400] Trial 717 finished with value: 0.8069870887238073 and parameters: {'n_estimators': 2037, 'learning_rate': 0.010568381249360492, 'max_depth': 11, 'min_child_weight': 8, 'subsample': 0.8077248010335605, 'colsample_bytree': 0.736206207858522, 'reg_alpha': 0.1319250283893719, 'reg_lambda': 5.652877624960774}. Best is trial 285 with value: 0.808281942946742.
[I 2025-03-11 15:39:14,078] Trial 718 finished with value: 0.8062486750578697 and parameters: {'n_estimators': 2109, 'learning_rate': 0.011930224636567422, 'max_depth': 11, 'min_child_weight': 8, 'subsample': 0.7263842215515912, 'colsample_bytree': 0.7615702684173394, 'reg_alpha': 0.00920926523772657, 'reg_lambda': 8.188812184700542}. Best is trial 285 with value: 0.808281942946742.
[I 2025-03-11 15:39:29,608] Trial 719 finished with value: 0.8067567862235816 and parameters: {'n_estimators': 2195, 'learning_rate': 0.011220323228647864, 'max_depth': 11, 'min_child_weight': 8, 'subsample': 0.8667830360695506, 'colsample_bytree': 0.676292030136727, 'reg_alpha': 0.007331915121508381, 'reg_lambda': 1.682041268794275}. Best is trial 285 with value: 0.808281942946742.
[I 2025-03-11 15:39:44,290] Trial 720 finished with value: 0.8057716055369138 and parameters: {'n_estimators': 2366, 'learning_rate': 0.010575153839925674, 'max_depth': 10, 'min_child_weight': 8, 'subsample': 0.5927233569774295, 'colsample_bytree': 0.7572025547581555, 'reg_alpha': 0.011453627170883987, 'reg_lambda': 6.556640291478841}. Best is trial 285 with value: 0.808281942946742.
[I 2025-03-11 15:39:51,860] Trial 721 finished with value: 0.8053243930183848 and parameters: {'n_estimators': 2003, 'learning_rate': 0.010015466740908184, 'max_depth': 7, 'min_child_weight': 8, 'subsample': 0.8423413959907763, 'colsample_bytree': 0.7632256470350028, 'reg_alpha': 0.0027645867001810016, 'reg_lambda': 0.005409673200596297}. Best is trial 285 with value: 0.808281942946742.
[I 2025-03-11 15:40:07,370] Trial 722 finished with value: 0.8056214571413873 and parameters: {'n_estimators': 2158, 'learning_rate': 0.012364474483351583, 'max_depth': 11, 'min_child_weight': 8, 'subsample': 0.7984368717046636, 'colsample_bytree': 0.7131564145896507, 'reg_alpha': 0.01940435093006863, 'reg_lambda': 5.222917611097006}. Best is trial 285 with value: 0.808281942946742.
[I 2025-03-11 15:40:17,278] Trial 723 finished with value: 0.79609753517695 and parameters: {'n_estimators': 2028, 'learning_rate': 0.08561343266991343, 'max_depth': 9, 'min_child_weight': 8, 'subsample': 0.8468826189346556, 'colsample_bytree': 0.7332972930475329, 'reg_alpha': 0.09321845993481812, 'reg_lambda': 8.240244215606632}. Best is trial 285 with value: 0.808281942946742.
[I 2025-03-11 15:40:33,120] Trial 724 finished with value: 0.8025682322859529 and parameters: {'n_estimators': 2099, 'learning_rate': 0.03705504634115519, 'max_depth': 13, 'min_child_weight': 9, 'subsample': 0.8197445537551131, 'colsample_bytree': 0.7736116442748299, 'reg_alpha': 0.014634287227930252, 'reg_lambda': 6.467372073383893}. Best is trial 285 with value: 0.808281942946742.
[I 2025-03-11 15:40:52,178] Trial 725 finished with value: 0.8066065374346373 and parameters: {'n_estimators': 2281, 'learning_rate': 0.011371335046025846, 'max_depth': 11, 'min_child_weight': 5, 'subsample': 0.8639629004981532, 'colsample_bytree': 0.7461261892353472, 'reg_alpha': 0.011755704809778366, 'reg_lambda': 5.044391624002356}. Best is trial 285 with value: 0.808281942946742.
[I 2025-03-11 15:41:07,001] Trial 726 finished with value: 0.8062775682834865 and parameters: {'n_estimators': 1978, 'learning_rate': 0.010026337946332127, 'max_depth': 10, 'min_child_weight': 4, 'subsample': 0.8353238805930561, 'colsample_bytree': 0.7130814538772571, 'reg_alpha': 0.00718098189565738, 'reg_lambda': 9.987802472509903}. Best is trial 285 with value: 0.808281942946742.
[I 2025-03-11 15:41:14,363] Trial 727 finished with value: 0.802849976373413 and parameters: {'n_estimators': 575, 'learning_rate': 0.010687846756361663, 'max_depth': 11, 'min_child_weight': 3, 'subsample': 0.8233966916570573, 'colsample_bytree': 0.765024778822544, 'reg_alpha': 0.19014487061772567, 'reg_lambda': 7.313223012205728}. Best is trial 285 with value: 0.808281942946742.
[I 2025-03-11 15:41:31,870] Trial 728 finished with value: 0.8066888600371591 and parameters: {'n_estimators': 2053, 'learning_rate': 0.011703296384892899, 'max_depth': 11, 'min_child_weight': 5, 'subsample': 0.8662841280895573, 'colsample_bytree': 0.780854297012476, 'reg_alpha': 0.009480667850633702, 'reg_lambda': 4.1480313191402}. Best is trial 285 with value: 0.808281942946742.
[I 2025-03-11 15:41:52,200] Trial 729 finished with value: 0.8058729225740664 and parameters: {'n_estimators': 2151, 'learning_rate': 0.012540680738514986, 'max_depth': 11, 'min_child_weight': 5, 'subsample': 0.7889067319427623, 'colsample_bytree': 0.9161749445075924, 'reg_alpha': 0.8461278635590516, 'reg_lambda': 8.580465490381295}. Best is trial 285 with value: 0.808281942946742.
[I 2025-03-11 15:42:13,594] Trial 730 finished with value: 0.8069358680020919 and parameters: {'n_estimators': 2235, 'learning_rate': 0.011021298584837769, 'max_depth': 13, 'min_child_weight': 8, 'subsample': 0.8507023312297869, 'colsample_bytree': 0.746796088440832, 'reg_alpha': 0.0041845542958805675, 'reg_lambda': 6.0157085859441715}. Best is trial 285 with value: 0.808281942946742.
[I 2025-03-11 15:42:27,401] Trial 731 finished with value: 0.8057202442644136 and parameters: {'n_estimators': 1981, 'learning_rate': 0.010658790863925979, 'max_depth': 10, 'min_child_weight': 5, 'subsample': 0.9432455537039128, 'colsample_bytree': 0.7811216934804903, 'reg_alpha': 0.016868420873053194, 'reg_lambda': 4.973129049579001}. Best is trial 285 with value: 0.808281942946742.
