[I 2025-03-11 12:22:13,836] Trial 56 finished with value: 0.8056114780356671 and parameters: {'n_estimators': 1645, 'learning_rate': 0.016204430248767752, 'max_depth': 11, 'min_child_weight': 6, 'subsample': 0.7971523866413491, 'colsample_bytree': 0.6842192217583284, 'reg_alpha': 0.0458980464356572, 'reg_lambda': 1.5911450218657566}. Best is trial 36 with value: 0.8076588411603858.
[I 2025-03-11 12:22:45,937] Trial 57 finished with value: 0.8063399326745677 and parameters: {'n_estimators': 2691, 'learning_rate': 0.012476815685026673, 'max_depth': 13, 'min_child_weight': 4, 'subsample': 0.8510144681425191, 'colsample_bytree': 0.8065245525397027, 'reg_alpha': 0.16800872556563967, 'reg_lambda': 2.5865407322135097}. Best is trial 36 with value: 0.8076588411603858.
[I 2025-03-11 12:23:18,573] Trial 58 finished with value: 0.8068883216794647 and parameters: {'n_estimators': 2814, 'learning_rate': 0.012797124194547897, 'max_depth': 12, 'min_child_weight': 4, 'subsample': 0.9248123138605799, 'colsample_bytree': 0.9461895303758188, 'reg_alpha': 0.6200586773621641, 'reg_lambda': 2.449249519523928}. Best is trial 36 with value: 0.8076588411603858.
[I 2025-03-11 12:23:50,317] Trial 59 finished with value: 0.8048130291059392 and parameters: {'n_estimators': 2688, 'learning_rate': 0.012582956831015103, 'max_depth': 12, 'min_child_weight': 4, 'subsample': 0.9248200522228521, 'colsample_bytree': 0.947926227587172, 'reg_alpha': 0.8290533590315791, 'reg_lambda': 0.02508881334715973}. Best is trial 36 with value: 0.8076588411603858.
[I 2025-03-11 12:24:36,136] Trial 60 finished with value: 0.804188782834621 and parameters: {'n_estimators': 2870, 'learning_rate': 0.013401117154072249, 'max_depth': 14, 'min_child_weight': 3, 'subsample': 0.9837857989644601, 'colsample_bytree': 0.9612946629171134, 'reg_alpha': 2.534874132158156, 'reg_lambda': 0.061100082568069806}. Best is trial 36 with value: 0.8076588411603858.
[I 2025-03-11 12:25:12,400] Trial 61 finished with value: 0.8068468792766341 and parameters: {'n_estimators': 2837, 'learning_rate': 0.011524694951146771, 'max_depth': 13, 'min_child_weight': 4, 'subsample': 0.8472880875869201, 'colsample_bytree': 0.8332440138179793, 'reg_alpha': 0.1775955790943716, 'reg_lambda': 2.6633714208929544}. Best is trial 36 with value: 0.8076588411603858.
[I 2025-03-11 12:25:46,278] Trial 62 finished with value: 0.8065935465263858 and parameters: {'n_estimators': 2828, 'learning_rate': 0.011852431603800445, 'max_depth': 12, 'min_child_weight': 4, 'subsample': 0.8494664829661122, 'colsample_bytree': 0.816670478828926, 'reg_alpha': 0.21243246156797277, 'reg_lambda': 2.4197080124416694}. Best is trial 36 with value: 0.8076588411603858.
[I 2025-03-11 12:26:18,935] Trial 63 finished with value: 0.8052376531054837 and parameters: {'n_estimators': 2863, 'learning_rate': 0.01490943399069479, 'max_depth': 12, 'min_child_weight': 3, 'subsample': 0.9462200591901793, 'colsample_bytree': 0.8426050923724528, 'reg_alpha': 0.25710992765634344, 'reg_lambda': 1.2718744793732837}. Best is trial 36 with value: 0.8076588411603858.
[I 2025-03-11 12:26:43,865] Trial 64 finished with value: 0.8061042490871527 and parameters: {'n_estimators': 1933, 'learning_rate': 0.011430984416190434, 'max_depth': 12, 'min_child_weight': 4, 'subsample': 0.8760325994810338, 'colsample_bytree': 0.9222488116086808, 'reg_alpha': 1.1508380643064282, 'reg_lambda': 3.352134619382646}. Best is trial 36 with value: 0.8076588411603858.
[I 2025-03-11 12:27:03,306] Trial 65 finished with value: 0.8038338921030176 and parameters: {'n_estimators': 2876, 'learning_rate': 0.018929488269771217, 'max_depth': 10, 'min_child_weight': 6, 'subsample': 0.8970108064609273, 'colsample_bytree': 0.8918920984950005, 'reg_alpha': 0.34065485853182276, 'reg_lambda': 2.1738469472895554}. Best is trial 36 with value: 0.8076588411603858.
[I 2025-03-11 12:27:31,024] Trial 66 finished with value: 0.8063991045549659 and parameters: {'n_estimators': 1741, 'learning_rate': 0.015752468073347656, 'max_depth': 13, 'min_child_weight': 2, 'subsample': 0.8474788497652374, 'colsample_bytree': 0.730246813607889, 'reg_alpha': 0.5674699506579897, 'reg_lambda': 0.5789540366273712}. Best is trial 36 with value: 0.8076588411603858.
[I 2025-03-11 12:28:06,943] Trial 67 finished with value: 0.8063603326170463 and parameters: {'n_estimators': 2595, 'learning_rate': 0.011396519431200377, 'max_depth': 15, 'min_child_weight': 5, 'subsample': 0.8009976045220968, 'colsample_bytree': 0.8190078521491814, 'reg_alpha': 0.2061579818032126, 'reg_lambda': 7.5405726738426635}. Best is trial 36 with value: 0.8076588411603858.
[I 2025-03-11 12:28:36,880] Trial 68 finished with value: 0.8043787874169781 and parameters: {'n_estimators': 2803, 'learning_rate': 0.01453344168476678, 'max_depth': 14, 'min_child_weight': 6, 'subsample': 0.9213335602559447, 'colsample_bytree': 0.9722433272715444, 'reg_alpha': 9.947242873820805, 'reg_lambda': 3.57709088301159}. Best is trial 36 with value: 0.8076588411603858.
[I 2025-03-11 12:28:59,560] Trial 69 finished with value: 0.8023047397218322 and parameters: {'n_estimators': 2932, 'learning_rate': 0.026416164276364673, 'max_depth': 12, 'min_child_weight': 4, 'subsample': 0.7609497990018711, 'colsample_bytree': 0.8872367850267403, 'reg_alpha': 0.13178186116917942, 'reg_lambda': 0.20413220914458174}. Best is trial 36 with value: 0.8076588411603858.
[I 2025-03-11 12:29:23,183] Trial 70 finished with value: 0.8040544564417256 and parameters: {'n_estimators': 2636, 'learning_rate': 0.013707431327593082, 'max_depth': 11, 'min_child_weight': 5, 'subsample': 0.7559628904246919, 'colsample_bytree': 0.8644309845972818, 'reg_alpha': 5.793087946327041, 'reg_lambda': 1.0337483740192546}. Best is trial 36 with value: 0.8076588411603858.
[I 2025-03-11 12:29:57,328] Trial 71 finished with value: 0.8052708030120114 and parameters: {'n_estimators': 1731, 'learning_rate': 0.016252045444963864, 'max_depth': 13, 'min_child_weight': 1, 'subsample': 0.85082754760236, 'colsample_bytree': 0.7292526876910289, 'reg_alpha': 0.8011578192272184, 'reg_lambda': 0.5750105556201924}. Best is trial 36 with value: 0.8076588411603858.
[I 2025-03-11 12:30:27,887] Trial 72 finished with value: 0.806627419265521 and parameters: {'n_estimators': 1820, 'learning_rate': 0.011914293533371742, 'max_depth': 13, 'min_child_weight': 2, 'subsample': 0.8336127210145838, 'colsample_bytree': 0.7801312400296234, 'reg_alpha': 0.49343910112633593, 'reg_lambda': 1.6500655805984257}. Best is trial 36 with value: 0.8076588411603858.
[I 2025-03-11 12:31:01,270] Trial 73 finished with value: 0.8068348722238761 and parameters: {'n_estimators': 1841, 'learning_rate': 0.011241568392542353, 'max_depth': 13, 'min_child_weight': 2, 'subsample': 0.8755279201171365, 'colsample_bytree': 0.8506035795198855, 'reg_alpha': 0.43048050022027834, 'reg_lambda': 2.2867631377986686}. Best is trial 36 with value: 0.8076588411603858.
[I 2025-03-11 12:31:37,515] Trial 74 finished with value: 0.8044510104416783 and parameters: {'n_estimators': 1878, 'learning_rate': 0.010784882775436965, 'max_depth': 13, 'min_child_weight': 2, 'subsample': 0.9969729060082639, 'colsample_bytree': 0.849263906028994, 'reg_alpha': 0.5587308233440326, 'reg_lambda': 1.7952478210878924}. Best is trial 36 with value: 0.8076588411603858.
[I 2025-03-11 12:32:25,290] Trial 75 finished with value: 0.8059448042611463 and parameters: {'n_estimators': 1977, 'learning_rate': 0.013447920789503194, 'max_depth': 14, 'min_child_weight': 1, 'subsample': 0.947643628432295, 'colsample_bytree': 0.7787714366097301, 'reg_alpha': 0.420997883809038, 'reg_lambda': 1.4418472491817906}. Best is trial 36 with value: 0.8076588411603858.
[I 2025-03-11 12:32:41,335] Trial 76 finished with value: 0.8066769734565024 and parameters: {'n_estimators': 1553, 'learning_rate': 0.01759724085291892, 'max_depth': 10, 'min_child_weight': 2, 'subsample': 0.8766715879468671, 'colsample_bytree': 0.9202578544238268, 'reg_alpha': 1.786704459117213, 'reg_lambda': 4.334590033570839}. Best is trial 36 with value: 0.8076588411603858.
[I 2025-03-11 12:32:56,577] Trial 77 finished with value: 0.8047557245431106 and parameters: {'n_estimators': 1615, 'learning_rate': 0.018073313784790653, 'max_depth': 10, 'min_child_weight': 3, 'subsample': 0.8794418706479883, 'colsample_bytree': 0.9171671295467279, 'reg_alpha': 1.981347765541269, 'reg_lambda': 4.405458638411817}. Best is trial 36 with value: 0.8076588411603858.
[I 2025-03-11 12:33:14,792] Trial 78 finished with value: 0.8038611790339512 and parameters: {'n_estimators': 1565, 'learning_rate': 0.02058191714539916, 'max_depth': 10, 'min_child_weight': 1, 'subsample': 0.7219885028084944, 'colsample_bytree': 0.9270575893055685, 'reg_alpha': 1.1543834735249263, 'reg_lambda': 8.14857071042564}. Best is trial 36 with value: 0.8076588411603858.
[I 2025-03-11 12:33:37,847] Trial 79 finished with value: 0.8063518995699588 and parameters: {'n_estimators': 1705, 'learning_rate': 0.011001805972992058, 'max_depth': 11, 'min_child_weight': 2, 'subsample': 0.901807350704749, 'colsample_bytree': 0.9484550726004427, 'reg_alpha': 3.4569999128207693, 'reg_lambda': 3.2138703555114083}. Best is trial 36 with value: 0.8076588411603858.
[I 2025-03-11 12:33:56,186] Trial 80 finished with value: 0.8058990047839872 and parameters: {'n_estimators': 1448, 'learning_rate': 0.013545067908147673, 'max_depth': 12, 'min_child_weight': 3, 'subsample': 0.6959617574181276, 'colsample_bytree': 0.8961043724796003, 'reg_alpha': 0.029306894636812575, 'reg_lambda': 3.9843017459747587}. Best is trial 36 with value: 0.8076588411603858.
[I 2025-03-11 12:34:28,924] Trial 81 finished with value: 0.8060351382584015 and parameters: {'n_estimators': 1791, 'learning_rate': 0.01207311570488892, 'max_depth': 13, 'min_child_weight': 2, 'subsample': 0.8235915820887666, 'colsample_bytree': 0.8367615824625979, 'reg_alpha': 0.8005821296815693, 'reg_lambda': 2.329815084505243}. Best is trial 36 with value: 0.8076588411603858.
[I 2025-03-11 12:34:52,574] Trial 82 finished with value: 0.8066322180708875 and parameters: {'n_estimators': 1859, 'learning_rate': 0.011030625925937624, 'max_depth': 11, 'min_child_weight': 2, 'subsample': 0.7918134284613672, 'colsample_bytree': 0.7839707395887964, 'reg_alpha': 1.893457751537403, 'reg_lambda': 5.0176526760593}. Best is trial 36 with value: 0.8076588411603858.
[I 2025-03-11 12:35:21,642] Trial 83 finished with value: 0.8058975390400888 and parameters: {'n_estimators': 1979, 'learning_rate': 0.010990286879893021, 'max_depth': 11, 'min_child_weight': 1, 'subsample': 0.7905766056400576, 'colsample_bytree': 0.7525996422330791, 'reg_alpha': 1.583690066141238, 'reg_lambda': 7.779750802292093}. Best is trial 36 with value: 0.8076588411603858.
[I 2025-03-11 12:35:39,927] Trial 84 finished with value: 0.8049308106635962 and parameters: {'n_estimators': 1890, 'learning_rate': 0.015137720782864118, 'max_depth': 10, 'min_child_weight': 2, 'subsample': 0.7514495123520689, 'colsample_bytree': 0.8581657597242978, 'reg_alpha': 4.195213993744574, 'reg_lambda': 5.660889506906886}. Best is trial 36 with value: 0.8076588411603858.
[I 2025-03-11 12:36:02,954] Trial 85 finished with value: 0.8037864260951245 and parameters: {'n_estimators': 2083, 'learning_rate': 0.01325333512083979, 'max_depth': 11, 'min_child_weight': 3, 'subsample': 0.6248114923849807, 'colsample_bytree': 0.8795781060833923, 'reg_alpha': 1.7824946775074684, 'reg_lambda': 4.772539218221953}. Best is trial 36 with value: 0.8076588411603858.
[I 2025-03-11 12:36:19,003] Trial 86 finished with value: 0.8019569166868357 and parameters: {'n_estimators': 1542, 'learning_rate': 0.010153886028250602, 'max_depth': 11, 'min_child_weight': 2, 'subsample': 0.7804264326408719, 'colsample_bytree': 0.3458471249604551, 'reg_alpha': 0.07196881926567829, 'reg_lambda': 3.2961785247047715}. Best is trial 36 with value: 0.8076588411603858.
[I 2025-03-11 12:36:39,682] Trial 87 finished with value: 0.8051120609399289 and parameters: {'n_estimators': 1847, 'learning_rate': 0.017436080984858632, 'max_depth': 12, 'min_child_weight': 3, 'subsample': 0.8747667724411524, 'colsample_bytree': 0.7932806981830494, 'reg_alpha': 6.644165856952385, 'reg_lambda': 8.663955884749077}. Best is trial 36 with value: 0.8076588411603858.
[I 2025-03-11 12:36:50,651] Trial 88 finished with value: 0.806228897554581 and parameters: {'n_estimators': 1669, 'learning_rate': 0.010732329160485323, 'max_depth': 10, 'min_child_weight': 7, 'subsample': 0.724511698023904, 'colsample_bytree': 0.9090061361644028, 'reg_alpha': 0.1158338849037275, 'reg_lambda': 0.852360963803761}. Best is trial 36 with value: 0.8076588411603858.
[I 2025-03-11 12:36:57,241] Trial 89 finished with value: 0.805597282406403 and parameters: {'n_estimators': 1216, 'learning_rate': 0.014449347080912866, 'max_depth': 9, 'min_child_weight': 6, 'subsample': 0.8130609681507807, 'colsample_bytree': 0.6700224112712626, 'reg_alpha': 0.29087069752256495, 'reg_lambda': 6.623701868896722}. Best is trial 36 with value: 0.8076588411603858.
[I 2025-03-11 12:37:16,202] Trial 90 finished with value: 0.7991967803750626 and parameters: {'n_estimators': 2222, 'learning_rate': 0.06740625142653586, 'max_depth': 12, 'min_child_weight': 2, 'subsample': 0.6604903928237373, 'colsample_bytree': 0.9850840918526332, 'reg_alpha': 2.2814115377673105, 'reg_lambda': 4.774478016107535}. Best is trial 36 with value: 0.8076588411603858.
[I 2025-03-11 12:37:48,343] Trial 91 finished with value: 0.8072348195213475 and parameters: {'n_estimators': 1778, 'learning_rate': 0.011968183019472566, 'max_depth': 13, 'min_child_weight': 2, 'subsample': 0.9151590118747203, 'colsample_bytree': 0.7787886595916845, 'reg_alpha': 0.4391761762142877, 'reg_lambda': 1.9198970604655758}. Best is trial 36 with value: 0.8076588411603858.
[I 2025-03-11 12:38:24,509] Trial 92 finished with value: 0.8063348728463152 and parameters: {'n_estimators': 1364, 'learning_rate': 0.012320421529808967, 'max_depth': 13, 'min_child_weight': 1, 'subsample': 0.9132200302340912, 'colsample_bytree': 0.8292345250945609, 'reg_alpha': 1.3754485903630016, 'reg_lambda': 2.8652748393058483}. Best is trial 36 with value: 0.8076588411603858.
[I 2025-03-11 12:39:04,903] Trial 93 finished with value: 0.8062682517743232 and parameters: {'n_estimators': 1956, 'learning_rate': 0.01143394706252503, 'max_depth': 14, 'min_child_weight': 2, 'subsample': 0.9498416796595245, 'colsample_bytree': 0.7614229007649279, 'reg_alpha': 0.719152129510274, 'reg_lambda': 2.0394144536747865}. Best is trial 36 with value: 0.8076588411603858.
[I 2025-03-11 12:39:08,842] Trial 94 finished with value: 0.7871286884190289 and parameters: {'n_estimators': 1791, 'learning_rate': 0.010088593278089236, 'max_depth': 3, 'min_child_weight': 2, 'subsample': 0.932997790451913, 'colsample_bytree': 0.7940919887472611, 'reg_alpha': 0.1721552622115334, 'reg_lambda': 4.132911815873977}. Best is trial 36 with value: 0.8076588411603858.
[I 2025-03-11 12:39:31,439] Trial 95 finished with value: 0.806379327051677 and parameters: {'n_estimators': 1595, 'learning_rate': 0.012785386630227283, 'max_depth': 12, 'min_child_weight': 3, 'subsample': 0.8903318120532103, 'colsample_bytree': 0.7148693030088549, 'reg_alpha': 0.9904883076387941, 'reg_lambda': 0.0012174328155642902}. Best is trial 36 with value: 0.8076588411603858.
[I 2025-03-11 12:40:17,474] Trial 96 finished with value: 0.8068704114937452 and parameters: {'n_estimators': 2342, 'learning_rate': 0.010949048502611502, 'max_depth': 13, 'min_child_weight': 1, 'subsample': 0.8629870779604719, 'colsample_bytree': 0.7465668382155655, 'reg_alpha': 0.00857849572146814, 'reg_lambda': 2.5921796224408453}. Best is trial 36 with value: 0.8076588411603858.
[I 2025-03-11 12:40:58,581] Trial 97 finished with value: 0.806160609951855 and parameters: {'n_estimators': 2471, 'learning_rate': 0.014060686871695285, 'max_depth': 13, 'min_child_weight': 1, 'subsample': 0.8645988797198653, 'colsample_bytree': 0.7436609118471211, 'reg_alpha': 0.015010574821396524, 'reg_lambda': 1.1953522113656156}. Best is trial 36 with value: 0.8076588411603858.
[I 2025-03-11 12:41:30,449] Trial 98 finished with value: 0.8043106403650369 and parameters: {'n_estimators': 2280, 'learning_rate': 0.040230045870672276, 'max_depth': 15, 'min_child_weight': 1, 'subsample': 0.9741590918853963, 'colsample_bytree': 0.8156203346572134, 'reg_alpha': 0.06847867881014266, 'reg_lambda': 1.9496559289805506}. Best is trial 36 with value: 0.8076588411603858.
[I 2025-03-11 12:41:53,852] Trial 99 finished with value: 0.8060871822061422 and parameters: {'n_estimators': 2031, 'learning_rate': 0.011862493875425787, 'max_depth': 13, 'min_child_weight': 5, 'subsample': 0.8366384242444341, 'colsample_bytree': 0.8535307658046566, 'reg_alpha': 0.007345240923655556, 'reg_lambda': 2.534132797040413}. Best is trial 36 with value: 0.8076588411603858.
[I 2025-03-11 12:42:26,567] Trial 100 finished with value: 0.8058472820951834 and parameters: {'n_estimators': 2538, 'learning_rate': 0.015519423108475417, 'max_depth': 14, 'min_child_weight': 4, 'subsample': 0.9139553036061033, 'colsample_bytree': 0.9358707677569744, 'reg_alpha': 0.008885733787177512, 'reg_lambda': 3.7721415515456536}. Best is trial 36 with value: 0.8076588411603858.
[I 2025-03-11 12:43:02,821] Trial 101 finished with value: 0.8067061678623723 and parameters: {'n_estimators': 2110, 'learning_rate': 0.010749940324028649, 'max_depth': 13, 'min_child_weight': 2, 'subsample': 0.8082745926601871, 'colsample_bytree': 0.8025810572916312, 'reg_alpha': 0.005580764003490514, 'reg_lambda': 6.7763762196340735}. Best is trial 36 with value: 0.8076588411603858.
[I 2025-03-11 12:43:52,033] Trial 102 finished with value: 0.8064748011919188 and parameters: {'n_estimators': 2093, 'learning_rate': 0.012565384842873808, 'max_depth': 14, 'min_child_weight': 1, 'subsample': 0.8931254860196686, 'colsample_bytree': 0.8065718477112941, 'reg_alpha': 0.005829841542555763, 'reg_lambda': 2.678737476969879}. Best is trial 36 with value: 0.8076588411603858.
[I 2025-03-11 12:44:17,897] Trial 103 finished with value: 0.8069563281806211 and parameters: {'n_estimators': 2375, 'learning_rate': 0.010054306382312809, 'max_depth': 13, 'min_child_weight': 6, 'subsample': 0.8054859080759305, 'colsample_bytree': 0.7651362333289058, 'reg_alpha': 0.0092007886295705, 'reg_lambda': 6.8422549759644875}. Best is trial 36 with value: 0.8076588411603858.
[I 2025-03-11 12:44:42,463] Trial 104 finished with value: 0.8066411330063801 and parameters: {'n_estimators': 2328, 'learning_rate': 0.010687278414734458, 'max_depth': 13, 'min_child_weight': 6, 'subsample': 0.774952666631714, 'colsample_bytree': 0.7488432093752134, 'reg_alpha': 0.004039506866000926, 'reg_lambda': 7.045257796463827}. Best is trial 36 with value: 0.8076588411603858.
[I 2025-03-11 12:45:07,636] Trial 105 finished with value: 0.8063082886693057 and parameters: {'n_estimators': 2380, 'learning_rate': 0.010175132355415121, 'max_depth': 13, 'min_child_weight': 6, 'subsample': 0.7057650288750368, 'colsample_bytree': 0.805436008958997, 'reg_alpha': 0.002484575600751692, 'reg_lambda': 6.222472734147344}. Best is trial 36 with value: 0.8076588411603858.
[I 2025-03-11 12:45:29,200] Trial 106 finished with value: 0.8056467562826501 and parameters: {'n_estimators': 2163, 'learning_rate': 0.011303714055037033, 'max_depth': 14, 'min_child_weight': 7, 'subsample': 0.7435231069912531, 'colsample_bytree': 0.7676581303932012, 'reg_alpha': 0.009396550996692487, 'reg_lambda': 0.09624103263075835}. Best is trial 36 with value: 0.8076588411603858.
[I 2025-03-11 12:45:52,196] Trial 107 finished with value: 0.8075236714627815 and parameters: {'n_estimators': 2191, 'learning_rate': 0.013244717020471409, 'max_depth': 13, 'min_child_weight': 6, 'subsample': 0.8334149543029801, 'colsample_bytree': 0.7006792277800384, 'reg_alpha': 0.0031966901572707254, 'reg_lambda': 8.49093098191269}. Best is trial 36 with value: 0.8076588411603858.
[I 2025-03-11 12:46:17,077] Trial 108 finished with value: 0.8050530697676828 and parameters: {'n_estimators': 2744, 'learning_rate': 0.013063231479904628, 'max_depth': 12, 'min_child_weight': 6, 'subsample': 0.8285748167030008, 'colsample_bytree': 0.6940231631019623, 'reg_alpha': 0.017876622458805478, 'reg_lambda': 9.772412545655238}. Best is trial 36 with value: 0.8076588411603858.
[I 2025-03-11 12:46:41,342] Trial 109 finished with value: 0.8066809289571601 and parameters: {'n_estimators': 2402, 'learning_rate': 0.011910735021350321, 'max_depth': 13, 'min_child_weight': 6, 'subsample': 0.8665338873220666, 'colsample_bytree': 0.6557912173087466, 'reg_alpha': 0.024035809443647586, 'reg_lambda': 3.233532120583237}. Best is trial 36 with value: 0.8076588411603858.
[I 2025-03-11 12:46:55,877] Trial 110 finished with value: 0.7986765015271244 and parameters: {'n_estimators': 2264, 'learning_rate': 0.08670000934730093, 'max_depth': 12, 'min_child_weight': 5, 'subsample': 0.9357505055029052, 'colsample_bytree': 0.7069640381800343, 'reg_alpha': 0.003067744010567668, 'reg_lambda': 5.565815967988001}. Best is trial 36 with value: 0.8076588411603858.
[I 2025-03-11 12:47:22,794] Trial 111 finished with value: 0.806857099326557 and parameters: {'n_estimators': 2461, 'learning_rate': 0.01065761061830114, 'max_depth': 13, 'min_child_weight': 6, 'subsample': 0.8073671806011523, 'colsample_bytree': 0.8284663031678398, 'reg_alpha': 0.0017238275949921593, 'reg_lambda': 7.849998135042946}. Best is trial 36 with value: 0.8076588411603858.
[I 2025-03-11 12:47:49,742] Trial 112 finished with value: 0.8064538390463011 and parameters: {'n_estimators': 2456, 'learning_rate': 0.010009618865446327, 'max_depth': 14, 'min_child_weight': 6, 'subsample': 0.8454002747277377, 'colsample_bytree': 0.8288830340112886, 'reg_alpha': 0.0015766083090691745, 'reg_lambda': 0.014416158106725337}. Best is trial 36 with value: 0.8076588411603858.
