Loading data...
Starting Bayesian optimization with Optuna...
[I 2025-03-11 12:09:32,561] A new study created in memory with name: no-name-2020c185-0831-4e46-9313-c64d70531f82
[I 2025-03-11 12:09:46,441] Trial 0 finished with value: 0.7938017184220837 and parameters: {'n_estimators': 2403, 'learning_rate': 0.12114913866631016, 'max_depth': 13, 'min_child_weight': 4, 'subsample': 0.9047767826403237, 'colsample_bytree': 0.3966684878859066, 'reg_alpha': 0.22801387599191142, 'reg_lambda': 1.0540677868815118}. Best is trial 0 with value: 0.7938017184220837.
[I 2025-03-11 12:09:54,599] Trial 1 finished with value: 0.8044090459930758 and parameters: {'n_estimators': 898, 'learning_rate': 0.02807748766242114, 'max_depth': 14, 'min_child_weight': 9, 'subsample': 0.7654637955151935, 'colsample_bytree': 0.7000252406475982, 'reg_alpha': 0.08515049633563469, 'reg_lambda': 0.010023195422770735}. Best is trial 1 with value: 0.8044090459930758.
[I 2025-03-11 12:10:05,328] Trial 2 finished with value: 0.767270749923972 and parameters: {'n_estimators': 2272, 'learning_rate': 0.1071651004416422, 'max_depth': 12, 'min_child_weight': 10, 'subsample': 0.279516640632421, 'colsample_bytree': 0.33352571187780833, 'reg_alpha': 0.011524054770931028, 'reg_lambda': 0.013808756060058167}. Best is trial 1 with value: 0.8044090459930758.
[I 2025-03-11 12:10:07,522] Trial 3 finished with value: 0.8029412942261616 and parameters: {'n_estimators': 196, 'learning_rate': 0.05135656919731112, 'max_depth': 13, 'min_child_weight': 9, 'subsample': 0.9846363611136659, 'colsample_bytree': 0.8535855912558776, 'reg_alpha': 0.045462186531168944, 'reg_lambda': 0.12561275900038954}. Best is trial 1 with value: 0.8044090459930758.
[I 2025-03-11 12:10:15,704] Trial 4 finished with value: 0.8027909651224834 and parameters: {'n_estimators': 1773, 'learning_rate': 0.019131415867827625, 'max_depth': 8, 'min_child_weight': 2, 'subsample': 0.7425362189599405, 'colsample_bytree': 0.43226338019183796, 'reg_alpha': 9.283146310091514, 'reg_lambda': 0.01082058301235743}. Best is trial 1 with value: 0.8044090459930758.
[I 2025-03-11 12:10:21,989] Trial 5 finished with value: 0.7958079403242249 and parameters: {'n_estimators': 920, 'learning_rate': 0.13207660043667313, 'max_depth': 11, 'min_child_weight': 5, 'subsample': 0.9656813500492112, 'colsample_bytree': 0.40710888742638984, 'reg_alpha': 1.169533161761716, 'reg_lambda': 2.576064030371659}. Best is trial 1 with value: 0.8044090459930758.
[I 2025-03-11 12:10:24,233] Trial 6 finished with value: 0.7982629609608951 and parameters: {'n_estimators': 296, 'learning_rate': 0.03631124219914823, 'max_depth': 12, 'min_child_weight': 9, 'subsample': 0.3063140954929818, 'colsample_bytree': 0.9733680834629332, 'reg_alpha': 2.992304710874565, 'reg_lambda': 0.021945630424763263}. Best is trial 1 with value: 0.8044090459930758.
[I 2025-03-11 12:10:44,785] Trial 7 finished with value: 0.8016902316120319 and parameters: {'n_estimators': 2582, 'learning_rate': 0.010642977371389202, 'max_depth': 12, 'min_child_weight': 6, 'subsample': 0.39782682553484955, 'colsample_bytree': 0.6085361047416208, 'reg_alpha': 2.7401429128217076, 'reg_lambda': 0.003915767745531806}. Best is trial 1 with value: 0.8044090459930758.
[I 2025-03-11 12:10:50,714] Trial 8 finished with value: 0.7948542630920346 and parameters: {'n_estimators': 1703, 'learning_rate': 0.04228494978990493, 'max_depth': 7, 'min_child_weight': 9, 'subsample': 0.7051835377374724, 'colsample_bytree': 0.28932257891786295, 'reg_alpha': 0.08496764322656525, 'reg_lambda': 0.03555859686635054}. Best is trial 1 with value: 0.8044090459930758.
[I 2025-03-11 12:10:56,053] Trial 9 finished with value: 0.7895040970754554 and parameters: {'n_estimators': 2650, 'learning_rate': 0.07351559671243711, 'max_depth': 3, 'min_child_weight': 5, 'subsample': 0.45162227450091885, 'colsample_bytree': 0.38139358643565346, 'reg_alpha': 0.06158982294112473, 'reg_lambda': 8.029049954834672}. Best is trial 1 with value: 0.8044090459930758.
[I 2025-03-11 12:11:01,894] Trial 10 finished with value: 0.7727231967545136 and parameters: {'n_estimators': 1029, 'learning_rate': 0.2552407160368174, 'max_depth': 15, 'min_child_weight': 7, 'subsample': 0.5444358475386891, 'colsample_bytree': 0.690047811377976, 'reg_alpha': 0.0014828145445922114, 'reg_lambda': 0.0012026699602811165}. Best is trial 1 with value: 0.8044090459930758.
[I 2025-03-11 12:11:04,011] Trial 11 finished with value: 0.7986410626506729 and parameters: {'n_estimators': 111, 'learning_rate': 0.023665693097122423, 'max_depth': 15, 'min_child_weight': 8, 'subsample': 0.8390781764717538, 'colsample_bytree': 0.8164862847554217, 'reg_alpha': 0.012913232829129572, 'reg_lambda': 0.2177172477667417}. Best is trial 1 with value: 0.8044090459930758.
[I 2025-03-11 12:11:07,971] Trial 12 finished with value: 0.8045810600749794 and parameters: {'n_estimators': 735, 'learning_rate': 0.025022702686884755, 'max_depth': 9, 'min_child_weight': 10, 'subsample': 0.776645476515236, 'colsample_bytree': 0.8344708124892873, 'reg_alpha': 0.021915908850724874, 'reg_lambda': 0.16049768341094603}. Best is trial 12 with value: 0.8045810600749794.
[I 2025-03-11 12:11:11,078] Trial 13 finished with value: 0.8021012221854513 and parameters: {'n_estimators': 927, 'learning_rate': 0.01864864588901642, 'max_depth': 6, 'min_child_weight': 10, 'subsample': 0.6832277467501977, 'colsample_bytree': 0.7361218732138668, 'reg_alpha': 0.33583590346696973, 'reg_lambda': 0.4011572668372855}. Best is trial 12 with value: 0.8045810600749794.
[I 2025-03-11 12:11:15,178] Trial 14 finished with value: 0.8033513210227712 and parameters: {'n_estimators': 659, 'learning_rate': 0.02867024546941355, 'max_depth': 10, 'min_child_weight': 7, 'subsample': 0.827635108200666, 'colsample_bytree': 0.5507244252886685, 'reg_alpha': 0.010503888784755182, 'reg_lambda': 0.048450403124888915}. Best is trial 12 with value: 0.8045810600749794.
[I 2025-03-11 12:11:19,295] Trial 15 finished with value: 0.7998321502370631 and parameters: {'n_estimators': 1363, 'learning_rate': 0.011180407797923423, 'max_depth': 5, 'min_child_weight': 2, 'subsample': 0.5872962605260074, 'colsample_bytree': 0.946920760525519, 'reg_alpha': 0.0018809058348297873, 'reg_lambda': 0.002400055453392412}. Best is trial 12 with value: 0.8045810600749794.
[I 2025-03-11 12:11:26,327] Trial 16 finished with value: 0.804827505836773 and parameters: {'n_estimators': 1284, 'learning_rate': 0.015028022948304388, 'max_depth': 9, 'min_child_weight': 8, 'subsample': 0.7936769418530042, 'colsample_bytree': 0.8226163811254698, 'reg_alpha': 0.027555051334096716, 'reg_lambda': 0.08747146777635185}. Best is trial 16 with value: 0.804827505836773.
[I 2025-03-11 12:11:34,613] Trial 17 finished with value: 0.8051352919767869 and parameters: {'n_estimators': 1486, 'learning_rate': 0.013980512850278093, 'max_depth': 9, 'min_child_weight': 7, 'subsample': 0.6460663384848783, 'colsample_bytree': 0.8658026917057168, 'reg_alpha': 0.005377251913339497, 'reg_lambda': 0.695954674240139}. Best is trial 17 with value: 0.8051352919767869.
[I 2025-03-11 12:11:40,935] Trial 18 finished with value: 0.8049784774583246 and parameters: {'n_estimators': 1326, 'learning_rate': 0.01526939457490138, 'max_depth': 8, 'min_child_weight': 7, 'subsample': 0.642387274125557, 'colsample_bytree': 0.9075489864692843, 'reg_alpha': 0.004150990532207003, 'reg_lambda': 0.8317394383525304}. Best is trial 17 with value: 0.8051352919767869.
[I 2025-03-11 12:11:45,440] Trial 19 finished with value: 0.7980737595258796 and parameters: {'n_estimators': 1825, 'learning_rate': 0.014533252085955812, 'max_depth': 4, 'min_child_weight': 4, 'subsample': 0.5107283204664581, 'colsample_bytree': 0.9164873578730943, 'reg_alpha': 0.0037784347472892264, 'reg_lambda': 0.7583296325168944}. Best is trial 17 with value: 0.8051352919767869.
[I 2025-03-11 12:11:56,446] Trial 20 finished with value: 0.7890415042853332 and parameters: {'n_estimators': 2974, 'learning_rate': 0.06988961828820607, 'max_depth': 7, 'min_child_weight': 6, 'subsample': 0.6519639870383298, 'colsample_bytree': 0.5406902703681589, 'reg_alpha': 0.004551888232948263, 'reg_lambda': 2.823181721317572}. Best is trial 17 with value: 0.8051352919767869.
[I 2025-03-11 12:12:04,161] Trial 21 finished with value: 0.8049201288039518 and parameters: {'n_estimators': 1362, 'learning_rate': 0.01479622856711766, 'max_depth': 9, 'min_child_weight': 7, 'subsample': 0.6080272128259239, 'colsample_bytree': 0.9979998610334786, 'reg_alpha': 0.004613575077082973, 'reg_lambda': 0.4277479154292243}. Best is trial 17 with value: 0.8051352919767869.
[I 2025-03-11 12:12:17,251] Trial 22 finished with value: 0.8042910435698999 and parameters: {'n_estimators': 2037, 'learning_rate': 0.014272418106289824, 'max_depth': 10, 'min_child_weight': 7, 'subsample': 0.5999493012212169, 'colsample_bytree': 0.9966775946811025, 'reg_alpha': 0.003929615572894995, 'reg_lambda': 0.6189723014639043}. Best is trial 17 with value: 0.8051352919767869.
[I 2025-03-11 12:12:23,344] Trial 23 finished with value: 0.8048727431107927 and parameters: {'n_estimators': 1265, 'learning_rate': 0.010811591330771994, 'max_depth': 8, 'min_child_weight': 8, 'subsample': 0.6399701961415204, 'colsample_bytree': 0.9028182108807408, 'reg_alpha': 0.0013905405354107947, 'reg_lambda': 2.1908810526263753}. Best is trial 17 with value: 0.8051352919767869.
[I 2025-03-11 12:12:32,773] Trial 24 finished with value: 0.8031970564971187 and parameters: {'n_estimators': 1552, 'learning_rate': 0.01802308616760762, 'max_depth': 10, 'min_child_weight': 6, 'subsample': 0.4887666454165389, 'colsample_bytree': 0.7655772264043745, 'reg_alpha': 0.00613172628885, 'reg_lambda': 0.3030020161253694}. Best is trial 17 with value: 0.8051352919767869.
[I 2025-03-11 12:12:42,373] Trial 25 finished with value: 0.7976148009774785 and parameters: {'n_estimators': 1995, 'learning_rate': 0.0360592846237411, 'max_depth': 8, 'min_child_weight': 7, 'subsample': 0.4219930871588317, 'colsample_bytree': 0.895609155975946, 'reg_alpha': 0.002816892712609548, 'reg_lambda': 9.707866240050125}. Best is trial 17 with value: 0.8051352919767869.
[I 2025-03-11 12:12:47,496] Trial 26 finished with value: 0.8032170147085593 and parameters: {'n_estimators': 1446, 'learning_rate': 0.013727203203745401, 'max_depth': 6, 'min_child_weight': 4, 'subsample': 0.5571848532126075, 'colsample_bytree': 0.999527923336935, 'reg_alpha': 0.0010860045029181908, 'reg_lambda': 0.9462008007469599}. Best is trial 17 with value: 0.8051352919767869.
[I 2025-03-11 12:12:52,274] Trial 27 finished with value: 0.798089039404055 and parameters: {'n_estimators': 1166, 'learning_rate': 0.021386965417919793, 'max_depth': 7, 'min_child_weight': 1, 'subsample': 0.3555288568985066, 'colsample_bytree': 0.6404204402461621, 'reg_alpha': 0.00732161392466139, 'reg_lambda': 1.816423806700476}. Best is trial 17 with value: 0.8051352919767869.
[I 2025-03-11 12:12:55,394] Trial 28 finished with value: 0.8059149071013525 and parameters: {'n_estimators': 503, 'learning_rate': 0.031977411734698584, 'max_depth': 9, 'min_child_weight': 5, 'subsample': 0.6539517334380108, 'colsample_bytree': 0.870189816996469, 'reg_alpha': 0.022877692120692263, 'reg_lambda': 5.017167844529803}. Best is trial 28 with value: 0.8059149071013525.
[I 2025-03-11 12:12:59,419] Trial 29 finished with value: 0.7850415092648467 and parameters: {'n_estimators': 477, 'learning_rate': 0.03012055655914024, 'max_depth': 11, 'min_child_weight': 5, 'subsample': 0.8935489033619637, 'colsample_bytree': 0.20023169486089104, 'reg_alpha': 0.24271334551599785, 'reg_lambda': 4.356401733907241}. Best is trial 28 with value: 0.8059149071013525.
[I 2025-03-11 12:13:01,273] Trial 30 finished with value: 0.7981570057478444 and parameters: {'n_estimators': 521, 'learning_rate': 0.057465823139779486, 'max_depth': 6, 'min_child_weight': 4, 'subsample': 0.7157408271282224, 'colsample_bytree': 0.7698997220913574, 'reg_alpha': 0.02592034538011257, 'reg_lambda': 1.1525919055686866}. Best is trial 28 with value: 0.8059149071013525.
[I 2025-03-11 12:13:10,628] Trial 31 finished with value: 0.8047378344360747 and parameters: {'n_estimators': 1652, 'learning_rate': 0.016970659766944726, 'max_depth': 9, 'min_child_weight': 6, 'subsample': 0.6239021251090682, 'colsample_bytree': 0.8673390873678886, 'reg_alpha': 0.016713456736494898, 'reg_lambda': 0.4247630717266188}. Best is trial 28 with value: 0.8059149071013525.
[I 2025-03-11 12:13:15,618] Trial 32 finished with value: 0.8007417748375624 and parameters: {'n_estimators': 1121, 'learning_rate': 0.01259449495149173, 'max_depth': 8, 'min_child_weight': 8, 'subsample': 0.2074184906541569, 'colsample_bytree': 0.9334411400875288, 'reg_alpha': 0.0025153206950804933, 'reg_lambda': 1.342575728693497}. Best is trial 28 with value: 0.8059149071013525.
[I 2025-03-11 12:13:25,847] Trial 33 finished with value: 0.805656233421282 and parameters: {'n_estimators': 1494, 'learning_rate': 0.010031962683516693, 'max_depth': 10, 'min_child_weight': 7, 'subsample': 0.6707839342344413, 'colsample_bytree': 0.795480562179617, 'reg_alpha': 0.00769038329076367, 'reg_lambda': 3.8237986234988717}. Best is trial 28 with value: 0.8059149071013525.
[I 2025-03-11 12:13:43,912] Trial 34 finished with value: 0.8062915631259153 and parameters: {'n_estimators': 2149, 'learning_rate': 0.010211216501734711, 'max_depth': 11, 'min_child_weight': 5, 'subsample': 0.6732731800936611, 'colsample_bytree': 0.7686006186274955, 'reg_alpha': 0.042540563130890226, 'reg_lambda': 5.172701247318117}. Best is trial 34 with value: 0.8062915631259153.
[I 2025-03-11 12:14:04,913] Trial 35 finished with value: 0.8050711205041869 and parameters: {'n_estimators': 2200, 'learning_rate': 0.011640857730762571, 'max_depth': 11, 'min_child_weight': 3, 'subsample': 0.6908819379357345, 'colsample_bytree': 0.7025729885450742, 'reg_alpha': 0.15490535248556317, 'reg_lambda': 3.9716050143130395}. Best is trial 34 with value: 0.8062915631259153.
[I 2025-03-11 12:14:27,632] Trial 36 finished with value: 0.8076588411603858 and parameters: {'n_estimators': 1905, 'learning_rate': 0.010094113950869312, 'max_depth': 13, 'min_child_weight': 5, 'subsample': 0.7640007999497842, 'colsample_bytree': 0.7876075167805962, 'reg_alpha': 0.03683518824722422, 'reg_lambda': 4.673944643362128}. Best is trial 36 with value: 0.8076588411603858.
[I 2025-03-11 12:15:00,856] Trial 37 finished with value: 0.8056379417405752 and parameters: {'n_estimators': 2414, 'learning_rate': 0.010085315466200026, 'max_depth': 13, 'min_child_weight': 3, 'subsample': 0.7338743862208694, 'colsample_bytree': 0.7807937231650908, 'reg_alpha': 0.05129408324614615, 'reg_lambda': 5.510781351355879}. Best is trial 36 with value: 0.8076588411603858.
[I 2025-03-11 12:15:13,149] Trial 38 finished with value: 0.7940398516088909 and parameters: {'n_estimators': 1906, 'learning_rate': 0.15343583194815427, 'max_depth': 14, 'min_child_weight': 5, 'subsample': 0.8756986181274419, 'colsample_bytree': 0.6834375185038656, 'reg_alpha': 0.1394553423313354, 'reg_lambda': 5.5790391708188585}. Best is trial 36 with value: 0.8076588411603858.
[I 2025-03-11 12:15:35,365] Trial 39 finished with value: 0.8054347454631311 and parameters: {'n_estimators': 2142, 'learning_rate': 0.019952943147468608, 'max_depth': 12, 'min_child_weight': 3, 'subsample': 0.9623502184153084, 'colsample_bytree': 0.6370621701589961, 'reg_alpha': 0.03281220451571357, 'reg_lambda': 2.702956100776415}. Best is trial 36 with value: 0.8076588411603858.
[I 2025-03-11 12:15:52,351] Trial 40 finished with value: 0.7965154127388244 and parameters: {'n_estimators': 2339, 'learning_rate': 0.10293888383775693, 'max_depth': 14, 'min_child_weight': 5, 'subsample': 0.7705214358850043, 'colsample_bytree': 0.7256401011255047, 'reg_alpha': 0.5233681728223238, 'reg_lambda': 9.504679050339211}. Best is trial 36 with value: 0.8076588411603858.
[I 2025-03-11 12:16:28,679] Trial 41 finished with value: 0.8067875266880842 and parameters: {'n_estimators': 2526, 'learning_rate': 0.010178080209730246, 'max_depth': 13, 'min_child_weight': 3, 'subsample': 0.7398196039885807, 'colsample_bytree': 0.7811263207142176, 'reg_alpha': 0.050080618057572274, 'reg_lambda': 5.664606012275558}. Best is trial 36 with value: 0.8076588411603858.
[I 2025-03-11 12:17:00,847] Trial 42 finished with value: 0.8062969040557375 and parameters: {'n_estimators': 2499, 'learning_rate': 0.010223416253859486, 'max_depth': 13, 'min_child_weight': 4, 'subsample': 0.8204846380286186, 'colsample_bytree': 0.797376930898408, 'reg_alpha': 0.08325001826895236, 'reg_lambda': 6.029022261375441}. Best is trial 36 with value: 0.8076588411603858.
[I 2025-03-11 12:17:31,947] Trial 43 finished with value: 0.8054002703634897 and parameters: {'n_estimators': 2566, 'learning_rate': 0.012634954586108034, 'max_depth': 13, 'min_child_weight': 4, 'subsample': 0.812265772556093, 'colsample_bytree': 0.7427386186170876, 'reg_alpha': 0.10534738190569194, 'reg_lambda': 7.249615194175449}. Best is trial 36 with value: 0.8076588411603858.
[I 2025-03-11 12:18:02,879] Trial 44 finished with value: 0.8055395160338529 and parameters: {'n_estimators': 2760, 'learning_rate': 0.011818834439767953, 'max_depth': 12, 'min_child_weight': 3, 'subsample': 0.8596750411819523, 'colsample_bytree': 0.8454919526282156, 'reg_alpha': 0.07116905617901635, 'reg_lambda': 1.6382138864354179}. Best is trial 36 with value: 0.8076588411603858.
[I 2025-03-11 12:18:37,656] Trial 45 finished with value: 0.8056531413040167 and parameters: {'n_estimators': 2429, 'learning_rate': 0.01691481552307559, 'max_depth': 13, 'min_child_weight': 2, 'subsample': 0.9233961295088509, 'colsample_bytree': 0.8150031041487236, 'reg_alpha': 0.04058258323760235, 'reg_lambda': 3.2304381916766434}. Best is trial 36 with value: 0.8076588411603858.
[I 2025-03-11 12:19:05,574] Trial 46 finished with value: 0.8024391665081454 and parameters: {'n_estimators': 2751, 'learning_rate': 0.024427368572093263, 'max_depth': 14, 'min_child_weight': 4, 'subsample': 0.7616178482068354, 'colsample_bytree': 0.48872855647899677, 'reg_alpha': 0.018568026988424795, 'reg_lambda': 6.628684019642184}. Best is trial 36 with value: 0.8076588411603858.
[I 2025-03-11 12:19:20,871] Trial 47 finished with value: 0.80083971865588 and parameters: {'n_estimators': 2222, 'learning_rate': 0.04626804346524933, 'max_depth': 11, 'min_child_weight': 5, 'subsample': 0.8210073777543435, 'colsample_bytree': 0.6484460108040448, 'reg_alpha': 0.057141060783621266, 'reg_lambda': 5.531239113274173}. Best is trial 36 with value: 0.8076588411603858.
[I 2025-03-11 12:19:52,405] Trial 48 finished with value: 0.803282330666121 and parameters: {'n_estimators': 2505, 'learning_rate': 0.03388296246054866, 'max_depth': 15, 'min_child_weight': 2, 'subsample': 0.7368003173499507, 'colsample_bytree': 0.8752764822720953, 'reg_alpha': 0.10373995183517373, 'reg_lambda': 4.306362922101945}. Best is trial 36 with value: 0.8076588411603858.
[I 2025-03-11 12:20:06,153] Trial 49 finished with value: 0.7785856101456142 and parameters: {'n_estimators': 2985, 'learning_rate': 0.22543059333724735, 'max_depth': 13, 'min_child_weight': 5, 'subsample': 0.7058738850164658, 'colsample_bytree': 0.583605793288859, 'reg_alpha': 0.374952109603028, 'reg_lambda': 0.006307102486706046}. Best is trial 36 with value: 0.8076588411603858.
[I 2025-03-11 12:20:27,486] Trial 50 finished with value: 0.8054171163789812 and parameters: {'n_estimators': 2050, 'learning_rate': 0.022129847308622757, 'max_depth': 12, 'min_child_weight': 3, 'subsample': 0.7842134538333781, 'colsample_bytree': 0.7932409770736323, 'reg_alpha': 0.0136206506938397, 'reg_lambda': 2.028494406159145}. Best is trial 36 with value: 0.8076588411603858.
[I 2025-03-11 12:20:42,757] Trial 51 finished with value: 0.8068771378527317 and parameters: {'n_estimators': 1829, 'learning_rate': 0.010735379992307807, 'max_depth': 11, 'min_child_weight': 6, 'subsample': 0.6638823795373452, 'colsample_bytree': 0.8050889695149446, 'reg_alpha': 0.009690107162816599, 'reg_lambda': 3.8587511021042107}. Best is trial 36 with value: 0.8076588411603858.
[I 2025-03-11 12:21:03,528] Trial 52 finished with value: 0.8053276056077514 and parameters: {'n_estimators': 1827, 'learning_rate': 0.012695849846000402, 'max_depth': 14, 'min_child_weight': 6, 'subsample': 0.5658363780848845, 'colsample_bytree': 0.7544615445295142, 'reg_alpha': 0.03623747288319579, 'reg_lambda': 9.904627249975633}. Best is trial 36 with value: 0.8076588411603858.
[I 2025-03-11 12:21:25,602] Trial 53 finished with value: 0.805718035609224 and parameters: {'n_estimators': 2310, 'learning_rate': 0.011084139332380205, 'max_depth': 12, 'min_child_weight': 5, 'subsample': 0.6801178566735694, 'colsample_bytree': 0.7102959675296298, 'reg_alpha': 0.011162265464467766, 'reg_lambda': 2.907049766793192}. Best is trial 36 with value: 0.8076588411603858.
[I 2025-03-11 12:21:44,131] Trial 54 finished with value: 0.8062072326550392 and parameters: {'n_estimators': 2096, 'learning_rate': 0.010106529901240273, 'max_depth': 11, 'min_child_weight': 6, 'subsample': 0.7351378804033307, 'colsample_bytree': 0.8349433253676208, 'reg_alpha': 0.020839130087662975, 'reg_lambda': 6.398845659244308}. Best is trial 36 with value: 0.8076588411603858.
[I 2025-03-11 12:22:00,598] Trial 55 finished with value: 0.8071738807167977 and parameters: {'n_estimators': 1936, 'learning_rate': 0.010145230321296302, 'max_depth': 11, 'min_child_weight': 6, 'subsample': 0.7353359447663665, 'colsample_bytree': 0.8228240830151944, 'reg_alpha': 0.04516890509660189, 'reg_lambda': 7.163247809341565}. Best is trial 36 with value: 0.8076588411603858.
