[I 2025-03-11 15:59:37,797] Trial 788 finished with value: 0.8066526380920496 and parameters: {'n_estimators': 1919, 'learning_rate': 0.010548431166057097, 'max_depth': 11, 'min_child_weight': 5, 'subsample': 0.9347421827328487, 'colsample_bytree': 0.7929107071575179, 'reg_alpha': 0.007548758988860207, 'reg_lambda': 6.113492337339685}. Best is trial 285 with value: 0.808281942946742.
[I 2025-03-11 15:59:57,287] Trial 789 finished with value: 0.8059555262781579 and parameters: {'n_estimators': 1810, 'learning_rate': 0.013565649079416982, 'max_depth': 12, 'min_child_weight': 4, 'subsample': 0.8604593941666772, 'colsample_bytree': 0.8538868153300034, 'reg_alpha': 0.005877394705583304, 'reg_lambda': 3.1870103003503027}. Best is trial 285 with value: 0.808281942946742.
[I 2025-03-11 16:00:13,197] Trial 790 finished with value: 0.8063108988981662 and parameters: {'n_estimators': 2053, 'learning_rate': 0.012384078232549002, 'max_depth': 11, 'min_child_weight': 7, 'subsample': 0.9022324902054061, 'colsample_bytree': 0.8138580546249516, 'reg_alpha': 0.2733264336250727, 'reg_lambda': 4.660704931640188}. Best is trial 285 with value: 0.808281942946742.
[I 2025-03-11 16:00:31,798] Trial 791 finished with value: 0.8074858633016722 and parameters: {'n_estimators': 1860, 'learning_rate': 0.010648189832987561, 'max_depth': 12, 'min_child_weight': 6, 'subsample': 0.7645467565855216, 'colsample_bytree': 0.7560347710491604, 'reg_alpha': 0.008261094531151968, 'reg_lambda': 7.271188225395898}. Best is trial 285 with value: 0.808281942946742.
[I 2025-03-11 16:00:49,541] Trial 792 finished with value: 0.8067894943990713 and parameters: {'n_estimators': 1974, 'learning_rate': 0.011307442563064384, 'max_depth': 11, 'min_child_weight': 5, 'subsample': 0.8901532221503711, 'colsample_bytree': 0.7830605361058204, 'reg_alpha': 0.071458004163905, 'reg_lambda': 9.84389522741182}. Best is trial 285 with value: 0.808281942946742.
[I 2025-03-11 16:01:11,647] Trial 793 finished with value: 0.8063768975309684 and parameters: {'n_estimators': 2112, 'learning_rate': 0.01007370285748263, 'max_depth': 14, 'min_child_weight': 10, 'subsample': 0.869061910831651, 'colsample_bytree': 0.8840064845214775, 'reg_alpha': 0.12203437622467357, 'reg_lambda': 5.6780569879896365}. Best is trial 285 with value: 0.808281942946742.
[I 2025-03-11 16:01:33,601] Trial 794 finished with value: 0.8061628186070445 and parameters: {'n_estimators': 1903, 'learning_rate': 0.011826210780262598, 'max_depth': 12, 'min_child_weight': 4, 'subsample': 0.9669773468529662, 'colsample_bytree': 0.798876910762191, 'reg_alpha': 0.18169947173222156, 'reg_lambda': 8.275179450757024}. Best is trial 285 with value: 0.808281942946742.
[I 2025-03-11 16:01:48,680] Trial 795 finished with value: 0.8066625971190864 and parameters: {'n_estimators': 2014, 'learning_rate': 0.012859033533397946, 'max_depth': 11, 'min_child_weight': 8, 'subsample': 0.855012827308521, 'colsample_bytree': 0.8688148648874434, 'reg_alpha': 0.020922859654885915, 'reg_lambda': 2.2105771519412882}. Best is trial 285 with value: 0.808281942946742.
[I 2025-03-11 16:02:09,964] Trial 796 finished with value: 0.8067741944422123 and parameters: {'n_estimators': 1823, 'learning_rate': 0.01004891426248431, 'max_depth': 13, 'min_child_weight': 6, 'subsample': 0.913545925002294, 'colsample_bytree': 0.7686246131482835, 'reg_alpha': 0.007482236446577331, 'reg_lambda': 6.321765825248663}. Best is trial 285 with value: 0.808281942946742.
[I 2025-03-11 16:02:26,576] Trial 797 finished with value: 0.8064894385522208 and parameters: {'n_estimators': 1930, 'learning_rate': 0.010004774002188653, 'max_depth': 11, 'min_child_weight': 5, 'subsample': 0.8869679100844959, 'colsample_bytree': 0.7477068617444209, 'reg_alpha': 0.003143794722705053, 'reg_lambda': 5.215500764141768}. Best is trial 285 with value: 0.808281942946742.
[I 2025-03-11 16:02:39,725] Trial 798 finished with value: 0.8039927546472012 and parameters: {'n_estimators': 1780, 'learning_rate': 0.032587451962763234, 'max_depth': 12, 'min_child_weight': 9, 'subsample': 0.8696142411694799, 'colsample_bytree': 0.8344840227913379, 'reg_alpha': 0.02811861876861224, 'reg_lambda': 3.958354279576219}. Best is trial 285 with value: 0.808281942946742.
[I 2025-03-11 16:02:58,499] Trial 799 finished with value: 0.8057897165094686 and parameters: {'n_estimators': 2067, 'learning_rate': 0.01117098301200869, 'max_depth': 11, 'min_child_weight': 5, 'subsample': 0.7863435255690089, 'colsample_bytree': 0.9078891719768514, 'reg_alpha': 0.008758682852609513, 'reg_lambda': 7.335578310888417}. Best is trial 285 with value: 0.808281942946742.
[I 2025-03-11 16:03:19,307] Trial 800 finished with value: 0.8075528257112843 and parameters: {'n_estimators': 1970, 'learning_rate': 0.010764626096644763, 'max_depth': 13, 'min_child_weight': 7, 'subsample': 0.8476638127338535, 'colsample_bytree': 0.8165338040356153, 'reg_alpha': 0.006713121962412494, 'reg_lambda': 8.312272507963735}. Best is trial 285 with value: 0.808281942946742.
[I 2025-03-11 16:03:37,144] Trial 801 finished with value: 0.8077601782762218 and parameters: {'n_estimators': 1954, 'learning_rate': 0.010830326336545496, 'max_depth': 12, 'min_child_weight': 7, 'subsample': 0.8826363608565507, 'colsample_bytree': 0.8195823196590246, 'reg_alpha': 0.0072781842673731115, 'reg_lambda': 4.7143212905827445}. Best is trial 285 with value: 0.808281942946742.
[I 2025-03-11 16:03:55,018] Trial 802 finished with value: 0.8059593412280307 and parameters: {'n_estimators': 1960, 'learning_rate': 0.01101100239190058, 'max_depth': 12, 'min_child_weight': 7, 'subsample': 0.9053474276440217, 'colsample_bytree': 0.8404738794849544, 'reg_alpha': 0.00515224575186574, 'reg_lambda': 3.282454409009545}. Best is trial 285 with value: 0.808281942946742.
[I 2025-03-11 16:04:12,710] Trial 803 finished with value: 0.807145509536953 and parameters: {'n_estimators': 1871, 'learning_rate': 0.010002809103176278, 'max_depth': 12, 'min_child_weight': 7, 'subsample': 0.8940149797345087, 'colsample_bytree': 0.8240349948907643, 'reg_alpha': 0.006891199292391246, 'reg_lambda': 4.056563992037298}. Best is trial 285 with value: 0.808281942946742.
[I 2025-03-11 16:04:30,347] Trial 804 finished with value: 0.8074440193251707 and parameters: {'n_estimators': 1925, 'learning_rate': 0.010982360950894212, 'max_depth': 12, 'min_child_weight': 7, 'subsample': 0.9240173332112831, 'colsample_bytree': 0.8176942938897171, 'reg_alpha': 0.005326812266571158, 'reg_lambda': 4.604265425367925}. Best is trial 285 with value: 0.808281942946742.
[I 2025-03-11 16:04:50,302] Trial 805 finished with value: 0.8066798647869325 and parameters: {'n_estimators': 1970, 'learning_rate': 0.011576179074216358, 'max_depth': 13, 'min_child_weight': 7, 'subsample': 0.8778826189203409, 'colsample_bytree': 0.811900098812058, 'reg_alpha': 0.0060118999680453394, 'reg_lambda': 2.7232977004166887}. Best is trial 285 with value: 0.808281942946742.
[I 2025-03-11 16:05:07,897] Trial 806 finished with value: 0.8076078011468222 and parameters: {'n_estimators': 1880, 'learning_rate': 0.01001441740048139, 'max_depth': 12, 'min_child_weight': 7, 'subsample': 0.8825396399585019, 'colsample_bytree': 0.8318656751944272, 'reg_alpha': 0.006363833981879977, 'reg_lambda': 3.7517606719030194}. Best is trial 285 with value: 0.808281942946742.
[I 2025-03-11 16:05:25,572] Trial 807 finished with value: 0.8061042892445198 and parameters: {'n_estimators': 1868, 'learning_rate': 0.010564498026961067, 'max_depth': 12, 'min_child_weight': 7, 'subsample': 0.9056955863787388, 'colsample_bytree': 0.8389557799447224, 'reg_alpha': 0.00570764971879418, 'reg_lambda': 3.718090959528487}. Best is trial 285 with value: 0.808281942946742.
[I 2025-03-11 16:05:45,284] Trial 808 finished with value: 0.8071183029207537 and parameters: {'n_estimators': 1857, 'learning_rate': 0.010022845890571869, 'max_depth': 13, 'min_child_weight': 7, 'subsample': 0.8902574038420845, 'colsample_bytree': 0.8293442029542424, 'reg_alpha': 0.004647616737631106, 'reg_lambda': 3.4000640811526455}. Best is trial 285 with value: 0.808281942946742.
[I 2025-03-11 16:06:02,190] Trial 809 finished with value: 0.8072321892138036 and parameters: {'n_estimators': 1802, 'learning_rate': 0.010006740420518913, 'max_depth': 12, 'min_child_weight': 7, 'subsample': 0.8988285123087146, 'colsample_bytree': 0.8511898024897682, 'reg_alpha': 0.006637014307063997, 'reg_lambda': 2.861113452679431}. Best is trial 285 with value: 0.808281942946742.
[I 2025-03-11 16:06:19,777] Trial 810 finished with value: 0.8072206038133998 and parameters: {'n_estimators': 1889, 'learning_rate': 0.010597702029364529, 'max_depth': 12, 'min_child_weight': 7, 'subsample': 0.9214506415851709, 'colsample_bytree': 0.8535327117428507, 'reg_alpha': 0.0047026392487969455, 'reg_lambda': 3.059048645893728}. Best is trial 285 with value: 0.808281942946742.
[I 2025-03-11 16:06:36,746] Trial 811 finished with value: 0.8072177526403368 and parameters: {'n_estimators': 1799, 'learning_rate': 0.010008089876635083, 'max_depth': 12, 'min_child_weight': 7, 'subsample': 0.8848862656338848, 'colsample_bytree': 0.8261770062814885, 'reg_alpha': 0.006693234015072908, 'reg_lambda': 3.704071589979872}. Best is trial 285 with value: 0.808281942946742.
[I 2025-03-11 16:06:54,318] Trial 812 finished with value: 0.8060666417128787 and parameters: {'n_estimators': 1918, 'learning_rate': 0.010770242948193764, 'max_depth': 12, 'min_child_weight': 7, 'subsample': 0.9446891207733586, 'colsample_bytree': 0.8377455653306014, 'reg_alpha': 0.006068160170670183, 'reg_lambda': 2.378390304609011}. Best is trial 285 with value: 0.808281942946742.
[I 2025-03-11 16:07:13,728] Trial 813 finished with value: 0.8072038180339588 and parameters: {'n_estimators': 1838, 'learning_rate': 0.010719205340023364, 'max_depth': 13, 'min_child_weight': 7, 'subsample': 0.9131799944623438, 'colsample_bytree': 0.817721311720372, 'reg_alpha': 0.006982612202514962, 'reg_lambda': 3.9033103428622504}. Best is trial 285 with value: 0.808281942946742.
[I 2025-03-11 16:07:33,631] Trial 814 finished with value: 0.8074656440673453 and parameters: {'n_estimators': 1905, 'learning_rate': 0.01108473400722689, 'max_depth': 13, 'min_child_weight': 7, 'subsample': 0.8835154932331288, 'colsample_bytree': 0.8406423992206589, 'reg_alpha': 0.005647169191325118, 'reg_lambda': 4.615908334588019}. Best is trial 285 with value: 0.808281942946742.
[I 2025-03-11 16:07:51,604] Trial 815 finished with value: 0.8063457755714785 and parameters: {'n_estimators': 1951, 'learning_rate': 0.010680341581064616, 'max_depth': 12, 'min_child_weight': 7, 'subsample': 0.907358719402044, 'colsample_bytree': 0.8700970917584574, 'reg_alpha': 0.007459997614534141, 'reg_lambda': 1.9303666086888847}. Best is trial 285 with value: 0.808281942946742.
[I 2025-03-11 16:08:07,876] Trial 816 finished with value: 0.8065863382789942 and parameters: {'n_estimators': 1760, 'learning_rate': 0.011130854805011914, 'max_depth': 12, 'min_child_weight': 7, 'subsample': 0.8755690830498261, 'colsample_bytree': 0.8137586612815505, 'reg_alpha': 0.004200567462306463, 'reg_lambda': 4.494014837520979}. Best is trial 285 with value: 0.808281942946742.
[I 2025-03-11 16:08:25,246] Trial 817 finished with value: 0.8069508667786978 and parameters: {'n_estimators': 1839, 'learning_rate': 0.01001653755884748, 'max_depth': 12, 'min_child_weight': 7, 'subsample': 0.8908911364957924, 'colsample_bytree': 0.8590108536188957, 'reg_alpha': 0.006104377402410772, 'reg_lambda': 3.049998487707215}. Best is trial 285 with value: 0.808281942946742.
[I 2025-03-11 16:08:42,753] Trial 818 finished with value: 0.8055844922849867 and parameters: {'n_estimators': 1909, 'learning_rate': 0.010012766192239925, 'max_depth': 13, 'min_child_weight': 7, 'subsample': 0.5111715525266924, 'colsample_bytree': 0.8071369055388332, 'reg_alpha': 0.0073700972053550645, 'reg_lambda': 4.5191600343387455}. Best is trial 285 with value: 0.808281942946742.
[I 2025-03-11 16:09:00,596] Trial 819 finished with value: 0.8060181316134415 and parameters: {'n_estimators': 1965, 'learning_rate': 0.011447867326102897, 'max_depth': 12, 'min_child_weight': 7, 'subsample': 0.934237335592787, 'colsample_bytree': 0.8286932259219956, 'reg_alpha': 0.004987309397320759, 'reg_lambda': 3.5366521174934915}. Best is trial 285 with value: 0.808281942946742.
[I 2025-03-11 16:09:16,332] Trial 820 finished with value: 0.8070674235366586 and parameters: {'n_estimators': 1764, 'learning_rate': 0.010677715059529524, 'max_depth': 12, 'min_child_weight': 7, 'subsample': 0.8785695810073147, 'colsample_bytree': 0.8444826753514818, 'reg_alpha': 0.005483432093605004, 'reg_lambda': 0.014178767630912747}. Best is trial 285 with value: 0.808281942946742.
[I 2025-03-11 16:09:30,119] Trial 821 finished with value: 0.7998892740917397 and parameters: {'n_estimators': 1836, 'learning_rate': 0.011629899852605848, 'max_depth': 13, 'min_child_weight': 7, 'subsample': 0.286863041225476, 'colsample_bytree': 0.8088113193774487, 'reg_alpha': 0.006649461721743013, 'reg_lambda': 5.167529526513913}. Best is trial 285 with value: 0.808281942946742.
[I 2025-03-11 16:09:47,549] Trial 822 finished with value: 0.807430727236666 and parameters: {'n_estimators': 1878, 'learning_rate': 0.010682666586969248, 'max_depth': 12, 'min_child_weight': 7, 'subsample': 0.8638887274894251, 'colsample_bytree': 0.8233577316588319, 'reg_alpha': 0.008389033386075159, 'reg_lambda': 4.361906301795725}. Best is trial 285 with value: 0.808281942946742.
[I 2025-03-11 16:10:01,284] Trial 823 finished with value: 0.79881468302726 and parameters: {'n_estimators': 1973, 'learning_rate': 0.06392715580925917, 'max_depth': 13, 'min_child_weight': 7, 'subsample': 0.9118502019300306, 'colsample_bytree': 0.802207048046435, 'reg_alpha': 0.007345019256128593, 'reg_lambda': 3.503114629487772}. Best is trial 285 with value: 0.808281942946742.
[I 2025-03-11 16:10:19,058] Trial 824 finished with value: 0.8069526738602165 and parameters: {'n_estimators': 1931, 'learning_rate': 0.010011481599131084, 'max_depth': 12, 'min_child_weight': 7, 'subsample': 0.868279076258386, 'colsample_bytree': 0.8571264690258681, 'reg_alpha': 0.005716747164586182, 'reg_lambda': 2.7841822640672236}. Best is trial 285 with value: 0.808281942946742.
[I 2025-03-11 16:10:35,289] Trial 825 finished with value: 0.8074625117927128 and parameters: {'n_estimators': 1720, 'learning_rate': 0.011278745201278128, 'max_depth': 12, 'min_child_weight': 7, 'subsample': 0.8994303571193317, 'colsample_bytree': 0.8240699541542638, 'reg_alpha': 0.007403515362719092, 'reg_lambda': 5.265197184221127}. Best is trial 285 with value: 0.808281942946742.
[I 2025-03-11 16:10:49,480] Trial 826 finished with value: 0.8066454700020251 and parameters: {'n_estimators': 1798, 'learning_rate': 0.010736878545259693, 'max_depth': 11, 'min_child_weight': 7, 'subsample': 0.951335572594236, 'colsample_bytree': 0.7998620145343933, 'reg_alpha': 0.008513497654407185, 'reg_lambda': 4.13500498364444}. Best is trial 285 with value: 0.808281942946742.
[I 2025-03-11 16:11:12,641] Trial 827 finished with value: 0.8072854579612403 and parameters: {'n_estimators': 2004, 'learning_rate': 0.01183332367618487, 'max_depth': 14, 'min_child_weight': 7, 'subsample': 0.9261230903625906, 'colsample_bytree': 0.8356904151058052, 'reg_alpha': 0.0046107232301043685, 'reg_lambda': 5.286506512862215}. Best is trial 285 with value: 0.808281942946742.
[I 2025-03-11 16:11:27,700] Trial 828 finished with value: 0.8062647781620704 and parameters: {'n_estimators': 1882, 'learning_rate': 0.010575870717819584, 'max_depth': 11, 'min_child_weight': 7, 'subsample': 0.8759109042905627, 'colsample_bytree': 0.8695040284613483, 'reg_alpha': 0.0064993886745196286, 'reg_lambda': 2.4505465017560537}. Best is trial 285 with value: 0.808281942946742.
[I 2025-03-11 16:11:43,103] Trial 829 finished with value: 0.8070003607336285 and parameters: {'n_estimators': 1358, 'learning_rate': 0.010004327665091824, 'max_depth': 13, 'min_child_weight': 7, 'subsample': 0.8897979841856897, 'colsample_bytree': 0.7961304852347248, 'reg_alpha': 0.008308023237417321, 'reg_lambda': 4.935387655915391}. Best is trial 285 with value: 0.808281942946742.
[I 2025-03-11 16:11:58,490] Trial 830 finished with value: 0.8062098428838997 and parameters: {'n_estimators': 1981, 'learning_rate': 0.01137569175482975, 'max_depth': 11, 'min_child_weight': 7, 'subsample': 0.8637522504432602, 'colsample_bytree': 0.8162616870088435, 'reg_alpha': 0.006032537132707667, 'reg_lambda': 3.781883061245281}. Best is trial 285 with value: 0.808281942946742.
[I 2025-03-11 16:12:23,305] Trial 831 finished with value: 0.8069410081450785 and parameters: {'n_estimators': 1831, 'learning_rate': 0.012038234629418682, 'max_depth': 15, 'min_child_weight': 7, 'subsample': 0.9038635179983378, 'colsample_bytree': 0.8470210526310645, 'reg_alpha': 1.2443980123132348, 'reg_lambda': 5.776057603318021}. Best is trial 285 with value: 0.808281942946742.
[I 2025-03-11 16:12:41,763] Trial 832 finished with value: 0.8061679185926642 and parameters: {'n_estimators': 1912, 'learning_rate': 0.01060705015763075, 'max_depth': 12, 'min_child_weight': 7, 'subsample': 0.978251793047149, 'colsample_bytree': 0.8862569897804848, 'reg_alpha': 0.4684130880911798, 'reg_lambda': 4.4196396438147065}. Best is trial 285 with value: 0.808281942946742.
[I 2025-03-11 16:12:56,243] Trial 833 finished with value: 0.8040638934229903 and parameters: {'n_estimators': 1729, 'learning_rate': 0.022982750538327743, 'max_depth': 12, 'min_child_weight': 7, 'subsample': 0.8574497698298292, 'colsample_bytree': 0.7963821010588572, 'reg_alpha': 0.00765284630616401, 'reg_lambda': 3.2179853594225754}. Best is trial 285 with value: 0.808281942946742.
[I 2025-03-11 16:13:17,188] Trial 834 finished with value: 0.8068161990481819 and parameters: {'n_estimators': 2018, 'learning_rate': 0.011159106644362102, 'max_depth': 13, 'min_child_weight': 7, 'subsample': 0.9314152680702661, 'colsample_bytree': 0.8096972201746183, 'reg_alpha': 0.009129770251472664, 'reg_lambda': 5.784232444506293}. Best is trial 285 with value: 0.808281942946742.
[I 2025-03-11 16:13:32,932] Trial 835 finished with value: 0.8071603476840905 and parameters: {'n_estimators': 1858, 'learning_rate': 0.01064909057727707, 'max_depth': 11, 'min_child_weight': 7, 'subsample': 0.8851025581248545, 'colsample_bytree': 0.828058180105102, 'reg_alpha': 0.9284897963582693, 'reg_lambda': 4.674115413588602}. Best is trial 285 with value: 0.808281942946742.
[I 2025-03-11 16:13:46,913] Trial 836 finished with value: 0.8045921033509273 and parameters: {'n_estimators': 1922, 'learning_rate': 0.02744016899092422, 'max_depth': 11, 'min_child_weight': 7, 'subsample': 0.872256470519446, 'colsample_bytree': 0.7894333578564823, 'reg_alpha': 0.09930373251727978, 'reg_lambda': 6.131640551441313}. Best is trial 285 with value: 0.808281942946742.
[I 2025-03-11 16:14:03,830] Trial 837 finished with value: 0.8068384863869136 and parameters: {'n_estimators': 1773, 'learning_rate': 0.010017195869727923, 'max_depth': 12, 'min_child_weight': 7, 'subsample': 0.9183793355874214, 'colsample_bytree': 0.8151513149166691, 'reg_alpha': 0.08154059492102007, 'reg_lambda': 3.7362211874760445}. Best is trial 285 with value: 0.808281942946742.
[I 2025-03-11 16:14:10,889] Trial 838 finished with value: 0.8053000576539318 and parameters: {'n_estimators': 769, 'learning_rate': 0.012067080332535637, 'max_depth': 11, 'min_child_weight': 7, 'subsample': 0.8526002844175794, 'colsample_bytree': 0.8466768386826253, 'reg_alpha': 0.007446638253508605, 'reg_lambda': 5.370985212476023}. Best is trial 285 with value: 0.808281942946742.
[I 2025-03-11 16:14:31,031] Trial 839 finished with value: 0.8026541288941452 and parameters: {'n_estimators': 1980, 'learning_rate': 0.056339257129435286, 'max_depth': 13, 'min_child_weight': 3, 'subsample': 0.9496000018357359, 'colsample_bytree': 0.7893575924484567, 'reg_alpha': 0.5523863541604211, 'reg_lambda': 6.539264537854304}. Best is trial 285 with value: 0.808281942946742.
[I 2025-03-11 16:14:57,470] Trial 840 finished with value: 0.8062608226614125 and parameters: {'n_estimators': 1867, 'learning_rate': 0.011468094840334104, 'max_depth': 12, 'min_child_weight': 2, 'subsample': 0.9012792281845325, 'colsample_bytree': 0.8392663914246401, 'reg_alpha': 0.004996841221567892, 'reg_lambda': 2.9489327051998986}. Best is trial 285 with value: 0.808281942946742.
[I 2025-03-11 16:15:11,183] Trial 841 finished with value: 0.8049437614144807 and parameters: {'n_estimators': 1795, 'learning_rate': 0.010642346545085736, 'max_depth': 11, 'min_child_weight': 7, 'subsample': 0.8612696387329345, 'colsample_bytree': 0.4438314200447554, 'reg_alpha': 0.008901789022187332, 'reg_lambda': 4.151080528068099}. Best is trial 285 with value: 0.808281942946742.
[I 2025-03-11 16:15:43,210] Trial 842 finished with value: 0.8056299504245256 and parameters: {'n_estimators': 1947, 'learning_rate': 0.011197396160403886, 'max_depth': 12, 'min_child_weight': 1, 'subsample': 0.8450437881177726, 'colsample_bytree': 0.54541148596052, 'reg_alpha': 0.006887141483815635, 'reg_lambda': 4.896065919742615}. Best is trial 285 with value: 0.808281942946742.
[I 2025-03-11 16:15:56,948] Trial 843 finished with value: 0.8062819253578152 and parameters: {'n_estimators': 1689, 'learning_rate': 0.012330474404938051, 'max_depth': 11, 'min_child_weight': 7, 'subsample': 0.8822039160051062, 'colsample_bytree': 0.8627718245038006, 'reg_alpha': 0.14362801139242698, 'reg_lambda': 6.333215232609303}. Best is trial 285 with value: 0.808281942946742.
