[I 2025-03-11 12:48:03,571] Trial 113 finished with value: 0.7880490751939069 and parameters: {'n_estimators': 2597, 'learning_rate': 0.1770804625911892, 'max_depth': 13, 'min_child_weight': 7, 'subsample': 0.8032119556116715, 'colsample_bytree': 0.7198344110949317, 'reg_alpha': 0.0017257453509775878, 'reg_lambda': 8.478317199817273}. Best is trial 36 with value: 0.8076588411603858.
[I 2025-03-11 12:48:30,430] Trial 114 finished with value: 0.8054377371869789 and parameters: {'n_estimators': 2531, 'learning_rate': 0.011544962809974548, 'max_depth': 14, 'min_child_weight': 6, 'subsample': 0.7579369501679051, 'colsample_bytree': 0.7695846771134262, 'reg_alpha': 0.0022526599704635907, 'reg_lambda': 1.4469670939580879}. Best is trial 36 with value: 0.8076588411603858.
[I 2025-03-11 12:48:55,919] Trial 115 finished with value: 0.8060460008261977 and parameters: {'n_estimators': 2359, 'learning_rate': 0.014007125585783127, 'max_depth': 13, 'min_child_weight': 5, 'subsample': 0.8579229175097449, 'colsample_bytree': 0.6042926840477045, 'reg_alpha': 0.0013897097542288008, 'reg_lambda': 9.956661321672598}. Best is trial 36 with value: 0.8076588411603858.
[I 2025-03-11 12:49:16,570] Trial 116 finished with value: 0.8050033549472332 and parameters: {'n_estimators': 2194, 'learning_rate': 0.012746559037507094, 'max_depth': 13, 'min_child_weight': 6, 'subsample': 0.7798208638558374, 'colsample_bytree': 0.7439150481492892, 'reg_alpha': 0.003148873606616837, 'reg_lambda': 0.13169378191295839}. Best is trial 36 with value: 0.8076588411603858.
[I 2025-03-11 12:49:42,821] Trial 117 finished with value: 0.8058820182177109 and parameters: {'n_estimators': 2698, 'learning_rate': 0.010598390956170716, 'max_depth': 12, 'min_child_weight': 5, 'subsample': 0.8300032489337323, 'colsample_bytree': 0.7816050619126165, 'reg_alpha': 0.0012354715205298947, 'reg_lambda': 3.724848665260124}. Best is trial 36 with value: 0.8076588411603858.
[I 2025-03-11 12:50:09,515] Trial 118 finished with value: 0.8063691471591212 and parameters: {'n_estimators': 2635, 'learning_rate': 0.01192114912415309, 'max_depth': 13, 'min_child_weight': 7, 'subsample': 0.9055628929089286, 'colsample_bytree': 0.8737688827152746, 'reg_alpha': 0.05027177388305212, 'reg_lambda': 5.163252367009548}. Best is trial 36 with value: 0.8076588411603858.
[I 2025-03-11 12:50:35,965] Trial 119 finished with value: 0.8044068373378862 and parameters: {'n_estimators': 2935, 'learning_rate': 0.0134294787638797, 'max_depth': 12, 'min_child_weight': 6, 'subsample': 0.7116870311189204, 'colsample_bytree': 0.8411991090037112, 'reg_alpha': 0.08659674885283827, 'reg_lambda': 7.597508944556227}. Best is trial 36 with value: 0.8076588411603858.
[I 2025-03-11 12:50:55,280] Trial 120 finished with value: 0.8060361020352116 and parameters: {'n_estimators': 1760, 'learning_rate': 0.016161003328873342, 'max_depth': 14, 'min_child_weight': 6, 'subsample': 0.7678151346709461, 'colsample_bytree': 0.7602477226819018, 'reg_alpha': 0.03470338098782558, 'reg_lambda': 2.270576193221379}. Best is trial 36 with value: 0.8076588411603858.
[I 2025-03-11 12:51:22,658] Trial 121 finished with value: 0.8071064364187805 and parameters: {'n_estimators': 2136, 'learning_rate': 0.010839201803110508, 'max_depth': 13, 'min_child_weight': 4, 'subsample': 0.7999425061648104, 'colsample_bytree': 0.8184737236783548, 'reg_alpha': 0.005138916959541684, 'reg_lambda': 6.575828776294277}. Best is trial 36 with value: 0.8076588411603858.
[I 2025-03-11 12:51:51,850] Trial 122 finished with value: 0.8064768291389566 and parameters: {'n_estimators': 2271, 'learning_rate': 0.011040282227267148, 'max_depth': 13, 'min_child_weight': 4, 'subsample': 0.8141229657482798, 'colsample_bytree': 0.8229341135430427, 'reg_alpha': 0.004785145191175807, 'reg_lambda': 5.876609126789556}. Best is trial 36 with value: 0.8076588411603858.
[I 2025-03-11 12:52:17,609] Trial 123 finished with value: 0.8064397839678218 and parameters: {'n_estimators': 1993, 'learning_rate': 0.010053305723340645, 'max_depth': 13, 'min_child_weight': 4, 'subsample': 0.794653802100289, 'colsample_bytree': 0.7834094248510627, 'reg_alpha': 0.011727686555188924, 'reg_lambda': 4.657029446980884}. Best is trial 36 with value: 0.8076588411603858.
[I 2025-03-11 12:52:22,557] Trial 124 finished with value: 0.7969916590337551 and parameters: {'n_estimators': 2034, 'learning_rate': 0.012194500403671364, 'max_depth': 4, 'min_child_weight': 5, 'subsample': 0.7346318457203742, 'colsample_bytree': 0.7329089336587841, 'reg_alpha': 0.0034876191791574436, 'reg_lambda': 7.8574964941094425}. Best is trial 36 with value: 0.8076588411603858.
[I 2025-03-11 12:52:43,270] Trial 125 finished with value: 0.8064137419152678 and parameters: {'n_estimators': 1928, 'learning_rate': 0.011465574263897505, 'max_depth': 12, 'min_child_weight': 4, 'subsample': 0.6872452082029972, 'colsample_bytree': 0.8522245032971731, 'reg_alpha': 0.0019367857350500101, 'reg_lambda': 3.001488029743744}. Best is trial 36 with value: 0.8076588411603858.
[I 2025-03-11 12:53:05,105] Trial 126 finished with value: 0.80603564022549 and parameters: {'n_estimators': 2136, 'learning_rate': 0.014773278845264607, 'max_depth': 13, 'min_child_weight': 7, 'subsample': 0.8452445440724624, 'colsample_bytree': 0.8138404774317848, 'reg_alpha': 0.637170212077104, 'reg_lambda': 6.826075731687204}. Best is trial 36 with value: 0.8076588411603858.
[I 2025-03-11 12:53:34,648] Trial 127 finished with value: 0.8056464350237135 and parameters: {'n_estimators': 2442, 'learning_rate': 0.010784976014610592, 'max_depth': 14, 'min_child_weight': 6, 'subsample': 0.8822000169192672, 'colsample_bytree': 0.8296945193924833, 'reg_alpha': 0.4305073091387558, 'reg_lambda': 3.6849746570117237}. Best is trial 36 with value: 0.8076588411603858.
[I 2025-03-11 12:54:00,601] Trial 128 finished with value: 0.8034067381893468 and parameters: {'n_estimators': 2221, 'learning_rate': 0.012318068531453443, 'max_depth': 13, 'min_child_weight': 3, 'subsample': 0.5146815542970817, 'colsample_bytree': 0.5761355104548849, 'reg_alpha': 0.3158864388270311, 'reg_lambda': 4.710812509705182}. Best is trial 36 with value: 0.8076588411603858.
[I 2025-03-11 12:54:22,564] Trial 129 finished with value: 0.7919865853512109 and parameters: {'n_estimators': 1893, 'learning_rate': 0.013235730251022194, 'max_depth': 14, 'min_child_weight': 5, 'subsample': 0.8173811212509787, 'colsample_bytree': 0.23345764946230008, 'reg_alpha': 0.006884175151778668, 'reg_lambda': 1.7142860499593038}. Best is trial 36 with value: 0.8076588411603858.
[I 2025-03-11 12:54:40,386] Trial 130 finished with value: 0.8056173410112614 and parameters: {'n_estimators': 2317, 'learning_rate': 0.010646770662042846, 'max_depth': 12, 'min_child_weight': 10, 'subsample': 0.5874521683295781, 'colsample_bytree': 0.8641960226457944, 'reg_alpha': 0.008574448561041004, 'reg_lambda': 6.035533587215119}. Best is trial 36 with value: 0.8076588411603858.
[I 2025-03-11 12:55:11,817] Trial 131 finished with value: 0.8072332132266642 and parameters: {'n_estimators': 2159, 'learning_rate': 0.010768156974237436, 'max_depth': 13, 'min_child_weight': 3, 'subsample': 0.7995024371208904, 'colsample_bytree': 0.7994676851867542, 'reg_alpha': 0.004886334375432497, 'reg_lambda': 8.567031331090156}. Best is trial 36 with value: 0.8076588411603858.
[I 2025-03-11 12:55:41,353] Trial 132 finished with value: 0.8073899072730252 and parameters: {'n_estimators': 2064, 'learning_rate': 0.011425666856679706, 'max_depth': 13, 'min_child_weight': 3, 'subsample': 0.785543805463677, 'colsample_bytree': 0.7909164733328913, 'reg_alpha': 0.00644859896930596, 'reg_lambda': 8.229634510122631}. Best is trial 36 with value: 0.8076588411603858.
[I 2025-03-11 12:56:07,612] Trial 133 finished with value: 0.8067909199856027 and parameters: {'n_estimators': 2021, 'learning_rate': 0.011406091512318865, 'max_depth': 13, 'min_child_weight': 4, 'subsample': 0.7966755572908752, 'colsample_bytree': 0.7903921885765528, 'reg_alpha': 0.004335013650699196, 'reg_lambda': 8.06940013030159}. Best is trial 36 with value: 0.8076588411603858.
[I 2025-03-11 12:56:36,958] Trial 134 finished with value: 0.8057619075327631 and parameters: {'n_estimators': 2168, 'learning_rate': 0.013847013920949554, 'max_depth': 13, 'min_child_weight': 3, 'subsample': 0.7792267700757262, 'colsample_bytree': 0.7691482675786985, 'reg_alpha': 0.005014270171349491, 'reg_lambda': 8.952649151415075}. Best is trial 36 with value: 0.8076588411603858.
[I 2025-03-11 12:56:57,132] Trial 135 finished with value: 0.8076957257020523 and parameters: {'n_estimators': 2068, 'learning_rate': 0.010008506924336299, 'max_depth': 12, 'min_child_weight': 6, 'subsample': 0.8384909647343722, 'colsample_bytree': 0.7995856176698616, 'reg_alpha': 0.010824585592530968, 'reg_lambda': 6.628978560721445}. Best is trial 135 with value: 0.8076957257020523.
[I 2025-03-11 12:57:17,339] Trial 136 finished with value: 0.8070852534076437 and parameters: {'n_estimators': 2066, 'learning_rate': 0.010532592606678735, 'max_depth': 12, 'min_child_weight': 6, 'subsample': 0.8331660394596838, 'colsample_bytree': 0.8008961027201996, 'reg_alpha': 0.006328889092777504, 'reg_lambda': 9.841975740712265}. Best is trial 135 with value: 0.8076957257020523.
[I 2025-03-11 12:57:36,113] Trial 137 finished with value: 0.8058899693763935 and parameters: {'n_estimators': 2089, 'learning_rate': 0.01007895637329023, 'max_depth': 12, 'min_child_weight': 6, 'subsample': 0.7648905952827902, 'colsample_bytree': 0.47246032260200455, 'reg_alpha': 0.010296652642989214, 'reg_lambda': 8.194501441727041}. Best is trial 135 with value: 0.8076957257020523.
[I 2025-03-11 12:57:54,732] Trial 138 finished with value: 0.8064796401546526 and parameters: {'n_estimators': 1953, 'learning_rate': 0.012818209436836954, 'max_depth': 12, 'min_child_weight': 6, 'subsample': 0.8050725609296884, 'colsample_bytree': 0.8002970412373414, 'reg_alpha': 0.013392143262338172, 'reg_lambda': 6.6555548786867895}. Best is trial 135 with value: 0.8076957257020523.
[I 2025-03-11 12:58:10,344] Trial 139 finished with value: 0.806427937544532 and parameters: {'n_estimators': 2060, 'learning_rate': 0.010832957023151896, 'max_depth': 11, 'min_child_weight': 7, 'subsample': 0.8349714515493253, 'colsample_bytree': 0.6301344602443866, 'reg_alpha': 0.006586682549206063, 'reg_lambda': 9.480174516907955}. Best is trial 135 with value: 0.8076957257020523.
[I 2025-03-11 12:58:26,486] Trial 140 finished with value: 0.8013911395419916 and parameters: {'n_estimators': 2170, 'learning_rate': 0.012115462366616623, 'max_depth': 12, 'min_child_weight': 6, 'subsample': 0.3209855868736807, 'colsample_bytree': 0.7530305570583617, 'reg_alpha': 0.007967256387864526, 'reg_lambda': 5.224604900436903}. Best is trial 135 with value: 0.8076957257020523.
[I 2025-03-11 12:58:51,271] Trial 141 finished with value: 0.8065177494960151 and parameters: {'n_estimators': 2255, 'learning_rate': 0.011391646007370995, 'max_depth': 13, 'min_child_weight': 6, 'subsample': 0.8625003486618514, 'colsample_bytree': 0.8087470461031987, 'reg_alpha': 0.005964651515919553, 'reg_lambda': 9.844401159575623}. Best is trial 135 with value: 0.8076957257020523.
[I 2025-03-11 12:59:13,259] Trial 142 finished with value: 0.8069141830238666 and parameters: {'n_estimators': 1992, 'learning_rate': 0.01062776963330926, 'max_depth': 13, 'min_child_weight': 6, 'subsample': 0.8264675705731916, 'colsample_bytree': 0.7789838886807551, 'reg_alpha': 0.003546147048154302, 'reg_lambda': 7.254558816828521}. Best is trial 135 with value: 0.8076957257020523.
[I 2025-03-11 12:59:33,386] Trial 143 finished with value: 0.806121597069733 and parameters: {'n_estimators': 2129, 'learning_rate': 0.010582077560513607, 'max_depth': 12, 'min_child_weight': 6, 'subsample': 0.8192554769910515, 'colsample_bytree': 0.7326421667649303, 'reg_alpha': 0.003816680901955021, 'reg_lambda': 6.697999925237296}. Best is trial 135 with value: 0.8076957257020523.
[I 2025-03-11 12:59:54,680] Trial 144 finished with value: 0.8066981564676393 and parameters: {'n_estimators': 1998, 'learning_rate': 0.012259834262375157, 'max_depth': 13, 'min_child_weight': 6, 'subsample': 0.7944698458976513, 'colsample_bytree': 0.7786630401031229, 'reg_alpha': 0.002702605288688621, 'reg_lambda': 5.768786687367421}. Best is trial 135 with value: 0.8076957257020523.
[I 2025-03-11 13:00:13,730] Trial 145 finished with value: 0.8078341682250737 and parameters: {'n_estimators': 1925, 'learning_rate': 0.010001497158030297, 'max_depth': 12, 'min_child_weight': 6, 'subsample': 0.8361318595566704, 'colsample_bytree': 0.7595002334619062, 'reg_alpha': 0.011132515326033477, 'reg_lambda': 7.3703351140229545}. Best is trial 145 with value: 0.8078341682250737.
[I 2025-03-11 13:00:29,656] Trial 146 finished with value: 0.8071546854953316 and parameters: {'n_estimators': 1924, 'learning_rate': 0.010018357210956012, 'max_depth': 11, 'min_child_weight': 6, 'subsample': 0.8306012011160756, 'colsample_bytree': 0.750904466005704, 'reg_alpha': 0.011187405141216003, 'reg_lambda': 4.129891099034453}. Best is trial 145 with value: 0.8078341682250737.
[I 2025-03-11 13:00:46,195] Trial 147 finished with value: 0.8074715472003067 and parameters: {'n_estimators': 1910, 'learning_rate': 0.01007911840162703, 'max_depth': 11, 'min_child_weight': 5, 'subsample': 0.8334876029921078, 'colsample_bytree': 0.7647861155685627, 'reg_alpha': 0.014896272123213828, 'reg_lambda': 4.18827407670213}. Best is trial 145 with value: 0.8078341682250737.
[I 2025-03-11 13:01:02,342] Trial 148 finished with value: 0.8060857164622436 and parameters: {'n_estimators': 1920, 'learning_rate': 0.010007017669551322, 'max_depth': 11, 'min_child_weight': 5, 'subsample': 0.780953505205931, 'colsample_bytree': 0.6743989604779492, 'reg_alpha': 0.01213874167169666, 'reg_lambda': 4.321892968122466}. Best is trial 145 with value: 0.8078341682250737.
[I 2025-03-11 13:01:21,744] Trial 149 finished with value: 0.80595060700069 and parameters: {'n_estimators': 1897, 'learning_rate': 0.011787535846516279, 'max_depth': 12, 'min_child_weight': 5, 'subsample': 0.8297056570512495, 'colsample_bytree': 0.7676643736468887, 'reg_alpha': 0.016889282190994722, 'reg_lambda': 6.687232566191579}. Best is trial 145 with value: 0.8078341682250737.
[I 2025-03-11 13:01:39,533] Trial 150 finished with value: 0.8073002157936434 and parameters: {'n_estimators': 2048, 'learning_rate': 0.01016413331949482, 'max_depth': 11, 'min_child_weight': 5, 'subsample': 0.8385445541100351, 'colsample_bytree': 0.7180044479294388, 'reg_alpha': 0.01481842973141348, 'reg_lambda': 5.08655935540322}. Best is trial 145 with value: 0.8078341682250737.
[I 2025-03-11 13:01:56,762] Trial 151 finished with value: 0.8076561305381076 and parameters: {'n_estimators': 2053, 'learning_rate': 0.010005141653089834, 'max_depth': 11, 'min_child_weight': 5, 'subsample': 0.8383731517213394, 'colsample_bytree': 0.7264749633087089, 'reg_alpha': 0.021638197007198847, 'reg_lambda': 4.8636037144824815}. Best is trial 145 with value: 0.8078341682250737.
[I 2025-03-11 13:02:14,528] Trial 152 finished with value: 0.8069184798621445 and parameters: {'n_estimators': 2058, 'learning_rate': 0.010088010438490348, 'max_depth': 11, 'min_child_weight': 5, 'subsample': 0.8365335275839895, 'colsample_bytree': 0.7047814068311681, 'reg_alpha': 0.014332193458279173, 'reg_lambda': 4.944757230029966}. Best is trial 145 with value: 0.8078341682250737.
[I 2025-03-11 13:02:31,930] Trial 153 finished with value: 0.8064429965571884 and parameters: {'n_estimators': 2037, 'learning_rate': 0.010058992276581484, 'max_depth': 11, 'min_child_weight': 5, 'subsample': 0.8447357907144412, 'colsample_bytree': 0.6978797059225339, 'reg_alpha': 0.021914393344112788, 'reg_lambda': 5.640873754187176}. Best is trial 145 with value: 0.8078341682250737.
[I 2025-03-11 13:02:49,517] Trial 154 finished with value: 0.8065071278724213 and parameters: {'n_estimators': 2086, 'learning_rate': 0.01135149458714866, 'max_depth': 11, 'min_child_weight': 5, 'subsample': 0.8533178159807348, 'colsample_bytree': 0.7175558552474841, 'reg_alpha': 0.014665377360640535, 'reg_lambda': 4.905919842678802}. Best is trial 145 with value: 0.8078341682250737.
[I 2025-03-11 13:03:06,199] Trial 155 finished with value: 0.8066547865111886 and parameters: {'n_estimators': 1948, 'learning_rate': 0.010062008047956601, 'max_depth': 11, 'min_child_weight': 5, 'subsample': 0.8164190504494112, 'colsample_bytree': 0.7302559682632738, 'reg_alpha': 0.018641575175380308, 'reg_lambda': 4.169700931432391}. Best is trial 145 with value: 0.8078341682250737.
[I 2025-03-11 13:03:23,786] Trial 156 finished with value: 0.8069106491755633 and parameters: {'n_estimators': 2053, 'learning_rate': 0.010017899529774329, 'max_depth': 11, 'min_child_weight': 5, 'subsample': 0.8405291552601599, 'colsample_bytree': 0.7114602098527734, 'reg_alpha': 0.011526109907130622, 'reg_lambda': 7.625943675435974}. Best is trial 145 with value: 0.8078341682250737.
[I 2025-03-11 13:03:36,622] Trial 157 finished with value: 0.8062621277758429 and parameters: {'n_estimators': 1804, 'learning_rate': 0.011423721944035528, 'max_depth': 10, 'min_child_weight': 5, 'subsample': 0.7943451898438699, 'colsample_bytree': 0.755972344307844, 'reg_alpha': 0.026313469096683553, 'reg_lambda': 5.913380148885873}. Best is trial 145 with value: 0.8078341682250737.
[I 2025-03-11 13:03:51,657] Trial 158 finished with value: 0.8062912820243457 and parameters: {'n_estimators': 2131, 'learning_rate': 0.010718617796611696, 'max_depth': 10, 'min_child_weight': 5, 'subsample': 0.8281985329473862, 'colsample_bytree': 0.7485501940539295, 'reg_alpha': 0.015332261158190677, 'reg_lambda': 8.634853144374858}. Best is trial 145 with value: 0.8078341682250737.
[I 2025-03-11 13:04:10,245] Trial 159 finished with value: 0.8052639160235564 and parameters: {'n_estimators': 2205, 'learning_rate': 0.01199481690090469, 'max_depth': 11, 'min_child_weight': 5, 'subsample': 0.7560761875398196, 'colsample_bytree': 0.6873588895281558, 'reg_alpha': 0.028971551909955342, 'reg_lambda': 9.985759862161963}. Best is trial 145 with value: 0.8078341682250737.
[I 2025-03-11 13:04:25,724] Trial 160 finished with value: 0.8069689777512525 and parameters: {'n_estimators': 1866, 'learning_rate': 0.011259989371767434, 'max_depth': 11, 'min_child_weight': 6, 'subsample': 0.8640811147973408, 'colsample_bytree': 0.7905748463220703, 'reg_alpha': 0.01027912484221148, 'reg_lambda': 4.798060564329787}. Best is trial 145 with value: 0.8078341682250737.
[I 2025-03-11 13:04:41,387] Trial 161 finished with value: 0.8069544207056845 and parameters: {'n_estimators': 1871, 'learning_rate': 0.01077961718476386, 'max_depth': 11, 'min_child_weight': 6, 'subsample': 0.8650860770913715, 'colsample_bytree': 0.7949612858931181, 'reg_alpha': 0.01087766767536366, 'reg_lambda': 4.986632761163807}. Best is trial 145 with value: 0.8078341682250737.
[I 2025-03-11 13:04:56,922] Trial 162 finished with value: 0.8074974888594428 and parameters: {'n_estimators': 1876, 'learning_rate': 0.011258570201350444, 'max_depth': 11, 'min_child_weight': 6, 'subsample': 0.885750800213618, 'colsample_bytree': 0.7923804254824548, 'reg_alpha': 0.010366075262800985, 'reg_lambda': 3.97369123596618}. Best is trial 145 with value: 0.8078341682250737.
[I 2025-03-11 13:05:08,527] Trial 163 finished with value: 0.806587442606589 and parameters: {'n_estimators': 1684, 'learning_rate': 0.012794131212821159, 'max_depth': 10, 'min_child_weight': 6, 'subsample': 0.8578397401157316, 'colsample_bytree': 0.7949955588353924, 'reg_alpha': 0.007099515235495662, 'reg_lambda': 3.4243185426508025}. Best is trial 145 with value: 0.8078341682250737.
[I 2025-03-11 13:05:23,106] Trial 164 finished with value: 0.807235542353955 and parameters: {'n_estimators': 1773, 'learning_rate': 0.011397109616703168, 'max_depth': 11, 'min_child_weight': 6, 'subsample': 0.889020459608568, 'colsample_bytree': 0.7645694865198625, 'reg_alpha': 0.009536289325852139, 'reg_lambda': 4.055862510634712}. Best is trial 145 with value: 0.8078341682250737.
[I 2025-03-11 13:05:37,700] Trial 165 finished with value: 0.8071122793156912 and parameters: {'n_estimators': 1757, 'learning_rate': 0.011448482816622007, 'max_depth': 11, 'min_child_weight': 6, 'subsample': 0.892629093710141, 'colsample_bytree': 0.8151113741003487, 'reg_alpha': 0.019181965506001902, 'reg_lambda': 4.086608199640464}. Best is trial 145 with value: 0.8078341682250737.
[I 2025-03-11 13:05:51,970] Trial 166 finished with value: 0.8068922169440718 and parameters: {'n_estimators': 1754, 'learning_rate': 0.011945243034275722, 'max_depth': 11, 'min_child_weight': 6, 'subsample': 0.8980565268175036, 'colsample_bytree': 0.7407200624979459, 'reg_alpha': 0.020258794549188396, 'reg_lambda': 3.8865094902916293}. Best is trial 145 with value: 0.8078341682250737.
[I 2025-03-11 13:06:05,893] Trial 167 finished with value: 0.8065132920282686 and parameters: {'n_estimators': 1719, 'learning_rate': 0.013311749865305223, 'max_depth': 11, 'min_child_weight': 6, 'subsample': 0.8872740276930668, 'colsample_bytree': 0.7720833356187127, 'reg_alpha': 0.005598065808910553, 'reg_lambda': 3.3423355117563767}. Best is trial 145 with value: 0.8078341682250737.
[I 2025-03-11 13:06:18,748] Trial 168 finished with value: 0.8064481768575424 and parameters: {'n_estimators': 1944, 'learning_rate': 0.01113664083072969, 'max_depth': 10, 'min_child_weight': 7, 'subsample': 0.9134583458786709, 'colsample_bytree': 0.8173551342381673, 'reg_alpha': 0.017259332627917602, 'reg_lambda': 5.935239114682448}. Best is trial 145 with value: 0.8078341682250737.
