[I 2025-03-11 15:11:30,899] Trial 620 finished with value: 0.8066438235499747 and parameters: {'n_estimators': 2020, 'learning_rate': 0.011840098713609118, 'max_depth': 15, 'min_child_weight': 5, 'subsample': 0.8329094999412626, 'colsample_bytree': 0.8833349670724728, 'reg_alpha': 0.026919754681008705, 'reg_lambda': 5.378413071707853}. Best is trial 285 with value: 0.808281942946742.
[I 2025-03-11 15:11:50,155] Trial 621 finished with value: 0.8067945341486402 and parameters: {'n_estimators': 1936, 'learning_rate': 0.010609303981344815, 'max_depth': 12, 'min_child_weight': 5, 'subsample': 0.8013555023217108, 'colsample_bytree': 0.7332679649377922, 'reg_alpha': 0.005702400442052758, 'reg_lambda': 1.2203695950030924}. Best is trial 285 with value: 0.808281942946742.
[I 2025-03-11 15:12:07,487] Trial 622 finished with value: 0.8064785960631082 and parameters: {'n_estimators': 1802, 'learning_rate': 0.010010176220893946, 'max_depth': 11, 'min_child_weight': 5, 'subsample': 0.9201552686588248, 'colsample_bytree': 0.901660312044968, 'reg_alpha': 0.008821589459295766, 'reg_lambda': 7.3830895985900895}. Best is trial 285 with value: 0.808281942946742.
[I 2025-03-11 15:12:22,689] Trial 623 finished with value: 0.8067365067532042 and parameters: {'n_estimators': 2296, 'learning_rate': 0.011039332316748566, 'max_depth': 9, 'min_child_weight': 5, 'subsample': 0.8437806266967725, 'colsample_bytree': 0.7618215786814964, 'reg_alpha': 0.30370376868516014, 'reg_lambda': 4.21142198877305}. Best is trial 285 with value: 0.808281942946742.
[I 2025-03-11 15:12:37,102] Trial 624 finished with value: 0.8072131947791729 and parameters: {'n_estimators': 1751, 'learning_rate': 0.01191316251487819, 'max_depth': 10, 'min_child_weight': 3, 'subsample': 0.9032096351988687, 'colsample_bytree': 0.814184794239682, 'reg_alpha': 0.035375293697957236, 'reg_lambda': 9.940808043387552}. Best is trial 285 with value: 0.808281942946742.
[I 2025-03-11 15:12:57,415] Trial 625 finished with value: 0.8065183518565212 and parameters: {'n_estimators': 1979, 'learning_rate': 0.010688240265030065, 'max_depth': 13, 'min_child_weight': 8, 'subsample': 0.8157784524196549, 'colsample_bytree': 0.7868679665976869, 'reg_alpha': 0.013999910839163516, 'reg_lambda': 6.188931747926912}. Best is trial 285 with value: 0.808281942946742.
[I 2025-03-11 15:13:25,963] Trial 626 finished with value: 0.8064508874798204 and parameters: {'n_estimators': 1863, 'learning_rate': 0.011382863302615858, 'max_depth': 12, 'min_child_weight': 2, 'subsample': 0.8781436255676094, 'colsample_bytree': 0.7489593376563372, 'reg_alpha': 3.0303262060751326, 'reg_lambda': 4.9975974019068685}. Best is trial 285 with value: 0.808281942946742.
[I 2025-03-11 15:13:47,188] Trial 627 finished with value: 0.8061129431571264 and parameters: {'n_estimators': 2044, 'learning_rate': 0.013895282351661787, 'max_depth': 11, 'min_child_weight': 5, 'subsample': 0.8261540817045794, 'colsample_bytree': 0.7996619478076586, 'reg_alpha': 0.7247103967665319, 'reg_lambda': 7.6098966590985935}. Best is trial 285 with value: 0.808281942946742.
[I 2025-03-11 15:14:00,920] Trial 628 finished with value: 0.8067477106586205 and parameters: {'n_estimators': 1685, 'learning_rate': 0.012516411601996628, 'max_depth': 12, 'min_child_weight': 10, 'subsample': 0.847702775678457, 'colsample_bytree': 0.7691593301503111, 'reg_alpha': 0.011420449434623515, 'reg_lambda': 8.540823580582153}. Best is trial 285 with value: 0.808281942946742.
[I 2025-03-11 15:14:24,744] Trial 629 finished with value: 0.8066331015329633 and parameters: {'n_estimators': 2219, 'learning_rate': 0.010677872167901496, 'max_depth': 13, 'min_child_weight': 6, 'subsample': 0.8896129087596037, 'colsample_bytree': 0.8335453973109372, 'reg_alpha': 0.047867132892144504, 'reg_lambda': 3.825582738445022}. Best is trial 285 with value: 0.808281942946742.
[I 2025-03-11 15:14:41,362] Trial 630 finished with value: 0.80731176103668 and parameters: {'n_estimators': 1908, 'learning_rate': 0.010022888805778115, 'max_depth': 11, 'min_child_weight': 5, 'subsample': 0.8604178102319445, 'colsample_bytree': 0.7230585923713423, 'reg_alpha': 0.14102418652753473, 'reg_lambda': 6.204942771906885}. Best is trial 285 with value: 0.808281942946742.
[I 2025-03-11 15:15:00,041] Trial 631 finished with value: 0.8069559266069503 and parameters: {'n_estimators': 2103, 'learning_rate': 0.011668941129538726, 'max_depth': 11, 'min_child_weight': 4, 'subsample': 0.9697903208338813, 'colsample_bytree': 0.813699230449664, 'reg_alpha': 0.007112305579629973, 'reg_lambda': 9.997467888629966}. Best is trial 285 with value: 0.808281942946742.
[I 2025-03-11 15:15:17,085] Trial 632 finished with value: 0.8066817923405525 and parameters: {'n_estimators': 1764, 'learning_rate': 0.010680299607976573, 'max_depth': 12, 'min_child_weight': 6, 'subsample': 0.9470305630385064, 'colsample_bytree': 0.7829377369925828, 'reg_alpha': 0.00306242860503243, 'reg_lambda': 4.63644442977277}. Best is trial 285 with value: 0.808281942946742.
[I 2025-03-11 15:15:30,551] Trial 633 finished with value: 0.8057917444565064 and parameters: {'n_estimators': 1840, 'learning_rate': 0.012791000895645133, 'max_depth': 10, 'min_child_weight': 5, 'subsample': 0.8099265955517337, 'colsample_bytree': 0.8750561980672766, 'reg_alpha': 0.016620676621155468, 'reg_lambda': 2.9309802416823447}. Best is trial 285 with value: 0.808281942946742.
[I 2025-03-11 15:15:51,345] Trial 634 finished with value: 0.8025001253913787 and parameters: {'n_estimators': 2166, 'learning_rate': 0.04221018196909648, 'max_depth': 12, 'min_child_weight': 3, 'subsample': 0.8361785399827665, 'colsample_bytree': 0.8466591716094641, 'reg_alpha': 0.00980499005569748, 'reg_lambda': 7.410991392252343}. Best is trial 285 with value: 0.808281942946742.
[I 2025-03-11 15:16:09,124] Trial 635 finished with value: 0.807094710467592 and parameters: {'n_estimators': 2001, 'learning_rate': 0.011409455094131656, 'max_depth': 11, 'min_child_weight': 5, 'subsample': 0.8753714251855751, 'colsample_bytree': 0.7703572511120248, 'reg_alpha': 0.02997832779299923, 'reg_lambda': 5.58058501905646}. Best is trial 285 with value: 0.808281942946742.
[I 2025-03-11 15:16:25,092] Trial 636 finished with value: 0.806162577662842 and parameters: {'n_estimators': 1924, 'learning_rate': 0.0105786056894826, 'max_depth': 11, 'min_child_weight': 6, 'subsample': 0.9229316030053846, 'colsample_bytree': 0.7950397927176739, 'reg_alpha': 0.012779791180656709, 'reg_lambda': 0.9839920277126049}. Best is trial 285 with value: 0.808281942946742.
[I 2025-03-11 15:16:44,301] Trial 637 finished with value: 0.8062812226038912 and parameters: {'n_estimators': 1831, 'learning_rate': 0.012186641285598395, 'max_depth': 12, 'min_child_weight': 5, 'subsample': 0.7782368891804308, 'colsample_bytree': 0.821969528032912, 'reg_alpha': 0.008209373227779674, 'reg_lambda': 6.813561490270819}. Best is trial 285 with value: 0.808281942946742.
[I 2025-03-11 15:16:57,684] Trial 638 finished with value: 0.7992878974409758 and parameters: {'n_estimators': 2082, 'learning_rate': 0.06019376896557056, 'max_depth': 14, 'min_child_weight': 9, 'subsample': 0.9078031522660622, 'colsample_bytree': 0.7541649289766843, 'reg_alpha': 0.022638984021395362, 'reg_lambda': 0.0016070159602937513}. Best is trial 285 with value: 0.808281942946742.
[I 2025-03-11 15:17:16,229] Trial 639 finished with value: 0.7995790985883842 and parameters: {'n_estimators': 1722, 'learning_rate': 0.010616931423221225, 'max_depth': 13, 'min_child_weight': 6, 'subsample': 0.8511193909697304, 'colsample_bytree': 0.30374203350099893, 'reg_alpha': 0.014674588381862606, 'reg_lambda': 3.624013035121954}. Best is trial 285 with value: 0.808281942946742.
[I 2025-03-11 15:17:36,988] Trial 640 finished with value: 0.8072061270825661 and parameters: {'n_estimators': 1974, 'learning_rate': 0.011259120044233704, 'max_depth': 12, 'min_child_weight': 5, 'subsample': 0.8909851092695277, 'colsample_bytree': 0.8616261040977837, 'reg_alpha': 0.010914920805803748, 'reg_lambda': 8.280197868058087}. Best is trial 285 with value: 0.808281942946742.
[I 2025-03-11 15:17:42,365] Trial 641 finished with value: 0.8015133183313441 and parameters: {'n_estimators': 1896, 'learning_rate': 0.013462475909852787, 'max_depth': 5, 'min_child_weight': 6, 'subsample': 0.8290059824841028, 'colsample_bytree': 0.7896051416659202, 'reg_alpha': 0.01893751677567981, 'reg_lambda': 5.413293418777581}. Best is trial 285 with value: 0.808281942946742.
[I 2025-03-11 15:18:02,037] Trial 642 finished with value: 0.8065453978432522 and parameters: {'n_estimators': 2055, 'learning_rate': 0.012207517383507257, 'max_depth': 11, 'min_child_weight': 4, 'subsample': 0.8648367346430763, 'colsample_bytree': 0.8067430064744231, 'reg_alpha': 0.5111486420699696, 'reg_lambda': 6.465307372035537}. Best is trial 285 with value: 0.808281942946742.
[I 2025-03-11 15:18:11,459] Trial 643 finished with value: 0.7886446491051271 and parameters: {'n_estimators': 1817, 'learning_rate': 0.1485339630043832, 'max_depth': 11, 'min_child_weight': 5, 'subsample': 0.8015289286358719, 'colsample_bytree': 0.7379754421884641, 'reg_alpha': 0.0889444185805554, 'reg_lambda': 0.3625393622619468}. Best is trial 285 with value: 0.808281942946742.
[I 2025-03-11 15:18:14,939] Trial 644 finished with value: 0.7903925788221852 and parameters: {'n_estimators': 1667, 'learning_rate': 0.014674780384112764, 'max_depth': 3, 'min_child_weight': 6, 'subsample': 0.6808082863363073, 'colsample_bytree': 0.8387589092051434, 'reg_alpha': 0.11239003911669254, 'reg_lambda': 4.53764048198095}. Best is trial 285 with value: 0.808281942946742.
[I 2025-03-11 15:18:35,769] Trial 645 finished with value: 0.8064569913996171 and parameters: {'n_estimators': 2148, 'learning_rate': 0.011169341861911356, 'max_depth': 12, 'min_child_weight': 5, 'subsample': 0.843153198948088, 'colsample_bytree': 0.6385757313597175, 'reg_alpha': 0.009310674206858313, 'reg_lambda': 8.395388461222092}. Best is trial 285 with value: 0.808281942946742.
[I 2025-03-11 15:18:57,178] Trial 646 finished with value: 0.8066920525478424 and parameters: {'n_estimators': 1963, 'learning_rate': 0.010557180876007127, 'max_depth': 13, 'min_child_weight': 6, 'subsample': 0.7107515450939246, 'colsample_bytree': 0.7735307200951802, 'reg_alpha': 0.059138906857122704, 'reg_lambda': 5.594578139988081}. Best is trial 285 with value: 0.808281942946742.
[I 2025-03-11 15:19:05,489] Trial 647 finished with value: 0.8062998355435347 and parameters: {'n_estimators': 1760, 'learning_rate': 0.010049418691830904, 'max_depth': 8, 'min_child_weight': 5, 'subsample': 0.8749199006905761, 'colsample_bytree': 0.8238123032839172, 'reg_alpha': 0.01336332205496623, 'reg_lambda': 3.9105269911039127}. Best is trial 285 with value: 0.808281942946742.
[I 2025-03-11 15:19:17,660] Trial 648 finished with value: 0.8058395317233361 and parameters: {'n_estimators': 1884, 'learning_rate': 0.01163046015597725, 'max_depth': 10, 'min_child_weight': 7, 'subsample': 0.8239334645193988, 'colsample_bytree': 0.6103703947403505, 'reg_alpha': 0.004945088678079537, 'reg_lambda': 6.806712999871971}. Best is trial 285 with value: 0.808281942946742.
[I 2025-03-11 15:19:38,941] Trial 649 finished with value: 0.806012369031265 and parameters: {'n_estimators': 2015, 'learning_rate': 0.013201072430463862, 'max_depth': 12, 'min_child_weight': 4, 'subsample': 0.9005050408247358, 'colsample_bytree': 0.7527674579933712, 'reg_alpha': 0.006386251837451807, 'reg_lambda': 2.3800272036535506}. Best is trial 285 with value: 0.808281942946742.
[I 2025-03-11 15:20:01,628] Trial 650 finished with value: 0.8065187935875593 and parameters: {'n_estimators': 2243, 'learning_rate': 0.010029501655123957, 'max_depth': 11, 'min_child_weight': 3, 'subsample': 0.8596854255005835, 'colsample_bytree': 0.8059165816649396, 'reg_alpha': 0.016248966666881484, 'reg_lambda': 4.838446698884299}. Best is trial 285 with value: 0.808281942946742.
[I 2025-03-11 15:20:17,148] Trial 651 finished with value: 0.8064391012925813 and parameters: {'n_estimators': 1796, 'learning_rate': 0.011182382573350264, 'max_depth': 11, 'min_child_weight': 5, 'subsample': 0.9340871774544498, 'colsample_bytree': 0.7126164978671552, 'reg_alpha': 0.03822913284114071, 'reg_lambda': 8.617652233130231}. Best is trial 285 with value: 0.808281942946742.
[I 2025-03-11 15:20:36,180] Trial 652 finished with value: 0.8072227522325388 and parameters: {'n_estimators': 1922, 'learning_rate': 0.01240964995459551, 'max_depth': 12, 'min_child_weight': 6, 'subsample': 0.8845808638379867, 'colsample_bytree': 0.7871254995813038, 'reg_alpha': 0.20787952366533896, 'reg_lambda': 7.341663223162937}. Best is trial 285 with value: 0.808281942946742.
[I 2025-03-11 15:20:52,994] Trial 653 finished with value: 0.8062085980055201 and parameters: {'n_estimators': 2110, 'learning_rate': 0.010719889595428609, 'max_depth': 11, 'min_child_weight': 8, 'subsample': 0.8130439843605896, 'colsample_bytree': 0.9739520858495525, 'reg_alpha': 0.011434556791465293, 'reg_lambda': 6.041096508993176}. Best is trial 285 with value: 0.808281942946742.
[I 2025-03-11 15:21:14,754] Trial 654 finished with value: 0.8075983240081903 and parameters: {'n_estimators': 1850, 'learning_rate': 0.011802785740835955, 'max_depth': 13, 'min_child_weight': 5, 'subsample': 0.8412625245257287, 'colsample_bytree': 0.7764745567491891, 'reg_alpha': 0.02739144941038965, 'reg_lambda': 3.210347500224905}. Best is trial 285 with value: 0.808281942946742.
[I 2025-03-11 15:21:33,723] Trial 655 finished with value: 0.8058395919593868 and parameters: {'n_estimators': 1745, 'learning_rate': 0.013720733304286616, 'max_depth': 13, 'min_child_weight': 5, 'subsample': 0.6388987063605037, 'colsample_bytree': 0.8155234955090825, 'reg_alpha': 0.02763517935565437, 'reg_lambda': 2.689735608933394}. Best is trial 285 with value: 0.808281942946742.
[I 2025-03-11 15:21:53,233] Trial 656 finished with value: 0.8061371379707944 and parameters: {'n_estimators': 1810, 'learning_rate': 0.012932630842760895, 'max_depth': 13, 'min_child_weight': 6, 'subsample': 0.8520085502980628, 'colsample_bytree': 0.7963561542104308, 'reg_alpha': 0.02401504370195572, 'reg_lambda': 2.1408241696821855}. Best is trial 285 with value: 0.808281942946742.
[I 2025-03-11 15:22:10,815] Trial 657 finished with value: 0.806418600956685 and parameters: {'n_estimators': 1628, 'learning_rate': 0.012070659281860473, 'max_depth': 13, 'min_child_weight': 7, 'subsample': 0.9162925487376543, 'colsample_bytree': 0.8526648903469023, 'reg_alpha': 0.042798712863477355, 'reg_lambda': 3.1795902521811783}. Best is trial 285 with value: 0.808281942946742.
[I 2025-03-11 15:22:31,249] Trial 658 finished with value: 0.8065179302041667 and parameters: {'n_estimators': 1687, 'learning_rate': 0.012001076518451415, 'max_depth': 13, 'min_child_weight': 5, 'subsample': 0.8758394628560412, 'colsample_bytree': 0.7726769799667349, 'reg_alpha': 0.03394879714827512, 'reg_lambda': 3.3305573069434855}. Best is trial 285 with value: 0.808281942946742.
[I 2025-03-11 15:22:51,859] Trial 659 finished with value: 0.8062149027121522 and parameters: {'n_estimators': 1880, 'learning_rate': 0.014777767434343104, 'max_depth': 13, 'min_child_weight': 6, 'subsample': 0.8389496208272785, 'colsample_bytree': 0.8315166693981523, 'reg_alpha': 0.0369548061112428, 'reg_lambda': 9.848369429213468}. Best is trial 285 with value: 0.808281942946742.
[I 2025-03-11 15:23:12,546] Trial 660 finished with value: 0.8059841785595723 and parameters: {'n_estimators': 1821, 'learning_rate': 0.012817924285084355, 'max_depth': 14, 'min_child_weight': 7, 'subsample': 0.8625895373677681, 'colsample_bytree': 0.8756859988813884, 'reg_alpha': 0.020680118290015852, 'reg_lambda': 2.5723113760970597}. Best is trial 285 with value: 0.808281942946742.
[I 2025-03-11 15:23:32,901] Trial 661 finished with value: 0.8058856123020648 and parameters: {'n_estimators': 1724, 'learning_rate': 0.011682307224556876, 'max_depth': 13, 'min_child_weight': 5, 'subsample': 0.907493262820625, 'colsample_bytree': 0.7831582782779981, 'reg_alpha': 0.026698985361553695, 'reg_lambda': 1.953768281041677}. Best is trial 285 with value: 0.808281942946742.
[I 2025-03-11 15:23:46,552] Trial 662 finished with value: 0.8057860421103804 and parameters: {'n_estimators': 1160, 'learning_rate': 0.01600042759748817, 'max_depth': 13, 'min_child_weight': 6, 'subsample': 0.9585243580691031, 'colsample_bytree': 0.8090992913631628, 'reg_alpha': 0.0344602996924763, 'reg_lambda': 7.589909802317875}. Best is trial 285 with value: 0.808281942946742.
[I 2025-03-11 15:24:12,673] Trial 663 finished with value: 0.8063796081532466 and parameters: {'n_estimators': 2199, 'learning_rate': 0.013630698703355268, 'max_depth': 13, 'min_child_weight': 5, 'subsample': 0.8941884299518142, 'colsample_bytree': 0.9036590665827878, 'reg_alpha': 0.027293964207376, 'reg_lambda': 6.426865826792916}. Best is trial 285 with value: 0.808281942946742.
[I 2025-03-11 15:24:36,617] Trial 664 finished with value: 0.8070000796320589 and parameters: {'n_estimators': 2041, 'learning_rate': 0.011388963437741643, 'max_depth': 13, 'min_child_weight': 5, 'subsample': 0.8429316635163812, 'colsample_bytree': 0.8398815850355171, 'reg_alpha': 0.027482167717948175, 'reg_lambda': 3.819020583367016}. Best is trial 285 with value: 0.808281942946742.
[I 2025-03-11 15:25:04,004] Trial 665 finished with value: 0.8069193633242204 and parameters: {'n_estimators': 1963, 'learning_rate': 0.01266885491596799, 'max_depth': 13, 'min_child_weight': 4, 'subsample': 0.8248966260015236, 'colsample_bytree': 0.7930187839087534, 'reg_alpha': 1.385851704292129, 'reg_lambda': 8.585866763757265}. Best is trial 285 with value: 0.808281942946742.
[I 2025-03-11 15:25:22,555] Trial 666 finished with value: 0.8066344468047607 and parameters: {'n_estimators': 1856, 'learning_rate': 0.011122827179695344, 'max_depth': 12, 'min_child_weight': 6, 'subsample': 0.8832895159881795, 'colsample_bytree': 0.7711660423619474, 'reg_alpha': 0.6635190153629213, 'reg_lambda': 5.123006555488402}. Best is trial 285 with value: 0.808281942946742.
[I 2025-03-11 15:25:38,098] Trial 667 finished with value: 0.8067440161808488 and parameters: {'n_estimators': 1778, 'learning_rate': 0.012167061343686452, 'max_depth': 12, 'min_child_weight': 8, 'subsample': 0.7887974102585582, 'colsample_bytree': 0.8145653715053444, 'reg_alpha': 0.031388255007469494, 'reg_lambda': 7.609194222600991}. Best is trial 285 with value: 0.808281942946742.
[I 2025-03-11 15:25:54,008] Trial 668 finished with value: 0.8062722675110315 and parameters: {'n_estimators': 1013, 'learning_rate': 0.01116165359065172, 'max_depth': 12, 'min_child_weight': 2, 'subsample': 0.8614969429906748, 'colsample_bytree': 0.7601387021489393, 'reg_alpha': 0.007817911464848091, 'reg_lambda': 9.962333641843436}. Best is trial 285 with value: 0.808281942946742.
[I 2025-03-11 15:26:18,589] Trial 669 finished with value: 0.8033732268665155 and parameters: {'n_estimators': 2330, 'learning_rate': 0.010605201707498962, 'max_depth': 14, 'min_child_weight': 5, 'subsample': 0.3915534295558548, 'colsample_bytree': 0.8603332004764126, 'reg_alpha': 0.8808951930387287, 'reg_lambda': 4.482957720622429}. Best is trial 285 with value: 0.808281942946742.
[I 2025-03-11 15:26:48,887] Trial 670 finished with value: 0.8063057185978124 and parameters: {'n_estimators': 2091, 'learning_rate': 0.011733804362432324, 'max_depth': 13, 'min_child_weight': 3, 'subsample': 0.9281156659837535, 'colsample_bytree': 0.8279706603834328, 'reg_alpha': 0.02283535306806848, 'reg_lambda': 5.885178766284853}. Best is trial 285 with value: 0.808281942946742.
[I 2025-03-11 15:26:52,022] Trial 671 finished with value: 0.7981024921220281 and parameters: {'n_estimators': 216, 'learning_rate': 0.013070599965230486, 'max_depth': 12, 'min_child_weight': 7, 'subsample': 0.8500862546023885, 'colsample_bytree': 0.7794182655901256, 'reg_alpha': 0.04786522592666231, 'reg_lambda': 3.0706296322649513}. Best is trial 285 with value: 0.808281942946742.
[I 2025-03-11 15:27:08,034] Trial 672 finished with value: 0.8007672145296101 and parameters: {'n_estimators': 2151, 'learning_rate': 0.030226707845641097, 'max_depth': 12, 'min_child_weight': 6, 'subsample': 0.8124865134217998, 'colsample_bytree': 0.8008870737462038, 'reg_alpha': 0.15898505016757428, 'reg_lambda': 0.5098165886867481}. Best is trial 285 with value: 0.808281942946742.
[I 2025-03-11 15:27:30,082] Trial 673 finished with value: 0.807212973913654 and parameters: {'n_estimators': 1854, 'learning_rate': 0.010695650706089861, 'max_depth': 13, 'min_child_weight': 5, 'subsample': 0.8383034847060841, 'colsample_bytree': 0.7424574163277017, 'reg_alpha': 0.009097437462841515, 'reg_lambda': 7.005873387181449}. Best is trial 285 with value: 0.808281942946742.
[I 2025-03-11 15:27:48,386] Trial 674 finished with value: 0.8060723641376881 and parameters: {'n_estimators': 1935, 'learning_rate': 0.014397787859487591, 'max_depth': 12, 'min_child_weight': 6, 'subsample': 0.7643777786131868, 'colsample_bytree': 0.8874768280889064, 'reg_alpha': 0.020011912922657173, 'reg_lambda': 5.359299651562741}. Best is trial 285 with value: 0.808281942946742.
[I 2025-03-11 15:28:09,636] Trial 675 finished with value: 0.8073930797050248 and parameters: {'n_estimators': 2004, 'learning_rate': 0.011924203848247774, 'max_depth': 12, 'min_child_weight': 5, 'subsample': 0.8752928239048677, 'colsample_bytree': 0.8468565202468933, 'reg_alpha': 0.031216865497601384, 'reg_lambda': 8.469252537017024}. Best is trial 285 with value: 0.808281942946742.
