[I 2025-03-11 13:06:33,767] Trial 169 finished with value: 0.806554613958998 and parameters: {'n_estimators': 1836, 'learning_rate': 0.012180557027922987, 'max_depth': 11, 'min_child_weight': 6, 'subsample': 0.885207073564594, 'colsample_bytree': 0.8156000805634669, 'reg_alpha': 0.00804387502606887, 'reg_lambda': 4.1738033356254025}. Best is trial 145 with value: 0.8078341682250737.
[I 2025-03-11 13:06:49,047] Trial 170 finished with value: 0.8025017316860621 and parameters: {'n_estimators': 1993, 'learning_rate': 0.04863315910555702, 'max_depth': 12, 'min_child_weight': 6, 'subsample': 0.8776258783372083, 'colsample_bytree': 0.7595343229103005, 'reg_alpha': 0.03498825982217372, 'reg_lambda': 7.76796968677704}. Best is trial 145 with value: 0.8078341682250737.
[I 2025-03-11 13:07:00,379] Trial 171 finished with value: 0.8005033003131352 and parameters: {'n_estimators': 1818, 'learning_rate': 0.011203937369515827, 'max_depth': 11, 'min_child_weight': 6, 'subsample': 0.21925921687697725, 'colsample_bytree': 0.7846392630112433, 'reg_alpha': 0.010259911958362492, 'reg_lambda': 4.484492546560121}. Best is trial 145 with value: 0.8078341682250737.
[I 2025-03-11 13:07:15,456] Trial 172 finished with value: 0.8073417987472589 and parameters: {'n_estimators': 1890, 'learning_rate': 0.011393694391854925, 'max_depth': 11, 'min_child_weight': 6, 'subsample': 0.8677951445765661, 'colsample_bytree': 0.8027223463497496, 'reg_alpha': 0.012309191013195164, 'reg_lambda': 0.30129808225814664}. Best is trial 145 with value: 0.8078341682250737.
[I 2025-03-11 13:07:29,909] Trial 173 finished with value: 0.8062536746500717 and parameters: {'n_estimators': 1776, 'learning_rate': 0.010792153364579452, 'max_depth': 11, 'min_child_weight': 6, 'subsample': 0.9085154778266218, 'colsample_bytree': 0.804666732120455, 'reg_alpha': 0.012180678982360305, 'reg_lambda': 0.22957922884499019}. Best is trial 145 with value: 0.8078341682250737.
[I 2025-03-11 13:07:42,808] Trial 174 finished with value: 0.8068540875240257 and parameters: {'n_estimators': 1902, 'learning_rate': 0.012613682416558374, 'max_depth': 10, 'min_child_weight': 6, 'subsample': 0.848941771653215, 'colsample_bytree': 0.7315850436862902, 'reg_alpha': 0.02305217319039836, 'reg_lambda': 6.714346880673398}. Best is trial 145 with value: 0.8078341682250737.
[I 2025-03-11 13:07:58,466] Trial 175 finished with value: 0.8058659552708773 and parameters: {'n_estimators': 1943, 'learning_rate': 0.011759643895828656, 'max_depth': 11, 'min_child_weight': 6, 'subsample': 0.8964482170763703, 'colsample_bytree': 0.8400751654216649, 'reg_alpha': 0.012687719078348342, 'reg_lambda': 0.3794618995511521}. Best is trial 145 with value: 0.8078341682250737.
[I 2025-03-11 13:08:15,272] Trial 176 finished with value: 0.8070493326427873 and parameters: {'n_estimators': 2119, 'learning_rate': 0.010861114873283008, 'max_depth': 11, 'min_child_weight': 7, 'subsample': 0.8730441478325747, 'colsample_bytree': 0.8252536808233946, 'reg_alpha': 0.004760495792389932, 'reg_lambda': 6.064303395397875}. Best is trial 145 with value: 0.8078341682250737.
[I 2025-03-11 13:08:33,814] Trial 177 finished with value: 0.8058514183039931 and parameters: {'n_estimators': 2000, 'learning_rate': 0.014119078256608096, 'max_depth': 12, 'min_child_weight': 6, 'subsample': 0.8153753389444732, 'colsample_bytree': 0.7720216707182163, 'reg_alpha': 0.006791479420306535, 'reg_lambda': 3.4140840275933577}. Best is trial 145 with value: 0.8078341682250737.
[I 2025-03-11 13:08:48,275] Trial 178 finished with value: 0.8064200265432164 and parameters: {'n_estimators': 1711, 'learning_rate': 0.010004242382522871, 'max_depth': 12, 'min_child_weight': 9, 'subsample': 0.9269198716693442, 'colsample_bytree': 0.8014997453463023, 'reg_alpha': 0.015404586640622423, 'reg_lambda': 0.028026502466597297}. Best is trial 145 with value: 0.8078341682250737.
[I 2025-03-11 13:08:57,955] Trial 179 finished with value: 0.7835846803017794 and parameters: {'n_estimators': 1636, 'learning_rate': 0.11257663838538211, 'max_depth': 12, 'min_child_weight': 6, 'subsample': 0.42450501668718255, 'colsample_bytree': 0.7593259382579817, 'reg_alpha': 0.00887600920629074, 'reg_lambda': 3.028861359851333}. Best is trial 145 with value: 0.8078341682250737.
[I 2025-03-11 13:09:14,326] Trial 180 finished with value: 0.8071380201879919 and parameters: {'n_estimators': 1864, 'learning_rate': 0.011652268071288488, 'max_depth': 11, 'min_child_weight': 5, 'subsample': 0.8371826247687503, 'colsample_bytree': 0.7839825819496852, 'reg_alpha': 0.020367139146238566, 'reg_lambda': 8.72612746791931}. Best is trial 145 with value: 0.8078341682250737.
[I 2025-03-11 13:09:29,757] Trial 181 finished with value: 0.8068563564152658 and parameters: {'n_estimators': 1879, 'learning_rate': 0.011646050421980981, 'max_depth': 11, 'min_child_weight': 5, 'subsample': 0.8419544148063638, 'colsample_bytree': 0.7814993019850615, 'reg_alpha': 0.018235516426849837, 'reg_lambda': 0.06229710451451547}. Best is trial 145 with value: 0.8078341682250737.
[I 2025-03-11 13:09:45,215] Trial 182 finished with value: 0.8068581835754682 and parameters: {'n_estimators': 1774, 'learning_rate': 0.013075930996030822, 'max_depth': 11, 'min_child_weight': 5, 'subsample': 0.827193109320549, 'colsample_bytree': 0.7941013528265272, 'reg_alpha': 0.02324671781212428, 'reg_lambda': 8.81366337438203}. Best is trial 145 with value: 0.8078341682250737.
[I 2025-03-11 13:10:02,441] Trial 183 finished with value: 0.807262367475167 and parameters: {'n_estimators': 1960, 'learning_rate': 0.010809290933474155, 'max_depth': 11, 'min_child_weight': 5, 'subsample': 0.85574935138564, 'colsample_bytree': 0.8146909794566308, 'reg_alpha': 0.030380875335669306, 'reg_lambda': 7.2898684554424245}. Best is trial 145 with value: 0.8078341682250737.
[I 2025-03-11 13:10:12,315] Trial 184 finished with value: 0.788432557970874 and parameters: {'n_estimators': 1955, 'learning_rate': 0.280354089761025, 'max_depth': 11, 'min_child_weight': 5, 'subsample': 0.8560480796445705, 'colsample_bytree': 0.7455231263842497, 'reg_alpha': 0.026733914693870348, 'reg_lambda': 7.431247644120468}. Best is trial 145 with value: 0.8078341682250737.
[I 2025-03-11 13:10:25,634] Trial 185 finished with value: 0.8067417874469758 and parameters: {'n_estimators': 1843, 'learning_rate': 0.011519038865682863, 'max_depth': 10, 'min_child_weight': 5, 'subsample': 0.8857818648795511, 'colsample_bytree': 0.8200967308674227, 'reg_alpha': 0.04302462355573322, 'reg_lambda': 5.4983446428668366}. Best is trial 145 with value: 0.8078341682250737.
[I 2025-03-11 13:10:42,395] Trial 186 finished with value: 0.8066500880992398 and parameters: {'n_estimators': 1913, 'learning_rate': 0.012358495859645293, 'max_depth': 11, 'min_child_weight': 5, 'subsample': 0.8686150348623208, 'colsample_bytree': 0.8376892676215696, 'reg_alpha': 0.03424167692808023, 'reg_lambda': 3.955020371767683}. Best is trial 145 with value: 0.8078341682250737.
[I 2025-03-11 13:10:59,698] Trial 187 finished with value: 0.8064068750054965 and parameters: {'n_estimators': 1990, 'learning_rate': 0.010686559621807557, 'max_depth': 11, 'min_child_weight': 5, 'subsample': 0.7832585724496113, 'colsample_bytree': 0.7772143383997988, 'reg_alpha': 0.013819867408865044, 'reg_lambda': 6.469745469647329}. Best is trial 145 with value: 0.8078341682250737.
[I 2025-03-11 13:11:02,868] Trial 188 finished with value: 0.8000819892963751 and parameters: {'n_estimators': 324, 'learning_rate': 0.011257540495475924, 'max_depth': 10, 'min_child_weight': 5, 'subsample': 0.8147585818672647, 'colsample_bytree': 0.7248939064601897, 'reg_alpha': 0.018393445278259105, 'reg_lambda': 4.983729060260233}. Best is trial 145 with value: 0.8078341682250737.
[I 2025-03-11 13:11:18,552] Trial 189 finished with value: 0.8067692149286939 and parameters: {'n_estimators': 1797, 'learning_rate': 0.010738056199976814, 'max_depth': 11, 'min_child_weight': 5, 'subsample': 0.9400661291469795, 'colsample_bytree': 0.7588658730557566, 'reg_alpha': 0.05848403990208462, 'reg_lambda': 7.81384172986466}. Best is trial 145 with value: 0.8078341682250737.
[I 2025-03-11 13:11:37,304] Trial 190 finished with value: 0.8072513442779025 and parameters: {'n_estimators': 2021, 'learning_rate': 0.012374337218058404, 'max_depth': 11, 'min_child_weight': 4, 'subsample': 0.9025398171461506, 'colsample_bytree': 0.8100851157850018, 'reg_alpha': 0.020894526254059034, 'reg_lambda': 5.428557938182264}. Best is trial 145 with value: 0.8078341682250737.
[I 2025-03-11 13:11:46,930] Trial 191 finished with value: 0.8055755572708105 and parameters: {'n_estimators': 829, 'learning_rate': 0.01205380615472595, 'max_depth': 11, 'min_child_weight': 3, 'subsample': 0.8994569695010961, 'colsample_bytree': 0.8076976137637673, 'reg_alpha': 0.02026262787978131, 'reg_lambda': 6.029032845267017}. Best is trial 145 with value: 0.8078341682250737.
[I 2025-03-11 13:12:05,728] Trial 192 finished with value: 0.8063787246911709 and parameters: {'n_estimators': 2033, 'learning_rate': 0.013007760843261962, 'max_depth': 11, 'min_child_weight': 4, 'subsample': 0.9529822740070226, 'colsample_bytree': 0.8195157206751054, 'reg_alpha': 0.025692791735880943, 'reg_lambda': 5.054555474678878}. Best is trial 145 with value: 0.8078341682250737.
[I 2025-03-11 13:12:23,895] Trial 193 finished with value: 0.806639868049317 and parameters: {'n_estimators': 1921, 'learning_rate': 0.010616735623143494, 'max_depth': 11, 'min_child_weight': 4, 'subsample': 0.8484949865695239, 'colsample_bytree': 0.7925778775717184, 'reg_alpha': 0.0320091940880984, 'reg_lambda': 4.1747849303926765}. Best is trial 145 with value: 0.8078341682250737.
[I 2025-03-11 13:12:39,657] Trial 194 finished with value: 0.8074534563064355 and parameters: {'n_estimators': 2103, 'learning_rate': 0.010007567555153337, 'max_depth': 10, 'min_child_weight': 5, 'subsample': 0.8842670629606024, 'colsample_bytree': 0.8413452395087357, 'reg_alpha': 0.014536141266203553, 'reg_lambda': 8.101286234441126}. Best is trial 145 with value: 0.8078341682250737.
[I 2025-03-11 13:12:53,624] Trial 195 finished with value: 0.8064420327803785 and parameters: {'n_estimators': 1867, 'learning_rate': 0.010006835490820355, 'max_depth': 10, 'min_child_weight': 5, 'subsample': 0.9224716684488415, 'colsample_bytree': 0.8570925522615023, 'reg_alpha': 0.01634550310467164, 'reg_lambda': 8.685390214261693}. Best is trial 145 with value: 0.8078341682250737.
[I 2025-03-11 13:13:07,691] Trial 196 finished with value: 0.8070955537723008 and parameters: {'n_estimators': 1977, 'learning_rate': 0.01152022562557345, 'max_depth': 10, 'min_child_weight': 6, 'subsample': 0.8831860092075037, 'colsample_bytree': 0.841117768128161, 'reg_alpha': 0.013422378039224608, 'reg_lambda': 7.434652150691308}. Best is trial 145 with value: 0.8078341682250737.
[I 2025-03-11 13:13:25,622] Trial 197 finished with value: 0.8060701956398657 and parameters: {'n_estimators': 2086, 'learning_rate': 0.012360564854445987, 'max_depth': 11, 'min_child_weight': 5, 'subsample': 0.9012052949900794, 'colsample_bytree': 0.7728545252272213, 'reg_alpha': 0.02065334520081948, 'reg_lambda': 5.65717468807564}. Best is trial 145 with value: 0.8078341682250737.
[I 2025-03-11 13:13:38,552] Trial 198 finished with value: 0.8063909526094478 and parameters: {'n_estimators': 2202, 'learning_rate': 0.01000243468918307, 'max_depth': 9, 'min_child_weight': 5, 'subsample': 0.869869777594859, 'colsample_bytree': 0.783392557958233, 'reg_alpha': 0.04151551228537223, 'reg_lambda': 8.38930946232661}. Best is trial 145 with value: 0.8078341682250737.
[I 2025-03-11 13:13:52,953] Trial 199 finished with value: 0.8057362268965129 and parameters: {'n_estimators': 1826, 'learning_rate': 0.013673974732546407, 'max_depth': 11, 'min_child_weight': 6, 'subsample': 0.9128273151959516, 'colsample_bytree': 0.7432552532056695, 'reg_alpha': 0.011141551027260154, 'reg_lambda': 0.0034805381989051762}. Best is trial 145 with value: 0.8078341682250737.
[I 2025-03-11 13:14:07,736] Trial 200 finished with value: 0.8073677604850785 and parameters: {'n_estimators': 2031, 'learning_rate': 0.011174602501764592, 'max_depth': 10, 'min_child_weight': 5, 'subsample': 0.8575024105023114, 'colsample_bytree': 0.8066274380896746, 'reg_alpha': 0.014272263309626053, 'reg_lambda': 3.8561728734504666}. Best is trial 145 with value: 0.8078341682250737.
[I 2025-03-11 13:14:22,262] Trial 201 finished with value: 0.8068684237040746 and parameters: {'n_estimators': 2021, 'learning_rate': 0.01132828564636125, 'max_depth': 10, 'min_child_weight': 5, 'subsample': 0.8568390647498139, 'colsample_bytree': 0.8118417458723658, 'reg_alpha': 0.015212246029929953, 'reg_lambda': 3.616536951174542}. Best is trial 145 with value: 0.8078341682250737.
[I 2025-03-11 13:14:36,308] Trial 202 finished with value: 0.8071660299515329 and parameters: {'n_estimators': 1946, 'learning_rate': 0.010710982525824702, 'max_depth': 10, 'min_child_weight': 5, 'subsample': 0.8400971185268696, 'colsample_bytree': 0.7960690374459417, 'reg_alpha': 0.009406701936400566, 'reg_lambda': 2.899097251672238}. Best is trial 145 with value: 0.8078341682250737.
[I 2025-03-11 13:14:50,549] Trial 203 finished with value: 0.8068921567080211 and parameters: {'n_estimators': 1947, 'learning_rate': 0.010713262009281816, 'max_depth': 10, 'min_child_weight': 5, 'subsample': 0.838922525760479, 'colsample_bytree': 0.7928599523502566, 'reg_alpha': 0.009430098876558154, 'reg_lambda': 2.9225338347754106}. Best is trial 145 with value: 0.8078341682250737.
[I 2025-03-11 13:15:02,772] Trial 204 finished with value: 0.8065793107397545 and parameters: {'n_estimators': 2087, 'learning_rate': 0.010600592226825422, 'max_depth': 9, 'min_child_weight': 5, 'subsample': 0.8604769538315842, 'colsample_bytree': 0.7619394204156585, 'reg_alpha': 0.012588297620277128, 'reg_lambda': 5.0140227611283885}. Best is trial 145 with value: 0.8078341682250737.
[I 2025-03-11 13:15:15,986] Trial 205 finished with value: 0.7988815651221381 and parameters: {'n_estimators': 2028, 'learning_rate': 0.061041221120512766, 'max_depth': 10, 'min_child_weight': 5, 'subsample': 0.8246263445568253, 'colsample_bytree': 0.8282341217472492, 'reg_alpha': 0.007748993898279423, 'reg_lambda': 9.965062090067818}. Best is trial 145 with value: 0.8078341682250737.
[I 2025-03-11 13:15:31,409] Trial 206 finished with value: 0.807615832620239 and parameters: {'n_estimators': 2149, 'learning_rate': 0.010029210803651302, 'max_depth': 10, 'min_child_weight': 5, 'subsample': 0.8394888776203069, 'colsample_bytree': 0.7831164603807022, 'reg_alpha': 0.010814865345337434, 'reg_lambda': 2.832292088287497}. Best is trial 145 with value: 0.8078341682250737.
[I 2025-03-11 13:15:46,765] Trial 207 finished with value: 0.8068317801066106 and parameters: {'n_estimators': 2156, 'learning_rate': 0.010551067902369975, 'max_depth': 10, 'min_child_weight': 5, 'subsample': 0.8739084421146835, 'colsample_bytree': 0.7693472901705463, 'reg_alpha': 0.009867368063841737, 'reg_lambda': 2.7421518467341253}. Best is trial 145 with value: 0.8078341682250737.
[I 2025-03-11 13:16:01,974] Trial 208 finished with value: 0.8066385629348867 and parameters: {'n_estimators': 2111, 'learning_rate': 0.01053444006354186, 'max_depth': 10, 'min_child_weight': 5, 'subsample': 0.8495974342388176, 'colsample_bytree': 0.8043596653859085, 'reg_alpha': 0.01117258700135981, 'reg_lambda': 3.3221733019353143}. Best is trial 145 with value: 0.8078341682250737.
[I 2025-03-11 13:16:13,947] Trial 209 finished with value: 0.8059867285523821 and parameters: {'n_estimators': 2054, 'learning_rate': 0.01001057773009188, 'max_depth': 9, 'min_child_weight': 5, 'subsample': 0.8110927958174615, 'colsample_bytree': 0.749979485563884, 'reg_alpha': 0.008107650398787658, 'reg_lambda': 4.2948408781908665}. Best is trial 145 with value: 0.8078341682250737.
[I 2025-03-11 13:16:24,424] Trial 210 finished with value: 0.805799655457822 and parameters: {'n_estimators': 2175, 'learning_rate': 0.012146342567911595, 'max_depth': 8, 'min_child_weight': 5, 'subsample': 0.8775525829984115, 'colsample_bytree': 0.8494006087245837, 'reg_alpha': 0.013331987989348416, 'reg_lambda': 2.0528409257486966}. Best is trial 145 with value: 0.8078341682250737.
[I 2025-03-11 13:16:38,672] Trial 211 finished with value: 0.8067175926333078 and parameters: {'n_estimators': 1925, 'learning_rate': 0.011166793993993882, 'max_depth': 10, 'min_child_weight': 5, 'subsample': 0.8368709430298537, 'colsample_bytree': 0.7868263336334012, 'reg_alpha': 0.015785999014711876, 'reg_lambda': 6.793638166049862}. Best is trial 145 with value: 0.8078341682250737.
[I 2025-03-11 13:16:53,071] Trial 212 finished with value: 0.8058156380899213 and parameters: {'n_estimators': 1976, 'learning_rate': 0.011763719238910142, 'max_depth': 10, 'min_child_weight': 5, 'subsample': 0.8383124716801309, 'colsample_bytree': 0.7861313336644196, 'reg_alpha': 0.011171345621311632, 'reg_lambda': 5.60479864477791}. Best is trial 145 with value: 0.8078341682250737.
[I 2025-03-11 13:17:09,629] Trial 213 finished with value: 0.8073329038904498 and parameters: {'n_estimators': 1879, 'learning_rate': 0.011178930042250358, 'max_depth': 11, 'min_child_weight': 5, 'subsample': 0.8253607182806233, 'colsample_bytree': 0.8006850604959169, 'reg_alpha': 0.029249038378661586, 'reg_lambda': 2.922751867023652}. Best is trial 145 with value: 0.8078341682250737.
[I 2025-03-11 13:17:27,979] Trial 214 finished with value: 0.8069555651906465 and parameters: {'n_estimators': 2236, 'learning_rate': 0.01008011220853216, 'max_depth': 11, 'min_child_weight': 6, 'subsample': 0.817236036384772, 'colsample_bytree': 0.8095872960078877, 'reg_alpha': 0.028713552024199035, 'reg_lambda': 2.738569967244989}. Best is trial 145 with value: 0.8078341682250737.
[I 2025-03-11 13:17:39,640] Trial 215 finished with value: 0.8062662238272854 and parameters: {'n_estimators': 1912, 'learning_rate': 0.010899981163060927, 'max_depth': 9, 'min_child_weight': 4, 'subsample': 0.8006638507310266, 'colsample_bytree': 0.7995864567120905, 'reg_alpha': 0.008736520173495983, 'reg_lambda': 3.55918413590759}. Best is trial 145 with value: 0.8078341682250737.
[I 2025-03-11 13:17:57,316] Trial 216 finished with value: 0.8062628305297668 and parameters: {'n_estimators': 2000, 'learning_rate': 0.010003939677198379, 'max_depth': 11, 'min_child_weight': 5, 'subsample': 0.8577624135804077, 'colsample_bytree': 0.8256324323571342, 'reg_alpha': 0.03897414111622427, 'reg_lambda': 2.704622996063666}. Best is trial 145 with value: 0.8078341682250737.
[I 2025-03-11 13:18:13,809] Trial 217 finished with value: 0.8067943534404884 and parameters: {'n_estimators': 2034, 'learning_rate': 0.01113612691846473, 'max_depth': 11, 'min_child_weight': 6, 'subsample': 0.8244344283805012, 'colsample_bytree': 0.7612056668628153, 'reg_alpha': 0.012575306243931564, 'reg_lambda': 3.1444083608109303}. Best is trial 145 with value: 0.8078341682250737.
[I 2025-03-11 13:18:28,419] Trial 218 finished with value: 0.8072982480826564 and parameters: {'n_estimators': 2086, 'learning_rate': 0.012302183418845918, 'max_depth': 10, 'min_child_weight': 5, 'subsample': 0.8506077318282077, 'colsample_bytree': 0.7247303872820617, 'reg_alpha': 0.009941176282191707, 'reg_lambda': 2.3343738446284372}. Best is trial 145 with value: 0.8078341682250737.
[I 2025-03-11 13:18:43,187] Trial 219 finished with value: 0.8059584176085879 and parameters: {'n_estimators': 2146, 'learning_rate': 0.012816595537908254, 'max_depth': 10, 'min_child_weight': 5, 'subsample': 0.8640810736464929, 'colsample_bytree': 0.7130016054400995, 'reg_alpha': 0.02392473153134485, 'reg_lambda': 2.2061277386127323}. Best is trial 145 with value: 0.8078341682250737.
[I 2025-03-11 13:18:55,247] Trial 220 finished with value: 0.8060201194031121 and parameters: {'n_estimators': 2122, 'learning_rate': 0.012310067303807647, 'max_depth': 9, 'min_child_weight': 5, 'subsample': 0.8864962003197564, 'colsample_bytree': 0.7304874711224055, 'reg_alpha': 0.016275410074510006, 'reg_lambda': 2.2894771541930647}. Best is trial 145 with value: 0.8078341682250737.
[I 2025-03-11 13:19:09,943] Trial 221 finished with value: 0.8070815589298721 and parameters: {'n_estimators': 2072, 'learning_rate': 0.010687035801207449, 'max_depth': 10, 'min_child_weight': 5, 'subsample': 0.8483128059110923, 'colsample_bytree': 0.7418402047977232, 'reg_alpha': 0.009638063510167202, 'reg_lambda': 3.8949333596820983}. Best is trial 145 with value: 0.8078341682250737.
[I 2025-03-11 13:19:27,251] Trial 222 finished with value: 0.806634426726077 and parameters: {'n_estimators': 1972, 'learning_rate': 0.011711666072833636, 'max_depth': 11, 'min_child_weight': 5, 'subsample': 0.8280687308988904, 'colsample_bytree': 0.774927532306226, 'reg_alpha': 0.006803340020803193, 'reg_lambda': 1.8891590574644055}. Best is trial 145 with value: 0.8078341682250737.
[I 2025-03-11 13:19:40,608] Trial 223 finished with value: 0.8065981445449169 and parameters: {'n_estimators': 1895, 'learning_rate': 0.011160833619855632, 'max_depth': 10, 'min_child_weight': 6, 'subsample': 0.8083929047465431, 'colsample_bytree': 0.8004119874453837, 'reg_alpha': 0.011451371116629383, 'reg_lambda': 4.5573959988563715}. Best is trial 145 with value: 0.8078341682250737.
[I 2025-03-11 13:19:58,957] Trial 224 finished with value: 0.8071367953882957 and parameters: {'n_estimators': 2065, 'learning_rate': 0.010482987551009508, 'max_depth': 11, 'min_child_weight': 5, 'subsample': 0.8481279553885425, 'colsample_bytree': 0.8326360174935674, 'reg_alpha': 0.013870751178218886, 'reg_lambda': 3.125339441774009}. Best is trial 145 with value: 0.8078341682250737.
