[I 2025-03-11 16:31:37,746] Trial 901 finished with value: 0.8068996862143494 and parameters: {'n_estimators': 1533, 'learning_rate': 0.010012727918872536, 'max_depth': 12, 'min_child_weight': 7, 'subsample': 0.8245652257834052, 'colsample_bytree': 0.8734827163342511, 'reg_alpha': 0.05131685518956577, 'reg_lambda': 4.245558808359788}. Best is trial 285 with value: 0.808281942946742.
[I 2025-03-11 16:31:42,811] Trial 902 finished with value: 0.8028479082690082 and parameters: {'n_estimators': 391, 'learning_rate': 0.012849639619915391, 'max_depth': 12, 'min_child_weight': 7, 'subsample': 0.8026340202613554, 'colsample_bytree': 0.913380939200182, 'reg_alpha': 0.08814764893273926, 'reg_lambda': 3.842409510875746}. Best is trial 285 with value: 0.808281942946742.
[I 2025-03-11 16:32:11,848] Trial 903 finished with value: 0.8066201708607623 and parameters: {'n_estimators': 1583, 'learning_rate': 0.01111304349542965, 'max_depth': 12, 'min_child_weight': 1, 'subsample': 0.824806269163575, 'colsample_bytree': 0.8082154558020136, 'reg_alpha': 0.06848675641478925, 'reg_lambda': 4.891083272159883}. Best is trial 285 with value: 0.808281942946742.
[I 2025-03-11 16:32:26,396] Trial 904 finished with value: 0.8063787447698544 and parameters: {'n_estimators': 1700, 'learning_rate': 0.011905928209378785, 'max_depth': 12, 'min_child_weight': 8, 'subsample': 0.8113342918304449, 'colsample_bytree': 0.7836441494992146, 'reg_alpha': 0.06974290953828811, 'reg_lambda': 1.3603341869901575}. Best is trial 285 with value: 0.808281942946742.
[I 2025-03-11 16:32:42,696] Trial 905 finished with value: 0.8061207537650241 and parameters: {'n_estimators': 1635, 'learning_rate': 0.01114627843189409, 'max_depth': 12, 'min_child_weight': 6, 'subsample': 0.78034207440533, 'colsample_bytree': 0.8457600617715723, 'reg_alpha': 0.12041027570250912, 'reg_lambda': 3.011881185371881}. Best is trial 285 with value: 0.808281942946742.
[I 2025-03-11 16:32:56,518] Trial 906 finished with value: 0.8077541345924757 and parameters: {'n_estimators': 1447, 'learning_rate': 0.01067717956346647, 'max_depth': 12, 'min_child_weight': 7, 'subsample': 0.8399422144881756, 'colsample_bytree': 0.7639068630044951, 'reg_alpha': 0.09909946998244581, 'reg_lambda': 5.120486579611245}. Best is trial 285 with value: 0.808281942946742.
[I 2025-03-11 16:33:09,953] Trial 907 finished with value: 0.8067179540496114 and parameters: {'n_estimators': 1393, 'learning_rate': 0.012351244965317249, 'max_depth': 12, 'min_child_weight': 7, 'subsample': 0.8291727823492596, 'colsample_bytree': 0.8996477560334496, 'reg_alpha': 0.13551366344905005, 'reg_lambda': 3.6977799513658014}. Best is trial 285 with value: 0.808281942946742.
[I 2025-03-11 16:33:24,052] Trial 908 finished with value: 0.8075723622703708 and parameters: {'n_estimators': 1517, 'learning_rate': 0.011772084539169423, 'max_depth': 12, 'min_child_weight': 7, 'subsample': 0.8326488910112995, 'colsample_bytree': 0.8021071872841128, 'reg_alpha': 0.09510913575930754, 'reg_lambda': 2.4077617927042154}. Best is trial 285 with value: 0.808281942946742.
[I 2025-03-11 16:33:37,012] Trial 909 finished with value: 0.8066851053233369 and parameters: {'n_estimators': 1371, 'learning_rate': 0.013761627170765699, 'max_depth': 12, 'min_child_weight': 7, 'subsample': 0.8151636343591804, 'colsample_bytree': 0.8221326671019408, 'reg_alpha': 0.11724704154010185, 'reg_lambda': 4.763096732318554}. Best is trial 285 with value: 0.808281942946742.
[I 2025-03-11 16:33:51,306] Trial 910 finished with value: 0.8064670106627045 and parameters: {'n_estimators': 1486, 'learning_rate': 0.013038065199098522, 'max_depth': 12, 'min_child_weight': 7, 'subsample': 0.7966579809973662, 'colsample_bytree': 0.9956624772628248, 'reg_alpha': 0.0987925712357738, 'reg_lambda': 3.982804345227532}. Best is trial 285 with value: 0.808281942946742.
[I 2025-03-11 16:34:03,814] Trial 911 finished with value: 0.8074676318570161 and parameters: {'n_estimators': 1326, 'learning_rate': 0.011336063480691794, 'max_depth': 12, 'min_child_weight': 7, 'subsample': 0.8403230495113362, 'colsample_bytree': 0.759894066602014, 'reg_alpha': 0.07336935703906088, 'reg_lambda': 3.03492614155628}. Best is trial 285 with value: 0.808281942946742.
[I 2025-03-11 16:34:16,863] Trial 912 finished with value: 0.8075567611332586 and parameters: {'n_estimators': 1339, 'learning_rate': 0.010670405764553456, 'max_depth': 12, 'min_child_weight': 7, 'subsample': 0.8333320905474062, 'colsample_bytree': 0.7882949967169758, 'reg_alpha': 0.14391385455656378, 'reg_lambda': 4.922829270296718}. Best is trial 285 with value: 0.808281942946742.
[I 2025-03-11 16:34:32,395] Trial 913 finished with value: 0.8057909011517976 and parameters: {'n_estimators': 1675, 'learning_rate': 0.01222316432696591, 'max_depth': 12, 'min_child_weight': 7, 'subsample': 0.821706203989055, 'colsample_bytree': 0.8598903638609925, 'reg_alpha': 0.10926812885138534, 'reg_lambda': 4.007149824840046}. Best is trial 285 with value: 0.808281942946742.
[I 2025-03-11 16:34:46,104] Trial 914 finished with value: 0.8075900315118875 and parameters: {'n_estimators': 1424, 'learning_rate': 0.01125737452203588, 'max_depth': 12, 'min_child_weight': 7, 'subsample': 0.8434557995913986, 'colsample_bytree': 0.8425433590172893, 'reg_alpha': 0.061971424120241224, 'reg_lambda': 5.147132929121244}. Best is trial 285 with value: 0.808281942946742.
[I 2025-03-11 16:34:58,701] Trial 915 finished with value: 0.8068791657997695 and parameters: {'n_estimators': 1372, 'learning_rate': 0.010623135499690704, 'max_depth': 12, 'min_child_weight': 7, 'subsample': 0.8072961121618124, 'colsample_bytree': 0.8499793182790396, 'reg_alpha': 0.05444317023036439, 'reg_lambda': 0.0013511260166663257}. Best is trial 285 with value: 0.808281942946742.
[I 2025-03-11 16:35:10,764] Trial 916 finished with value: 0.8063213799709752 and parameters: {'n_estimators': 1233, 'learning_rate': 0.011190594842806482, 'max_depth': 12, 'min_child_weight': 7, 'subsample': 0.8388027987386583, 'colsample_bytree': 0.870821266343614, 'reg_alpha': 0.06054317548162469, 'reg_lambda': 3.3224393797722307}. Best is trial 285 with value: 0.808281942946742.
[I 2025-03-11 16:35:24,726] Trial 917 finished with value: 0.8061992814963567 and parameters: {'n_estimators': 1491, 'learning_rate': 0.012006665845607865, 'max_depth': 12, 'min_child_weight': 7, 'subsample': 0.8126096063931417, 'colsample_bytree': 0.8389118073809742, 'reg_alpha': 0.07720211535908934, 'reg_lambda': 4.460555215332522}. Best is trial 285 with value: 0.808281942946742.
[I 2025-03-11 16:35:38,987] Trial 918 finished with value: 0.8070051193816278 and parameters: {'n_estimators': 1481, 'learning_rate': 0.010634442930231625, 'max_depth': 12, 'min_child_weight': 7, 'subsample': 0.7960762777311077, 'colsample_bytree': 0.8594806213652422, 'reg_alpha': 0.04747431414257691, 'reg_lambda': 5.041279746918324}. Best is trial 285 with value: 0.808281942946742.
[I 2025-03-11 16:35:47,750] Trial 919 finished with value: 0.79226180386652 and parameters: {'n_estimators': 1420, 'learning_rate': 0.14407983067648727, 'max_depth': 12, 'min_child_weight': 7, 'subsample': 0.8417181201455927, 'colsample_bytree': 0.8809390778223727, 'reg_alpha': 0.08072607980864777, 'reg_lambda': 4.153815084304797}. Best is trial 285 with value: 0.808281942946742.
[I 2025-03-11 16:36:00,099] Trial 920 finished with value: 0.8052684136486699 and parameters: {'n_estimators': 1309, 'learning_rate': 0.012699223343865038, 'max_depth': 12, 'min_child_weight': 7, 'subsample': 0.8238266458310711, 'colsample_bytree': 0.8322040211499752, 'reg_alpha': 0.059663400259403185, 'reg_lambda': 2.6056069949698784}. Best is trial 285 with value: 0.808281942946742.
[I 2025-03-11 16:36:04,311] Trial 921 finished with value: 0.7998290179624304 and parameters: {'n_estimators': 1470, 'learning_rate': 0.011522372076729294, 'max_depth': 5, 'min_child_weight': 7, 'subsample': 0.7728615391350592, 'colsample_bytree': 0.8419605166176964, 'reg_alpha': 0.060432975605901516, 'reg_lambda': 3.264094891340553}. Best is trial 285 with value: 0.808281942946742.
[I 2025-03-11 16:36:17,668] Trial 922 finished with value: 0.8055698549246847 and parameters: {'n_estimators': 1435, 'learning_rate': 0.017560808692030777, 'max_depth': 12, 'min_child_weight': 7, 'subsample': 0.8368441504647237, 'colsample_bytree': 0.8225461297629268, 'reg_alpha': 0.08048135752530924, 'reg_lambda': 3.7833290068760403}. Best is trial 285 with value: 0.808281942946742.
[I 2025-03-11 16:36:33,805] Trial 923 finished with value: 0.8068416588189132 and parameters: {'n_estimators': 1437, 'learning_rate': 0.010659203216972049, 'max_depth': 13, 'min_child_weight': 7, 'subsample': 0.8177232737383889, 'colsample_bytree': 0.8636371143014664, 'reg_alpha': 0.09660184468425882, 'reg_lambda': 4.972466581387464}. Best is trial 285 with value: 0.808281942946742.
[I 2025-03-11 16:36:47,255] Trial 924 finished with value: 0.8064107100340531 and parameters: {'n_estimators': 1439, 'learning_rate': 0.011113685809713501, 'max_depth': 12, 'min_child_weight': 7, 'subsample': 0.8500070772802559, 'colsample_bytree': 0.8474503786213504, 'reg_alpha': 0.04929102164590637, 'reg_lambda': 0.1531051111733206}. Best is trial 285 with value: 0.808281942946742.
[I 2025-03-11 16:37:01,955] Trial 925 finished with value: 0.8064311902912659 and parameters: {'n_estimators': 1557, 'learning_rate': 0.01419712298610591, 'max_depth': 12, 'min_child_weight': 7, 'subsample': 0.8299400281300905, 'colsample_bytree': 0.8847298042194996, 'reg_alpha': 0.07188081531857143, 'reg_lambda': 4.796846798231532}. Best is trial 285 with value: 0.808281942946742.
[I 2025-03-11 16:37:15,558] Trial 926 finished with value: 0.8062449203440474 and parameters: {'n_estimators': 1435, 'learning_rate': 0.010645258255675652, 'max_depth': 12, 'min_child_weight': 7, 'subsample': 0.7983270100232012, 'colsample_bytree': 0.8293943197531953, 'reg_alpha': 0.10170216938475586, 'reg_lambda': 0.024318540048878883}. Best is trial 285 with value: 0.808281942946742.
[I 2025-03-11 16:37:31,805] Trial 927 finished with value: 0.8068067821456009 and parameters: {'n_estimators': 1372, 'learning_rate': 0.011830147229934569, 'max_depth': 13, 'min_child_weight': 6, 'subsample': 0.8476998823150323, 'colsample_bytree': 0.8160394051623869, 'reg_alpha': 0.06960409494447489, 'reg_lambda': 3.8130008806949807}. Best is trial 285 with value: 0.808281942946742.
[I 2025-03-11 16:37:48,572] Trial 928 finished with value: 0.8071082033429321 and parameters: {'n_estimators': 1716, 'learning_rate': 0.010024624691037232, 'max_depth': 12, 'min_child_weight': 7, 'subsample': 0.8124363461507537, 'colsample_bytree': 0.8489773173910017, 'reg_alpha': 0.03972278267675062, 'reg_lambda': 5.275299235831543}. Best is trial 285 with value: 0.808281942946742.
[I 2025-03-11 16:38:01,124] Trial 929 finished with value: 0.8067517866313796 and parameters: {'n_estimators': 1297, 'learning_rate': 0.013034067588804685, 'max_depth': 12, 'min_child_weight': 7, 'subsample': 0.8492056036802084, 'colsample_bytree': 0.8126416854748412, 'reg_alpha': 0.08453023669785512, 'reg_lambda': 4.454740259315417}. Best is trial 285 with value: 0.808281942946742.
[I 2025-03-11 16:38:16,164] Trial 930 finished with value: 0.8060341744815914 and parameters: {'n_estimators': 1464, 'learning_rate': 0.011153862827130951, 'max_depth': 12, 'min_child_weight': 6, 'subsample': 0.8341035720565593, 'colsample_bytree': 0.8302677181077072, 'reg_alpha': 0.12611831286717687, 'reg_lambda': 2.9095027608085133}. Best is trial 285 with value: 0.808281942946742.
[I 2025-03-11 16:38:34,070] Trial 931 finished with value: 0.806638944429874 and parameters: {'n_estimators': 1595, 'learning_rate': 0.01002403702514097, 'max_depth': 13, 'min_child_weight': 7, 'subsample': 0.7836038671974099, 'colsample_bytree': 0.8666807544727116, 'reg_alpha': 0.04715466807951815, 'reg_lambda': 3.591052178326561}. Best is trial 285 with value: 0.808281942946742.
[I 2025-03-11 16:38:48,963] Trial 932 finished with value: 0.8065883461473483 and parameters: {'n_estimators': 1506, 'learning_rate': 0.012083640349059213, 'max_depth': 12, 'min_child_weight': 6, 'subsample': 0.8248506441240054, 'colsample_bytree': 0.8046598742071256, 'reg_alpha': 0.05505401455632293, 'reg_lambda': 5.407941805245578}. Best is trial 285 with value: 0.808281942946742.
[I 2025-03-11 16:39:03,429] Trial 933 finished with value: 0.8063864148269673 and parameters: {'n_estimators': 1593, 'learning_rate': 0.01068641687248205, 'max_depth': 12, 'min_child_weight': 7, 'subsample': 0.8026477784257634, 'colsample_bytree': 0.8443918711423741, 'reg_alpha': 0.10513828493739984, 'reg_lambda': 0.07259146049717846}. Best is trial 285 with value: 0.808281942946742.
[I 2025-03-11 16:39:17,233] Trial 934 finished with value: 0.807521241942073 and parameters: {'n_estimators': 1360, 'learning_rate': 0.011485451220682721, 'max_depth': 12, 'min_child_weight': 6, 'subsample': 0.8479617225668402, 'colsample_bytree': 0.8032051759937806, 'reg_alpha': 0.06299520654350874, 'reg_lambda': 4.194894068734813}. Best is trial 285 with value: 0.808281942946742.
[I 2025-03-11 16:39:21,021] Trial 935 finished with value: 0.7947576243881472 and parameters: {'n_estimators': 1512, 'learning_rate': 0.01062927060076841, 'max_depth': 4, 'min_child_weight': 7, 'subsample': 0.8146739870786468, 'colsample_bytree': 0.8258511319197613, 'reg_alpha': 0.08583150714633009, 'reg_lambda': 5.412238790622334}. Best is trial 285 with value: 0.808281942946742.
[I 2025-03-11 16:39:37,833] Trial 936 finished with value: 0.8064663079087806 and parameters: {'n_estimators': 1597, 'learning_rate': 0.012421471698563807, 'max_depth': 13, 'min_child_weight': 7, 'subsample': 0.8330323215569742, 'colsample_bytree': 0.7934711951102946, 'reg_alpha': 0.16257640611787655, 'reg_lambda': 3.30712111804062}. Best is trial 285 with value: 0.808281942946742.
[I 2025-03-11 16:39:54,540] Trial 937 finished with value: 0.8075685874778648 and parameters: {'n_estimators': 1663, 'learning_rate': 0.011289884750636005, 'max_depth': 12, 'min_child_weight': 6, 'subsample': 0.8553711720261372, 'colsample_bytree': 0.8573675135610765, 'reg_alpha': 0.07814248288090254, 'reg_lambda': 5.271005430834479}. Best is trial 285 with value: 0.808281942946742.
[I 2025-03-11 16:40:11,759] Trial 938 finished with value: 0.8063707735324883 and parameters: {'n_estimators': 1554, 'learning_rate': 0.01063505758893124, 'max_depth': 13, 'min_child_weight': 7, 'subsample': 0.7675400039666751, 'colsample_bytree': 0.8946973218276344, 'reg_alpha': 0.1121971800327336, 'reg_lambda': 4.270103756053847}. Best is trial 285 with value: 0.808281942946742.
[I 2025-03-11 16:40:25,020] Trial 939 finished with value: 0.8066868521688051 and parameters: {'n_estimators': 1382, 'learning_rate': 0.011809296086877558, 'max_depth': 12, 'min_child_weight': 7, 'subsample': 0.8401426823255691, 'colsample_bytree': 0.8150949439006752, 'reg_alpha': 0.06924579433394097, 'reg_lambda': 2.606240861781701}. Best is trial 285 with value: 0.808281942946742.
[I 2025-03-11 16:40:41,999] Trial 940 finished with value: 0.8069660462634554 and parameters: {'n_estimators': 1712, 'learning_rate': 0.010001584934802436, 'max_depth': 12, 'min_child_weight': 6, 'subsample': 0.7972795770239349, 'colsample_bytree': 0.8364332490520803, 'reg_alpha': 0.03680652052716551, 'reg_lambda': 2.109954062171734}. Best is trial 285 with value: 0.808281942946742.
[I 2025-03-11 16:40:55,729] Trial 941 finished with value: 0.8064691992392107 and parameters: {'n_estimators': 1462, 'learning_rate': 0.013477113544372305, 'max_depth': 12, 'min_child_weight': 7, 'subsample': 0.8261339135290309, 'colsample_bytree': 0.7929583581497011, 'reg_alpha': 0.05424075287207174, 'reg_lambda': 5.3296987647485095}. Best is trial 285 with value: 0.808281942946742.
[I 2025-03-11 16:41:10,274] Trial 942 finished with value: 0.8070811975135683 and parameters: {'n_estimators': 1512, 'learning_rate': 0.011121734273321162, 'max_depth': 12, 'min_child_weight': 7, 'subsample': 0.8506583674120867, 'colsample_bytree': 0.8178278935649221, 'reg_alpha': 0.09142287939772005, 'reg_lambda': 3.7084078731895764}. Best is trial 285 with value: 0.808281942946742.
[I 2025-03-11 16:41:26,525] Trial 943 finished with value: 0.8066336637361025 and parameters: {'n_estimators': 1421, 'learning_rate': 0.010618413989430631, 'max_depth': 13, 'min_child_weight': 7, 'subsample': 0.8139084986088622, 'colsample_bytree': 0.8779128896265561, 'reg_alpha': 0.13172071954656883, 'reg_lambda': 4.360857592007221}. Best is trial 285 with value: 0.808281942946742.
[I 2025-03-11 16:41:42,491] Trial 944 finished with value: 0.8074460271935249 and parameters: {'n_estimators': 1630, 'learning_rate': 0.012503726624818573, 'max_depth': 12, 'min_child_weight': 6, 'subsample': 0.8378435782243449, 'colsample_bytree': 0.7808094205167576, 'reg_alpha': 0.04085264546684425, 'reg_lambda': 5.501915827588505}. Best is trial 285 with value: 0.808281942946742.
[I 2025-03-11 16:42:00,839] Trial 945 finished with value: 0.8073935816721134 and parameters: {'n_estimators': 1719, 'learning_rate': 0.011551625377679925, 'max_depth': 12, 'min_child_weight': 5, 'subsample': 0.8533493211001667, 'colsample_bytree': 0.805395615686192, 'reg_alpha': 0.15512194132273738, 'reg_lambda': 3.1314274395474326}. Best is trial 285 with value: 0.808281942946742.
[I 2025-03-11 16:42:16,642] Trial 946 finished with value: 0.8052005878556653 and parameters: {'n_estimators': 1556, 'learning_rate': 0.024628136806274178, 'max_depth': 13, 'min_child_weight': 6, 'subsample': 0.8171388107960831, 'colsample_bytree': 0.8422597873659495, 'reg_alpha': 0.10032669973037553, 'reg_lambda': 4.525695176804525}. Best is trial 285 with value: 0.808281942946742.
[I 2025-03-11 16:42:33,240] Trial 947 finished with value: 0.8058994665937087 and parameters: {'n_estimators': 1746, 'learning_rate': 0.010588590502340562, 'max_depth': 12, 'min_child_weight': 7, 'subsample': 0.7928310673926174, 'colsample_bytree': 0.8253725639451515, 'reg_alpha': 0.19121310438287586, 'reg_lambda': 3.7263441775632096}. Best is trial 285 with value: 0.808281942946742.
[I 2025-03-11 16:42:48,994] Trial 948 finished with value: 0.8058595702495109 and parameters: {'n_estimators': 1684, 'learning_rate': 0.011237750181078079, 'max_depth': 12, 'min_child_weight': 5, 'subsample': 0.6419679027835676, 'colsample_bytree': 0.5203739672357717, 'reg_alpha': 0.06504499510425843, 'reg_lambda': 5.518165987420953}. Best is trial 285 with value: 0.808281942946742.
[I 2025-03-11 16:42:57,293] Trial 949 finished with value: 0.7839101758406775 and parameters: {'n_estimators': 1618, 'learning_rate': 0.2884512689538783, 'max_depth': 12, 'min_child_weight': 7, 'subsample': 0.828331013537183, 'colsample_bytree': 0.8619731615667975, 'reg_alpha': 0.07903722265776993, 'reg_lambda': 4.649557203719345}. Best is trial 285 with value: 0.808281942946742.
[I 2025-03-11 16:43:16,455] Trial 950 finished with value: 0.8069770293033529 and parameters: {'n_estimators': 1759, 'learning_rate': 0.012047954766226525, 'max_depth': 13, 'min_child_weight': 6, 'subsample': 0.8570112184392521, 'colsample_bytree': 0.7801582854703055, 'reg_alpha': 0.030982362178548876, 'reg_lambda': 2.871696044591912}. Best is trial 285 with value: 0.808281942946742.
[I 2025-03-11 16:43:34,480] Trial 951 finished with value: 0.8076394049947171 and parameters: {'n_estimators': 1659, 'learning_rate': 0.01046982542764848, 'max_depth': 12, 'min_child_weight': 5, 'subsample': 0.8432229043225564, 'colsample_bytree': 0.7965905635356875, 'reg_alpha': 0.04675118081251757, 'reg_lambda': 5.733993946913989}. Best is trial 285 with value: 0.808281942946742.
[I 2025-03-11 16:43:52,548] Trial 952 finished with value: 0.8067947349354758 and parameters: {'n_estimators': 1676, 'learning_rate': 0.010068083394037385, 'max_depth': 12, 'min_child_weight': 5, 'subsample': 0.8057446191593656, 'colsample_bytree': 0.7862513914613167, 'reg_alpha': 0.04894031718808547, 'reg_lambda': 5.821881761749378}. Best is trial 285 with value: 0.808281942946742.
[I 2025-03-11 16:44:12,796] Trial 953 finished with value: 0.8074306268432482 and parameters: {'n_estimators': 1626, 'learning_rate': 0.010496699993772557, 'max_depth': 13, 'min_child_weight': 5, 'subsample': 0.7790917527175316, 'colsample_bytree': 0.7942146017256265, 'reg_alpha': 0.04143076120855336, 'reg_lambda': 5.9338932278466325}. Best is trial 285 with value: 0.808281942946742.
[I 2025-03-11 16:44:24,570] Trial 954 finished with value: 0.7979137725754177 and parameters: {'n_estimators': 1665, 'learning_rate': 0.08383704117254155, 'max_depth': 12, 'min_child_weight': 5, 'subsample': 0.8611724974660511, 'colsample_bytree': 0.8015624415107133, 'reg_alpha': 0.03887600462459303, 'reg_lambda': 4.114138317392324}. Best is trial 285 with value: 0.808281942946742.
[I 2025-03-11 16:44:41,708] Trial 955 finished with value: 0.8056963104736317 and parameters: {'n_estimators': 1733, 'learning_rate': 0.010011505073456382, 'max_depth': 12, 'min_child_weight': 5, 'subsample': 0.7509578211605323, 'colsample_bytree': 0.4976584295882848, 'reg_alpha': 0.03394068250195816, 'reg_lambda': 3.4233590774129645}. Best is trial 285 with value: 0.808281942946742.
[I 2025-03-11 16:45:01,223] Trial 956 finished with value: 0.8067516059232278 and parameters: {'n_estimators': 1596, 'learning_rate': 0.0107561876315598, 'max_depth': 13, 'min_child_weight': 5, 'subsample': 0.8371607296008303, 'colsample_bytree': 0.7706885373332801, 'reg_alpha': 0.04900593804788001, 'reg_lambda': 5.935816355990772}. Best is trial 285 with value: 0.808281942946742.
[I 2025-03-11 16:45:14,861] Trial 957 finished with value: 0.8009916138968745 and parameters: {'n_estimators': 1663, 'learning_rate': 0.01070877400368622, 'max_depth': 12, 'min_child_weight': 5, 'subsample': 0.31645206551216293, 'colsample_bytree': 0.7766610483472272, 'reg_alpha': 0.028589187659413488, 'reg_lambda': 4.650499883597642}. Best is trial 285 with value: 0.808281942946742.
