[I 2025-03-11 15:42:45,345] Trial 732 finished with value: 0.8070812376709353 and parameters: {'n_estimators': 2465, 'learning_rate': 0.010044573001076253, 'max_depth': 11, 'min_child_weight': 8, 'subsample': 0.9629187128459007, 'colsample_bytree': 0.7588818814419335, 'reg_alpha': 0.012792619032587157, 'reg_lambda': 6.974421706210181}. Best is trial 285 with value: 0.808281942946742.
[I 2025-03-11 15:43:04,277] Trial 733 finished with value: 0.806534013229684 and parameters: {'n_estimators': 2071, 'learning_rate': 0.011641518642129046, 'max_depth': 11, 'min_child_weight': 4, 'subsample': 0.832422381048069, 'colsample_bytree': 0.6907898053008559, 'reg_alpha': 0.005900412098741813, 'reg_lambda': 7.954195178421447}. Best is trial 285 with value: 0.808281942946742.
[I 2025-03-11 15:43:16,976] Trial 734 finished with value: 0.8049920104910319 and parameters: {'n_estimators': 2203, 'learning_rate': 0.012720253764179942, 'max_depth': 9, 'min_child_weight': 5, 'subsample': 0.8140179688616145, 'colsample_bytree': 0.7284887299422232, 'reg_alpha': 0.487538569282169, 'reg_lambda': 5.829361626466167}. Best is trial 285 with value: 0.808281942946742.
[I 2025-03-11 15:43:32,176] Trial 735 finished with value: 0.8062301223542772 and parameters: {'n_estimators': 2111, 'learning_rate': 0.011086987506682702, 'max_depth': 10, 'min_child_weight': 5, 'subsample': 0.8679581515805699, 'colsample_bytree': 0.7862785590604788, 'reg_alpha': 0.008183629135802045, 'reg_lambda': 9.995485569828936}. Best is trial 285 with value: 0.808281942946742.
[I 2025-03-11 15:44:00,568] Trial 736 finished with value: 0.8065688296669457 and parameters: {'n_estimators': 1954, 'learning_rate': 0.010039280920329626, 'max_depth': 13, 'min_child_weight': 3, 'subsample': 0.8490787798295032, 'colsample_bytree': 0.7596165670947028, 'reg_alpha': 0.019901854206989925, 'reg_lambda': 4.772517642541721}. Best is trial 285 with value: 0.808281942946742.
[I 2025-03-11 15:44:15,861] Trial 737 finished with value: 0.8066309932711913 and parameters: {'n_estimators': 2030, 'learning_rate': 0.011898848743768961, 'max_depth': 11, 'min_child_weight': 8, 'subsample': 0.8378138350559065, 'colsample_bytree': 0.7724798276005379, 'reg_alpha': 0.0112004258492285, 'reg_lambda': 6.646563409623594}. Best is trial 285 with value: 0.808281942946742.
[I 2025-03-11 15:44:33,648] Trial 738 finished with value: 0.8061282832713523 and parameters: {'n_estimators': 2139, 'learning_rate': 0.010655584190685245, 'max_depth': 11, 'min_child_weight': 5, 'subsample': 0.6584625879864515, 'colsample_bytree': 0.7364105113433185, 'reg_alpha': 0.01495691702773922, 'reg_lambda': 3.525072404883523}. Best is trial 285 with value: 0.808281942946742.
[I 2025-03-11 15:45:00,041] Trial 739 finished with value: 0.8072999547707573 and parameters: {'n_estimators': 1943, 'learning_rate': 0.011250669082058254, 'max_depth': 14, 'min_child_weight': 5, 'subsample': 0.8756544478755042, 'colsample_bytree': 0.7114376307720089, 'reg_alpha': 0.010503753649942896, 'reg_lambda': 7.642381697710245}. Best is trial 285 with value: 0.808281942946742.
[I 2025-03-11 15:45:17,898] Trial 740 finished with value: 0.8065403982510503 and parameters: {'n_estimators': 2334, 'learning_rate': 0.012246505689023024, 'max_depth': 10, 'min_child_weight': 5, 'subsample': 0.7994666138491695, 'colsample_bytree': 0.7921958591815939, 'reg_alpha': 1.0520317692405472, 'reg_lambda': 4.298566584853323}. Best is trial 285 with value: 0.808281942946742.
[I 2025-03-11 15:45:40,854] Trial 741 finished with value: 0.804331100543566 and parameters: {'n_estimators': 2006, 'learning_rate': 0.010677835496692207, 'max_depth': 13, 'min_child_weight': 5, 'subsample': 0.8194236677674811, 'colsample_bytree': 0.48239119984988255, 'reg_alpha': 0.0807334944074444, 'reg_lambda': 8.53762123963619}. Best is trial 285 with value: 0.808281942946742.
[I 2025-03-11 15:45:59,749] Trial 742 finished with value: 0.8048312003145446 and parameters: {'n_estimators': 2059, 'learning_rate': 0.010011878362299822, 'max_depth': 11, 'min_child_weight': 4, 'subsample': 0.5559992085153586, 'colsample_bytree': 0.770277461493029, 'reg_alpha': 0.30917416896005484, 'reg_lambda': 5.66155274256051}. Best is trial 285 with value: 0.808281942946742.
[I 2025-03-11 15:46:17,625] Trial 743 finished with value: 0.8071773944864176 and parameters: {'n_estimators': 2192, 'learning_rate': 0.011520510659676644, 'max_depth': 11, 'min_child_weight': 5, 'subsample': 0.9873863264333059, 'colsample_bytree': 0.7417719971575253, 'reg_alpha': 0.014223989808296625, 'reg_lambda': 6.550946982348643}. Best is trial 285 with value: 0.808281942946742.
[I 2025-03-11 15:46:30,609] Trial 744 finished with value: 0.8045851962837891 and parameters: {'n_estimators': 1917, 'learning_rate': 0.01297506774109625, 'max_depth': 11, 'min_child_weight': 8, 'subsample': 0.48593542556868347, 'colsample_bytree': 0.800080990655582, 'reg_alpha': 0.00915628643060793, 'reg_lambda': 5.088062097754109}. Best is trial 285 with value: 0.808281942946742.
[I 2025-03-11 15:46:58,534] Trial 745 finished with value: 0.8047005282420538 and parameters: {'n_estimators': 2109, 'learning_rate': 0.01930698912220435, 'max_depth': 13, 'min_child_weight': 3, 'subsample': 0.8506922395596429, 'colsample_bytree': 0.7879483712223956, 'reg_alpha': 0.11568029556594832, 'reg_lambda': 8.574662188375434}. Best is trial 285 with value: 0.808281942946742.
[I 2025-03-11 15:47:19,668] Trial 746 finished with value: 0.8053284890698272 and parameters: {'n_estimators': 1993, 'learning_rate': 0.010014220322680612, 'max_depth': 11, 'min_child_weight': 2, 'subsample': 0.7709810384486595, 'colsample_bytree': 0.5750459760118641, 'reg_alpha': 0.020593591117470875, 'reg_lambda': 3.050245946301331}. Best is trial 285 with value: 0.808281942946742.
[I 2025-03-11 15:47:42,414] Trial 747 finished with value: 0.8063353748134037 and parameters: {'n_estimators': 2275, 'learning_rate': 0.011056188588916025, 'max_depth': 14, 'min_child_weight': 9, 'subsample': 0.8588861504272135, 'colsample_bytree': 0.7489792197508447, 'reg_alpha': 0.012945101280966225, 'reg_lambda': 7.18668895670233}. Best is trial 285 with value: 0.808281942946742.
[I 2025-03-11 15:48:07,817] Trial 748 finished with value: 0.8063028071886988 and parameters: {'n_estimators': 2955, 'learning_rate': 0.011799731500510632, 'max_depth': 11, 'min_child_weight': 4, 'subsample': 0.8291894182524863, 'colsample_bytree': 0.7690407643649412, 'reg_alpha': 0.007464732611900344, 'reg_lambda': 4.104944256365779}. Best is trial 285 with value: 0.808281942946742.
[I 2025-03-11 15:48:22,669] Trial 749 finished with value: 0.8071290249377652 and parameters: {'n_estimators': 1904, 'learning_rate': 0.010665628353482767, 'max_depth': 10, 'min_child_weight': 5, 'subsample': 0.8744774437278952, 'colsample_bytree': 0.8009755754386966, 'reg_alpha': 2.0148186653869775, 'reg_lambda': 6.217625304081329}. Best is trial 285 with value: 0.808281942946742.
[I 2025-03-11 15:48:42,869] Trial 750 finished with value: 0.8057129757809715 and parameters: {'n_estimators': 2175, 'learning_rate': 0.012537957538858306, 'max_depth': 13, 'min_child_weight': 8, 'subsample': 0.8086217802577046, 'colsample_bytree': 0.7221587115011087, 'reg_alpha': 0.01680841255616098, 'reg_lambda': 8.764799746992221}. Best is trial 285 with value: 0.808281942946742.
[I 2025-03-11 15:49:03,710] Trial 751 finished with value: 0.8070266638090684 and parameters: {'n_estimators': 2087, 'learning_rate': 0.011326036945818338, 'max_depth': 12, 'min_child_weight': 5, 'subsample': 0.8391898398425687, 'colsample_bytree': 0.7757063704212742, 'reg_alpha': 0.023437970431228968, 'reg_lambda': 5.805426557244825}. Best is trial 285 with value: 0.808281942946742.
[I 2025-03-11 15:49:22,154] Trial 752 finished with value: 0.8061393667046675 and parameters: {'n_estimators': 1975, 'learning_rate': 0.010567729342059738, 'max_depth': 11, 'min_child_weight': 5, 'subsample': 0.8720936216025313, 'colsample_bytree': 0.8945728604909802, 'reg_alpha': 0.7192337682694764, 'reg_lambda': 0.008775533285616234}. Best is trial 285 with value: 0.808281942946742.
[I 2025-03-11 15:49:40,335] Trial 753 finished with value: 0.8070946703102249 and parameters: {'n_estimators': 2017, 'learning_rate': 0.011920153578835526, 'max_depth': 12, 'min_child_weight': 8, 'subsample': 0.9333014018230992, 'colsample_bytree': 0.7886791850314356, 'reg_alpha': 0.009557061996261735, 'reg_lambda': 4.756909693419243}. Best is trial 285 with value: 0.808281942946742.
[I 2025-03-11 15:50:00,989] Trial 754 finished with value: 0.8063529838188701 and parameters: {'n_estimators': 2230, 'learning_rate': 0.010611008023350459, 'max_depth': 12, 'min_child_weight': 5, 'subsample': 0.8523776943845961, 'colsample_bytree': 0.7476518036935262, 'reg_alpha': 0.01073138440057136, 'reg_lambda': 0.2607460735889201}. Best is trial 285 with value: 0.808281942946742.
[I 2025-03-11 15:50:17,228] Trial 755 finished with value: 0.8058457962726012 and parameters: {'n_estimators': 1918, 'learning_rate': 0.011176675810869873, 'max_depth': 11, 'min_child_weight': 5, 'subsample': 0.8237936898278324, 'colsample_bytree': 0.7054638596760381, 'reg_alpha': 0.06364382156553669, 'reg_lambda': 7.538996030196226}. Best is trial 285 with value: 0.808281942946742.
[I 2025-03-11 15:50:34,486] Trial 756 finished with value: 0.8070481480004583 and parameters: {'n_estimators': 2138, 'learning_rate': 0.010000363690734707, 'max_depth': 10, 'min_child_weight': 3, 'subsample': 0.8412006248931959, 'colsample_bytree': 0.8088600485526352, 'reg_alpha': 0.0051692340177743965, 'reg_lambda': 8.732706635026926}. Best is trial 285 with value: 0.808281942946742.
[I 2025-03-11 15:50:46,694] Trial 757 finished with value: 0.7946110098409243 and parameters: {'n_estimators': 2041, 'learning_rate': 0.10501467601287347, 'max_depth': 11, 'min_child_weight': 5, 'subsample': 0.8587605367634478, 'colsample_bytree': 0.7642839140049857, 'reg_alpha': 0.013833597466864208, 'reg_lambda': 6.857338276124259}. Best is trial 285 with value: 0.808281942946742.
[I 2025-03-11 15:51:03,953] Trial 758 finished with value: 0.8056460736074098 and parameters: {'n_estimators': 1946, 'learning_rate': 0.012940316665424683, 'max_depth': 13, 'min_child_weight': 9, 'subsample': 0.8074449885775248, 'colsample_bytree': 0.780957483093621, 'reg_alpha': 0.00828441719041147, 'reg_lambda': 3.5781637087255405}. Best is trial 285 with value: 0.808281942946742.
[I 2025-03-11 15:51:19,133] Trial 759 finished with value: 0.8054327375947767 and parameters: {'n_estimators': 2084, 'learning_rate': 0.011628653294202039, 'max_depth': 11, 'min_child_weight': 8, 'subsample': 0.7499129071222356, 'colsample_bytree': 0.7338746860091365, 'reg_alpha': 0.15143099086223716, 'reg_lambda': 5.345872954977893}. Best is trial 285 with value: 0.808281942946742.
[I 2025-03-11 15:51:39,451] Trial 760 finished with value: 0.8072592552792179 and parameters: {'n_estimators': 1895, 'learning_rate': 0.010684617915151233, 'max_depth': 12, 'min_child_weight': 5, 'subsample': 0.8918102761529069, 'colsample_bytree': 0.8083553188269369, 'reg_alpha': 0.39311906357812126, 'reg_lambda': 4.208463733029394}. Best is trial 285 with value: 0.808281942946742.
[I 2025-03-11 15:52:03,025] Trial 761 finished with value: 0.7966402017570375 and parameters: {'n_estimators': 2178, 'learning_rate': 0.012118848097321482, 'max_depth': 13, 'min_child_weight': 4, 'subsample': 0.7895165157360837, 'colsample_bytree': 0.27026909135061306, 'reg_alpha': 0.0012653349564763843, 'reg_lambda': 7.20415182974776}. Best is trial 285 with value: 0.808281942946742.
[I 2025-03-11 15:52:13,123] Trial 762 finished with value: 0.7926718306631294 and parameters: {'n_estimators': 1986, 'learning_rate': 0.17122280232020579, 'max_depth': 10, 'min_child_weight': 5, 'subsample': 0.9572714844564804, 'colsample_bytree': 0.7541733762954637, 'reg_alpha': 0.22686300484229466, 'reg_lambda': 2.4025831220609914}. Best is trial 285 with value: 0.808281942946742.
[I 2025-03-11 15:52:23,362] Trial 763 finished with value: 0.7871958315367931 and parameters: {'n_estimators': 2073, 'learning_rate': 0.23384999818504001, 'max_depth': 11, 'min_child_weight': 8, 'subsample': 0.8806994024785889, 'colsample_bytree': 0.791124377799861, 'reg_alpha': 0.01803811300812706, 'reg_lambda': 8.73475076229076}. Best is trial 285 with value: 0.808281942946742.
[I 2025-03-11 15:52:51,073] Trial 764 finished with value: 0.8068778406066557 and parameters: {'n_estimators': 1869, 'learning_rate': 0.011118496606429678, 'max_depth': 12, 'min_child_weight': 2, 'subsample': 0.8319689645414763, 'colsample_bytree': 0.942829432031206, 'reg_alpha': 0.006595902403672926, 'reg_lambda': 5.825073879732719}. Best is trial 285 with value: 0.808281942946742.
[I 2025-03-11 15:53:07,386] Trial 765 finished with value: 0.8070024288380333 and parameters: {'n_estimators': 1940, 'learning_rate': 0.010573370901217237, 'max_depth': 11, 'min_child_weight': 5, 'subsample': 0.9259403096685397, 'colsample_bytree': 0.6841846334012084, 'reg_alpha': 0.01255412285455432, 'reg_lambda': 9.886657953063056}. Best is trial 285 with value: 0.808281942946742.
[I 2025-03-11 15:53:27,968] Trial 766 finished with value: 0.8067367677760904 and parameters: {'n_estimators': 2126, 'learning_rate': 0.012948101798494463, 'max_depth': 12, 'min_child_weight': 5, 'subsample': 0.8572738558118248, 'colsample_bytree': 0.7649666040162257, 'reg_alpha': 0.010318304266334013, 'reg_lambda': 4.727762600839821}. Best is trial 285 with value: 0.808281942946742.
[I 2025-03-11 15:53:54,405] Trial 767 finished with value: 0.8070999510039965 and parameters: {'n_estimators': 2247, 'learning_rate': 0.011255463346676134, 'max_depth': 13, 'min_child_weight': 5, 'subsample': 0.8436729153592354, 'colsample_bytree': 0.8780657949694758, 'reg_alpha': 0.014757916143052562, 'reg_lambda': 6.9101905846611915}. Best is trial 285 with value: 0.808281942946742.
[I 2025-03-11 15:54:11,392] Trial 768 finished with value: 0.8050048206911316 and parameters: {'n_estimators': 2021, 'learning_rate': 0.012019514380624818, 'max_depth': 11, 'min_child_weight': 4, 'subsample': 0.46060267260710464, 'colsample_bytree': 0.8170411274226581, 'reg_alpha': 0.022633263213652943, 'reg_lambda': 6.2093599378499755}. Best is trial 285 with value: 0.808281942946742.
[I 2025-03-11 15:54:21,262] Trial 769 finished with value: 0.806619046454484 and parameters: {'n_estimators': 1860, 'learning_rate': 0.010004635935901307, 'max_depth': 9, 'min_child_weight': 8, 'subsample': 0.901565264871652, 'colsample_bytree': 0.7785337181396447, 'reg_alpha': 0.008565322058648477, 'reg_lambda': 3.259408593020191}. Best is trial 285 with value: 0.808281942946742.
[I 2025-03-11 15:54:36,717] Trial 770 finished with value: 0.8067525496213541 and parameters: {'n_estimators': 2150, 'learning_rate': 0.010000536640552095, 'max_depth': 10, 'min_child_weight': 5, 'subsample': 0.8183686614015789, 'colsample_bytree': 0.7997450053913426, 'reg_alpha': 0.09209071588965957, 'reg_lambda': 7.888894414858774}. Best is trial 285 with value: 0.808281942946742.
[I 2025-03-11 15:55:03,777] Trial 771 finished with value: 0.8063171232900643 and parameters: {'n_estimators': 2321, 'learning_rate': 0.010705552973497592, 'max_depth': 12, 'min_child_weight': 3, 'subsample': 0.8710809776774193, 'colsample_bytree': 0.7319992715788489, 'reg_alpha': 0.01172577095860673, 'reg_lambda': 5.245067056634279}. Best is trial 285 with value: 0.808281942946742.
[I 2025-03-11 15:55:20,638] Trial 772 finished with value: 0.8069848399112506 and parameters: {'n_estimators': 1965, 'learning_rate': 0.011100907536401724, 'max_depth': 11, 'min_child_weight': 5, 'subsample': 0.8280194224326489, 'colsample_bytree': 0.8214518358981339, 'reg_alpha': 0.01818910070180722, 'reg_lambda': 3.9279584386144983}. Best is trial 285 with value: 0.808281942946742.
[I 2025-03-11 15:55:41,050] Trial 773 finished with value: 0.8067928073818558 and parameters: {'n_estimators': 2214, 'learning_rate': 0.01363568546870943, 'max_depth': 13, 'min_child_weight': 8, 'subsample': 0.8582399284568546, 'colsample_bytree': 0.7559958257711471, 'reg_alpha': 0.02753010591247257, 'reg_lambda': 8.34899247343698}. Best is trial 285 with value: 0.808281942946742.
[I 2025-03-11 15:55:58,282] Trial 774 finished with value: 0.8063252551568986 and parameters: {'n_estimators': 2070, 'learning_rate': 0.01230683116448742, 'max_depth': 11, 'min_child_weight': 5, 'subsample': 0.9429907835010878, 'colsample_bytree': 0.7854725417895277, 'reg_alpha': 0.010321653092928948, 'reg_lambda': 6.417693287367623}. Best is trial 285 with value: 0.808281942946742.
[I 2025-03-11 15:56:17,213] Trial 775 finished with value: 0.8069662269716072 and parameters: {'n_estimators': 1902, 'learning_rate': 0.011644824645822137, 'max_depth': 12, 'min_child_weight': 5, 'subsample': 0.8391221751199968, 'colsample_bytree': 0.7027573719503429, 'reg_alpha': 0.015675493770942753, 'reg_lambda': 4.538778520915754}. Best is trial 285 with value: 0.808281942946742.
[I 2025-03-11 15:56:30,923] Trial 776 finished with value: 0.8065344148033549 and parameters: {'n_estimators': 1828, 'learning_rate': 0.010755304554733095, 'max_depth': 10, 'min_child_weight': 4, 'subsample': 0.8051705475656962, 'colsample_bytree': 0.7244385643796152, 'reg_alpha': 0.6295995149338306, 'reg_lambda': 9.908869806003226}. Best is trial 285 with value: 0.808281942946742.
[I 2025-03-11 15:56:45,397] Trial 777 finished with value: 0.8075735870700667 and parameters: {'n_estimators': 2002, 'learning_rate': 0.010026619520441269, 'max_depth': 11, 'min_child_weight': 8, 'subsample': 0.8817832188510171, 'colsample_bytree': 0.7676215897219802, 'reg_alpha': 0.006565388468617548, 'reg_lambda': 7.221418618935378}. Best is trial 285 with value: 0.808281942946742.
[I 2025-03-11 15:57:02,285] Trial 778 finished with value: 0.8074436177514999 and parameters: {'n_estimators': 2002, 'learning_rate': 0.010558600956984741, 'max_depth': 11, 'min_child_weight': 5, 'subsample': 0.901896285810148, 'colsample_bytree': 0.7710682335075696, 'reg_alpha': 0.004788775183446461, 'reg_lambda': 5.462389050401331}. Best is trial 285 with value: 0.808281942946742.
[I 2025-03-11 15:57:17,687] Trial 779 finished with value: 0.807409383596061 and parameters: {'n_estimators': 1952, 'learning_rate': 0.010044256541584107, 'max_depth': 11, 'min_child_weight': 7, 'subsample': 0.9084798472524074, 'colsample_bytree': 0.7892529817441768, 'reg_alpha': 0.004461066975897558, 'reg_lambda': 6.2070776222107975}. Best is trial 285 with value: 0.808281942946742.
[I 2025-03-11 15:57:34,896] Trial 780 finished with value: 0.8065621635440097 and parameters: {'n_estimators': 2026, 'learning_rate': 0.010036342167779428, 'max_depth': 11, 'min_child_weight': 5, 'subsample': 0.8840229331464955, 'colsample_bytree': 0.7711226018632407, 'reg_alpha': 0.0061665061022655515, 'reg_lambda': 3.675217428115498}. Best is trial 285 with value: 0.808281942946742.
[I 2025-03-11 15:57:54,486] Trial 781 finished with value: 0.8068882413647306 and parameters: {'n_estimators': 1983, 'learning_rate': 0.011391928339231491, 'max_depth': 11, 'min_child_weight': 3, 'subsample': 0.919828915388516, 'colsample_bytree': 0.7598168748860865, 'reg_alpha': 0.00666900793816798, 'reg_lambda': 4.85218422011444}. Best is trial 285 with value: 0.808281942946742.
[I 2025-03-11 15:58:10,394] Trial 782 finished with value: 0.8068119022099041 and parameters: {'n_estimators': 1904, 'learning_rate': 0.011080645914576366, 'max_depth': 11, 'min_child_weight': 5, 'subsample': 0.8817646244828106, 'colsample_bytree': 0.805929917111313, 'reg_alpha': 0.003712115316973011, 'reg_lambda': 2.7609357334868525}. Best is trial 285 with value: 0.808281942946742.
[I 2025-03-11 15:58:19,094] Trial 783 finished with value: 0.8063678822020581 and parameters: {'n_estimators': 2043, 'learning_rate': 0.012517195478194245, 'max_depth': 8, 'min_child_weight': 8, 'subsample': 0.897093691636045, 'colsample_bytree': 0.7817112999078278, 'reg_alpha': 0.005188181407778331, 'reg_lambda': 7.154045672414488}. Best is trial 285 with value: 0.808281942946742.
[I 2025-03-11 15:58:31,139] Trial 784 finished with value: 0.8009909914576847 and parameters: {'n_estimators': 1940, 'learning_rate': 0.07458679883038996, 'max_depth': 11, 'min_child_weight': 5, 'subsample': 0.8734952606813058, 'colsample_bytree': 0.8010651721982908, 'reg_alpha': 0.008411245214033098, 'reg_lambda': 5.541876027989848}. Best is trial 285 with value: 0.808281942946742.
[I 2025-03-11 15:58:47,794] Trial 785 finished with value: 0.8065095172357628 and parameters: {'n_estimators': 1861, 'learning_rate': 0.010656116602965832, 'max_depth': 12, 'min_child_weight': 7, 'subsample': 0.9184557890536085, 'colsample_bytree': 0.7536595551290814, 'reg_alpha': 0.006760346616924822, 'reg_lambda': 7.076818958435576}. Best is trial 285 with value: 0.808281942946742.
[I 2025-03-11 15:59:05,010] Trial 786 finished with value: 0.8072996937478714 and parameters: {'n_estimators': 2081, 'learning_rate': 0.011429786088219497, 'max_depth': 11, 'min_child_weight': 5, 'subsample': 0.8732171325009954, 'colsample_bytree': 0.772523802071321, 'reg_alpha': 0.0058273801261387774, 'reg_lambda': 8.421388227155006}. Best is trial 285 with value: 0.808281942946742.
[I 2025-03-11 15:59:21,816] Trial 787 finished with value: 0.8068047943559302 and parameters: {'n_estimators': 2008, 'learning_rate': 0.011770430234911065, 'max_depth': 12, 'min_child_weight': 8, 'subsample': 0.8905027461864523, 'colsample_bytree': 0.8273199251190496, 'reg_alpha': 0.056202603380444215, 'reg_lambda': 4.104164821087292}. Best is trial 285 with value: 0.808281942946742.
