[I 2025-03-11 14:22:29,140] Trial 450 finished with value: 0.8077217075185554 and parameters: {'n_estimators': 1882, 'learning_rate': 0.012894768903924617, 'max_depth': 11, 'min_child_weight': 5, 'subsample': 0.9116635240215555, 'colsample_bytree': 0.792454009173399, 'reg_alpha': 0.7251017622216696, 'reg_lambda': 6.8171645416738755}. Best is trial 285 with value: 0.808281942946742.
[I 2025-03-11 14:22:45,063] Trial 451 finished with value: 0.8063810939758287 and parameters: {'n_estimators': 1768, 'learning_rate': 0.013336364419141185, 'max_depth': 11, 'min_child_weight': 5, 'subsample': 0.9413334967178576, 'colsample_bytree': 0.7728558230295952, 'reg_alpha': 0.5789386894940064, 'reg_lambda': 7.446565198270503}. Best is trial 285 with value: 0.808281942946742.
[I 2025-03-11 14:23:03,831] Trial 452 finished with value: 0.8067846955937048 and parameters: {'n_estimators': 1879, 'learning_rate': 0.014345931640255908, 'max_depth': 12, 'min_child_weight': 6, 'subsample': 0.9216245381613284, 'colsample_bytree': 0.7891432295794902, 'reg_alpha': 0.5690046014274244, 'reg_lambda': 6.473103551897588}. Best is trial 285 with value: 0.808281942946742.
[I 2025-03-11 14:23:15,787] Trial 453 finished with value: 0.8058109396779725 and parameters: {'n_estimators': 1742, 'learning_rate': 0.013125546718138963, 'max_depth': 10, 'min_child_weight': 6, 'subsample': 0.9154025690985353, 'colsample_bytree': 0.7275026060039533, 'reg_alpha': 0.5114303376844899, 'reg_lambda': 5.461501521612373}. Best is trial 285 with value: 0.808281942946742.
[I 2025-03-11 14:23:30,537] Trial 454 finished with value: 0.8059383389250458 and parameters: {'n_estimators': 1810, 'learning_rate': 0.01512348991837328, 'max_depth': 11, 'min_child_weight': 7, 'subsample': 0.9340098172642526, 'colsample_bytree': 0.797081408339796, 'reg_alpha': 0.7038453093461434, 'reg_lambda': 9.95946615158093}. Best is trial 285 with value: 0.808281942946742.
[I 2025-03-11 14:23:48,021] Trial 455 finished with value: 0.8070152791955002 and parameters: {'n_estimators': 1591, 'learning_rate': 0.012549494597651485, 'max_depth': 12, 'min_child_weight': 5, 'subsample': 0.899611125232895, 'colsample_bytree': 0.7673712119534478, 'reg_alpha': 0.6807590701167691, 'reg_lambda': 7.375990128741327}. Best is trial 285 with value: 0.808281942946742.
[I 2025-03-11 14:24:00,050] Trial 456 finished with value: 0.7962039722784058 and parameters: {'n_estimators': 1884, 'learning_rate': 0.12994797654583806, 'max_depth': 11, 'min_child_weight': 5, 'subsample': 0.9150035029527391, 'colsample_bytree': 0.785104669689502, 'reg_alpha': 0.7645640957184484, 'reg_lambda': 8.348753590668933}. Best is trial 285 with value: 0.808281942946742.
[I 2025-03-11 14:24:14,593] Trial 457 finished with value: 0.807120089923589 and parameters: {'n_estimators': 1675, 'learning_rate': 0.011842881487502692, 'max_depth': 11, 'min_child_weight': 6, 'subsample': 0.8833651129167276, 'colsample_bytree': 0.7399986547007393, 'reg_alpha': 1.1580526048770727, 'reg_lambda': 6.231439703781316}. Best is trial 285 with value: 0.808281942946742.
[I 2025-03-11 14:24:30,999] Trial 458 finished with value: 0.8064539394397188 and parameters: {'n_estimators': 1722, 'learning_rate': 0.012857411488794861, 'max_depth': 12, 'min_child_weight': 7, 'subsample': 0.9031405420822098, 'colsample_bytree': 0.8008737075673863, 'reg_alpha': 0.4534871859007672, 'reg_lambda': 5.306043481300613}. Best is trial 285 with value: 0.808281942946742.
[I 2025-03-11 14:24:49,155] Trial 459 finished with value: 0.8057084580771745 and parameters: {'n_estimators': 2142, 'learning_rate': 0.011435844006545593, 'max_depth': 11, 'min_child_weight': 5, 'subsample': 0.9261309413436675, 'colsample_bytree': 0.7060138781954381, 'reg_alpha': 0.2930599055958977, 'reg_lambda': 6.969089778546198}. Best is trial 285 with value: 0.808281942946742.
[I 2025-03-11 14:25:04,177] Trial 460 finished with value: 0.8067747566453515 and parameters: {'n_estimators': 2240, 'learning_rate': 0.011189283695937009, 'max_depth': 10, 'min_child_weight': 6, 'subsample': 0.8785341311788818, 'colsample_bytree': 0.7589425570553705, 'reg_alpha': 0.019414282874016874, 'reg_lambda': 8.850097909920814}. Best is trial 285 with value: 0.808281942946742.
[I 2025-03-11 14:25:22,172] Trial 461 finished with value: 0.8049516523371126 and parameters: {'n_estimators': 1847, 'learning_rate': 0.013751593954268924, 'max_depth': 12, 'min_child_weight': 5, 'subsample': 0.5772694249284113, 'colsample_bytree': 0.7790044038184817, 'reg_alpha': 0.3578203917920965, 'reg_lambda': 6.653621337131674}. Best is trial 285 with value: 0.808281942946742.
[I 2025-03-11 14:25:42,946] Trial 462 finished with value: 0.8072927063659988 and parameters: {'n_estimators': 2085, 'learning_rate': 0.010617535620169953, 'max_depth': 11, 'min_child_weight': 4, 'subsample': 0.8991026647770859, 'colsample_bytree': 0.8120900843257908, 'reg_alpha': 0.983815343070478, 'reg_lambda': 5.19946432183571}. Best is trial 285 with value: 0.808281942946742.
[I 2025-03-11 14:25:54,433] Trial 463 finished with value: 0.806530499460064 and parameters: {'n_estimators': 2008, 'learning_rate': 0.012307906129969801, 'max_depth': 9, 'min_child_weight': 7, 'subsample': 0.9585235124709334, 'colsample_bytree': 0.7970060549747637, 'reg_alpha': 1.2674051990784587, 'reg_lambda': 0.018761131407956533}. Best is trial 285 with value: 0.808281942946742.
[I 2025-03-11 14:26:09,702] Trial 464 finished with value: 0.8059303877663633 and parameters: {'n_estimators': 1907, 'learning_rate': 0.01658625952049288, 'max_depth': 11, 'min_child_weight': 6, 'subsample': 0.8696121246688202, 'colsample_bytree': 0.7725720945521326, 'reg_alpha': 0.0010148693689211662, 'reg_lambda': 8.436436362098654}. Best is trial 285 with value: 0.808281942946742.
[I 2025-03-11 14:26:26,766] Trial 465 finished with value: 0.8061946834778256 and parameters: {'n_estimators': 1808, 'learning_rate': 0.01493265544393725, 'max_depth': 12, 'min_child_weight': 5, 'subsample': 0.8868743026249567, 'colsample_bytree': 0.4656394171898962, 'reg_alpha': 0.11805146528151744, 'reg_lambda': 4.563025236757711}. Best is trial 285 with value: 0.808281942946742.
[I 2025-03-11 14:26:40,042] Trial 466 finished with value: 0.8064159505704575 and parameters: {'n_estimators': 1969, 'learning_rate': 0.011316207480796894, 'max_depth': 10, 'min_child_weight': 6, 'subsample': 0.8663572470952717, 'colsample_bytree': 0.7480524439884023, 'reg_alpha': 0.015969987514641563, 'reg_lambda': 7.184990857707077}. Best is trial 285 with value: 0.808281942946742.
[I 2025-03-11 14:26:53,037] Trial 467 finished with value: 0.806608565381675 and parameters: {'n_estimators': 1634, 'learning_rate': 0.010566650132621501, 'max_depth': 11, 'min_child_weight': 8, 'subsample': 0.9386552493476564, 'colsample_bytree': 0.8590484318545425, 'reg_alpha': 0.076570147516925, 'reg_lambda': 6.077601126808685}. Best is trial 285 with value: 0.808281942946742.
[I 2025-03-11 14:27:09,607] Trial 468 finished with value: 0.8067595169245432 and parameters: {'n_estimators': 1524, 'learning_rate': 0.011928857128951541, 'max_depth': 12, 'min_child_weight': 5, 'subsample': 0.910115244397839, 'colsample_bytree': 0.8242228386822471, 'reg_alpha': 0.03501307111910935, 'reg_lambda': 8.416709820474734}. Best is trial 285 with value: 0.808281942946742.
[I 2025-03-11 14:27:27,215] Trial 469 finished with value: 0.8057727701005594 and parameters: {'n_estimators': 1740, 'learning_rate': 0.010039629236370062, 'max_depth': 11, 'min_child_weight': 6, 'subsample': 0.7960011998540207, 'colsample_bytree': 0.88416644629401, 'reg_alpha': 4.688112211199711, 'reg_lambda': 4.187794460853449}. Best is trial 285 with value: 0.808281942946742.
[I 2025-03-11 14:27:47,578] Trial 470 finished with value: 0.806153421783147 and parameters: {'n_estimators': 2157, 'learning_rate': 0.013033305368278651, 'max_depth': 12, 'min_child_weight': 7, 'subsample': 0.8239558357236207, 'colsample_bytree': 0.7867565510092297, 'reg_alpha': 0.8579094068507334, 'reg_lambda': 9.924660653921368}. Best is trial 285 with value: 0.808281942946742.
[I 2025-03-11 14:28:05,908] Trial 471 finished with value: 0.8061524379276533 and parameters: {'n_estimators': 2067, 'learning_rate': 0.011143040657372098, 'max_depth': 11, 'min_child_weight': 5, 'subsample': 0.8565275744664205, 'colsample_bytree': 0.9569951072076812, 'reg_alpha': 0.002212781051870842, 'reg_lambda': 5.439072245041266}. Best is trial 285 with value: 0.808281942946742.
[I 2025-03-11 14:28:16,915] Trial 472 finished with value: 0.799921259434622 and parameters: {'n_estimators': 1900, 'learning_rate': 0.07821687257990542, 'max_depth': 10, 'min_child_weight': 6, 'subsample': 0.8874095034899416, 'colsample_bytree': 0.8439016388194467, 'reg_alpha': 0.05491891197122414, 'reg_lambda': 7.137146851053868}. Best is trial 285 with value: 0.808281942946742.
[I 2025-03-11 14:28:32,474] Trial 473 finished with value: 0.8069884741529718 and parameters: {'n_estimators': 1796, 'learning_rate': 0.01062358750653305, 'max_depth': 11, 'min_child_weight': 5, 'subsample': 0.902029105414277, 'colsample_bytree': 0.8129910448978199, 'reg_alpha': 0.028166915615535776, 'reg_lambda': 6.1375264408544625}. Best is trial 285 with value: 0.808281942946742.
[I 2025-03-11 14:28:52,653] Trial 474 finished with value: 0.8075442922707791 and parameters: {'n_estimators': 2010, 'learning_rate': 0.01194494862969339, 'max_depth': 12, 'min_child_weight': 5, 'subsample': 0.8491038819220459, 'colsample_bytree': 0.7617992441626885, 'reg_alpha': 0.012533800531851932, 'reg_lambda': 8.071101859695657}. Best is trial 285 with value: 0.808281942946742.
[I 2025-03-11 14:29:27,225] Trial 475 finished with value: 0.8063783431961835 and parameters: {'n_estimators': 2029, 'learning_rate': 0.012734424103876693, 'max_depth': 12, 'min_child_weight': 1, 'subsample': 0.8454742173339, 'colsample_bytree': 0.7195239260265934, 'reg_alpha': 0.011672723423696591, 'reg_lambda': 9.994454003634903}. Best is trial 285 with value: 0.808281942946742.
[I 2025-03-11 14:29:45,940] Trial 476 finished with value: 0.805734419814994 and parameters: {'n_estimators': 2019, 'learning_rate': 0.0140538927355109, 'max_depth': 12, 'min_child_weight': 5, 'subsample': 0.8247036101810812, 'colsample_bytree': 0.6191629763512874, 'reg_alpha': 0.013592072251674385, 'reg_lambda': 4.7697946398939095}. Best is trial 285 with value: 0.808281942946742.
[I 2025-03-11 14:30:06,733] Trial 477 finished with value: 0.8070562999459763 and parameters: {'n_estimators': 2103, 'learning_rate': 0.012092572699728668, 'max_depth': 12, 'min_child_weight': 5, 'subsample': 0.8379558637487852, 'colsample_bytree': 0.755914482103395, 'reg_alpha': 0.010736601858455232, 'reg_lambda': 6.853257869090844}. Best is trial 285 with value: 0.808281942946742.
[I 2025-03-11 14:30:27,126] Trial 478 finished with value: 0.8064533772365796 and parameters: {'n_estimators': 1989, 'learning_rate': 0.011837686885101345, 'max_depth': 12, 'min_child_weight': 5, 'subsample': 0.8527895777271597, 'colsample_bytree': 0.7642526369563499, 'reg_alpha': 0.24344443223740278, 'reg_lambda': 8.31309419539295}. Best is trial 285 with value: 0.808281942946742.
[I 2025-03-11 14:30:47,386] Trial 479 finished with value: 0.8058658147200924 and parameters: {'n_estimators': 2088, 'learning_rate': 0.013810943005325397, 'max_depth': 12, 'min_child_weight': 5, 'subsample': 0.8155414556290133, 'colsample_bytree': 0.8018930333428548, 'reg_alpha': 0.011872510813523815, 'reg_lambda': 5.381605362943535}. Best is trial 285 with value: 0.808281942946742.
[I 2025-03-11 14:30:54,860] Trial 480 finished with value: 0.8045775864627267 and parameters: {'n_estimators': 1948, 'learning_rate': 0.012480705950489902, 'max_depth': 7, 'min_child_weight': 5, 'subsample': 0.8648617354739688, 'colsample_bytree': 0.7343340669106779, 'reg_alpha': 0.01616635086340242, 'reg_lambda': 4.026465776857641}. Best is trial 285 with value: 0.808281942946742.
[I 2025-03-11 14:31:17,906] Trial 481 finished with value: 0.8071502280275853 and parameters: {'n_estimators': 2302, 'learning_rate': 0.0113321606589989, 'max_depth': 12, 'min_child_weight': 5, 'subsample': 0.8007912506129357, 'colsample_bytree': 0.8365219714153651, 'reg_alpha': 0.00846935641098945, 'reg_lambda': 6.171349958474541}. Best is trial 285 with value: 0.808281942946742.
[I 2025-03-11 14:31:43,150] Trial 482 finished with value: 0.8065379084942912 and parameters: {'n_estimators': 2202, 'learning_rate': 0.013194505011849688, 'max_depth': 13, 'min_child_weight': 5, 'subsample': 0.8357236564061992, 'colsample_bytree': 0.8180435317532877, 'reg_alpha': 0.18147046531344288, 'reg_lambda': 7.674430517291662}. Best is trial 285 with value: 0.808281942946742.
[I 2025-03-11 14:31:59,098] Trial 483 finished with value: 0.806446871743112 and parameters: {'n_estimators': 1952, 'learning_rate': 0.01172277095527731, 'max_depth': 12, 'min_child_weight': 9, 'subsample': 0.8737048525086372, 'colsample_bytree': 0.779047648497458, 'reg_alpha': 0.012438217984378632, 'reg_lambda': 4.815724944852843}. Best is trial 285 with value: 0.808281942946742.
[I 2025-03-11 14:32:22,966] Trial 484 finished with value: 0.8068370808790657 and parameters: {'n_estimators': 2155, 'learning_rate': 0.01102118692536161, 'max_depth': 13, 'min_child_weight': 6, 'subsample': 0.8556349632989133, 'colsample_bytree': 0.8584917315869645, 'reg_alpha': 0.009835648425062564, 'reg_lambda': 8.226508558842259}. Best is trial 285 with value: 0.808281942946742.
[I 2025-03-11 14:32:42,147] Trial 485 finished with value: 0.8068996058996152 and parameters: {'n_estimators': 2097, 'learning_rate': 0.012534811204222883, 'max_depth': 12, 'min_child_weight': 6, 'subsample': 0.7744481855331256, 'colsample_bytree': 0.7958555041197125, 'reg_alpha': 0.014669366920503066, 'reg_lambda': 5.958468373078228}. Best is trial 285 with value: 0.808281942946742.
[I 2025-03-11 14:32:59,311] Trial 486 finished with value: 0.803980888145228 and parameters: {'n_estimators': 2000, 'learning_rate': 0.027424438504612646, 'max_depth': 12, 'min_child_weight': 5, 'subsample': 0.8227205802668699, 'colsample_bytree': 0.743023088261078, 'reg_alpha': 0.017498739543351002, 'reg_lambda': 7.0710207568641525}. Best is trial 285 with value: 0.808281942946742.
[I 2025-03-11 14:33:18,867] Trial 487 finished with value: 0.8066948234061712 and parameters: {'n_estimators': 1877, 'learning_rate': 0.010627589351939564, 'max_depth': 13, 'min_child_weight': 7, 'subsample': 0.850044883457997, 'colsample_bytree': 0.9035080473184665, 'reg_alpha': 0.013455415565001976, 'reg_lambda': 4.051333307558315}. Best is trial 285 with value: 0.808281942946742.
[I 2025-03-11 14:33:38,849] Trial 488 finished with value: 0.8068318202639775 and parameters: {'n_estimators': 2044, 'learning_rate': 0.01173947199912768, 'max_depth': 12, 'min_child_weight': 5, 'subsample': 0.8353118896732006, 'colsample_bytree': 0.7606290366132423, 'reg_alpha': 0.009700211152730513, 'reg_lambda': 5.370933477147553}. Best is trial 285 with value: 0.808281942946742.
[I 2025-03-11 14:33:55,732] Trial 489 finished with value: 0.8067777684478827 and parameters: {'n_estimators': 1932, 'learning_rate': 0.011233226198534826, 'max_depth': 11, 'min_child_weight': 4, 'subsample': 0.8810525464466108, 'colsample_bytree': 0.838946413599154, 'reg_alpha': 0.007896378267940546, 'reg_lambda': 0.0025969609948525473}. Best is trial 285 with value: 0.808281942946742.
[I 2025-03-11 14:34:16,190] Trial 490 finished with value: 0.8066597861033905 and parameters: {'n_estimators': 2247, 'learning_rate': 0.015175190998876367, 'max_depth': 12, 'min_child_weight': 6, 'subsample': 0.8670272752642029, 'colsample_bytree': 0.807942587792002, 'reg_alpha': 0.011728262650811594, 'reg_lambda': 8.749808665934168}. Best is trial 285 with value: 0.808281942946742.
[I 2025-03-11 14:34:40,259] Trial 491 finished with value: 0.8068575410575949 and parameters: {'n_estimators': 2135, 'learning_rate': 0.01354358921839795, 'max_depth': 14, 'min_child_weight': 7, 'subsample': 0.8482236417792725, 'colsample_bytree': 0.7933209703430153, 'reg_alpha': 0.405186724779381, 'reg_lambda': 6.911304238810044}. Best is trial 285 with value: 0.808281942946742.
[I 2025-03-11 14:34:56,650] Trial 492 finished with value: 0.806747429557051 and parameters: {'n_estimators': 1869, 'learning_rate': 0.010022428569136788, 'max_depth': 11, 'min_child_weight': 6, 'subsample': 0.8044164503780535, 'colsample_bytree': 0.8258421209627057, 'reg_alpha': 0.7933017970506917, 'reg_lambda': 3.47457590074752}. Best is trial 285 with value: 0.808281942946742.
[I 2025-03-11 14:35:10,312] Trial 493 finished with value: 0.8060655775426511 and parameters: {'n_estimators': 2030, 'learning_rate': 0.012298427054243753, 'max_depth': 10, 'min_child_weight': 5, 'subsample': 0.8799181053076974, 'colsample_bytree': 0.6987851025637114, 'reg_alpha': 0.0187955535561958, 'reg_lambda': 4.599833306043363}. Best is trial 285 with value: 0.808281942946742.
[I 2025-03-11 14:35:19,995] Trial 494 finished with value: 0.8055765812836713 and parameters: {'n_estimators': 1664, 'learning_rate': 0.01065572010132104, 'max_depth': 9, 'min_child_weight': 5, 'subsample': 0.8207788084678839, 'colsample_bytree': 0.7805113664824479, 'reg_alpha': 0.1020633972434455, 'reg_lambda': 5.939525902482014}. Best is trial 285 with value: 0.808281942946742.
[I 2025-03-11 14:35:39,148] Trial 495 finished with value: 0.8074448626298795 and parameters: {'n_estimators': 1974, 'learning_rate': 0.011321652201780375, 'max_depth': 12, 'min_child_weight': 6, 'subsample': 0.859239843638426, 'colsample_bytree': 0.8488253477514551, 'reg_alpha': 0.015109586747683418, 'reg_lambda': 8.427689727974528}. Best is trial 285 with value: 0.808281942946742.
[I 2025-03-11 14:35:51,389] Trial 496 finished with value: 0.8042008501234297 and parameters: {'n_estimators': 1592, 'learning_rate': 0.010723580086585107, 'max_depth': 11, 'min_child_weight': 5, 'subsample': 0.3936024781066255, 'colsample_bytree': 0.7666423207545867, 'reg_alpha': 0.010771415527503332, 'reg_lambda': 7.351051256613342}. Best is trial 285 with value: 0.808281942946742.
[I 2025-03-11 14:36:16,083] Trial 497 finished with value: 0.8068780413934911 and parameters: {'n_estimators': 2191, 'learning_rate': 0.012003104896939716, 'max_depth': 13, 'min_child_weight': 6, 'subsample': 0.9174589741694242, 'colsample_bytree': 0.8757111583001651, 'reg_alpha': 0.021533994363694083, 'reg_lambda': 9.888973196771541}. Best is trial 285 with value: 0.808281942946742.
[I 2025-03-11 14:36:30,870] Trial 498 finished with value: 0.8079486367999462 and parameters: {'n_estimators': 1836, 'learning_rate': 0.01003896810644902, 'max_depth': 11, 'min_child_weight': 7, 'subsample': 0.8414796621675669, 'colsample_bytree': 0.8173168441833194, 'reg_alpha': 0.0650221074907612, 'reg_lambda': 5.247624516525187}. Best is trial 285 with value: 0.808281942946742.
[I 2025-03-11 14:36:46,282] Trial 499 finished with value: 0.8068188293557259 and parameters: {'n_estimators': 1821, 'learning_rate': 0.010020986898456166, 'max_depth': 11, 'min_child_weight': 6, 'subsample': 0.8382124537382856, 'colsample_bytree': 0.8088802027289933, 'reg_alpha': 0.0707321399400178, 'reg_lambda': 3.9279006091153814}. Best is trial 285 with value: 0.808281942946742.
[I 2025-03-11 14:36:59,893] Trial 500 finished with value: 0.8069026377808299 and parameters: {'n_estimators': 1721, 'learning_rate': 0.013264538425801725, 'max_depth': 11, 'min_child_weight': 7, 'subsample': 0.8128373881978613, 'colsample_bytree': 0.7879885839492315, 'reg_alpha': 0.09762760414326768, 'reg_lambda': 5.488722770860565}. Best is trial 285 with value: 0.808281942946742.
[I 2025-03-11 14:37:14,746] Trial 501 finished with value: 0.8067903377037801 and parameters: {'n_estimators': 1847, 'learning_rate': 0.011290861968048337, 'max_depth': 11, 'min_child_weight': 7, 'subsample': 0.8320861688445278, 'colsample_bytree': 0.8214429081909302, 'reg_alpha': 0.12777274285128692, 'reg_lambda': 4.446311420362784}. Best is trial 285 with value: 0.808281942946742.
[I 2025-03-11 14:37:28,629] Trial 502 finished with value: 0.8064330776875187 and parameters: {'n_estimators': 1893, 'learning_rate': 0.01274581983948297, 'max_depth': 11, 'min_child_weight': 8, 'subsample': 0.8454306645359131, 'colsample_bytree': 0.7500131642328135, 'reg_alpha': 0.08200118684513721, 'reg_lambda': 3.0736489766383004}. Best is trial 285 with value: 0.808281942946742.
[I 2025-03-11 14:37:44,322] Trial 503 finished with value: 0.8057852188843553 and parameters: {'n_estimators': 1778, 'learning_rate': 0.014598789368048912, 'max_depth': 12, 'min_child_weight': 7, 'subsample': 0.7849489068463833, 'colsample_bytree': 0.7787490048173804, 'reg_alpha': 0.06918661067283288, 'reg_lambda': 4.965336430377193}. Best is trial 285 with value: 0.808281942946742.
[I 2025-03-11 14:37:59,349] Trial 504 finished with value: 0.8072081751082874 and parameters: {'n_estimators': 1907, 'learning_rate': 0.010673770891322251, 'max_depth': 11, 'min_child_weight': 7, 'subsample': 0.8264505333582303, 'colsample_bytree': 0.8011576529107911, 'reg_alpha': 0.11396411178127461, 'reg_lambda': 3.5733543698396684}. Best is trial 285 with value: 0.808281942946742.
[I 2025-03-11 14:38:13,278] Trial 505 finished with value: 0.8063673802349697 and parameters: {'n_estimators': 1832, 'learning_rate': 0.011514050158760194, 'max_depth': 11, 'min_child_weight': 7, 'subsample': 0.8589868445262485, 'colsample_bytree': 0.7261563803046133, 'reg_alpha': 0.06266401251168759, 'reg_lambda': 0.08045371579337574}. Best is trial 285 with value: 0.808281942946742.
[I 2025-03-11 14:38:30,087] Trial 506 finished with value: 0.8071670539643935 and parameters: {'n_estimators': 1749, 'learning_rate': 0.010647700500887735, 'max_depth': 12, 'min_child_weight': 7, 'subsample': 0.8090845981301392, 'colsample_bytree': 0.8110912606936974, 'reg_alpha': 0.6043927413825338, 'reg_lambda': 5.981479756041246}. Best is trial 285 with value: 0.808281942946742.
