[I 2025-03-11 14:54:21,652] Trial 563 finished with value: 0.8074388189461335 and parameters: {'n_estimators': 1487, 'learning_rate': 0.011128839629119584, 'max_depth': 13, 'min_child_weight': 6, 'subsample': 0.8645378111916102, 'colsample_bytree': 0.8225964140720274, 'reg_alpha': 0.06201273980603447, 'reg_lambda': 6.190584728015223}. Best is trial 285 with value: 0.808281942946742.
[I 2025-03-11 14:54:37,072] Trial 564 finished with value: 0.8065140349395598 and parameters: {'n_estimators': 1827, 'learning_rate': 0.01293799904293332, 'max_depth': 11, 'min_child_weight': 5, 'subsample': 0.8315997035640331, 'colsample_bytree': 0.7864938345309577, 'reg_alpha': 0.011208806837177846, 'reg_lambda': 4.009577144979538}. Best is trial 285 with value: 0.808281942946742.
[I 2025-03-11 14:54:53,804] Trial 565 finished with value: 0.8076177200164918 and parameters: {'n_estimators': 1901, 'learning_rate': 0.01068300326523101, 'max_depth': 12, 'min_child_weight': 8, 'subsample': 0.8049836428704799, 'colsample_bytree': 0.8681320361746617, 'reg_alpha': 0.013928420821638234, 'reg_lambda': 5.306588280480901}. Best is trial 285 with value: 0.808281942946742.
[I 2025-03-11 14:55:09,643] Trial 566 finished with value: 0.8065349167704433 and parameters: {'n_estimators': 1903, 'learning_rate': 0.01067641610748744, 'max_depth': 12, 'min_child_weight': 9, 'subsample': 0.7751972372373481, 'colsample_bytree': 0.884172227972273, 'reg_alpha': 0.01584103733325266, 'reg_lambda': 4.723280945406919}. Best is trial 285 with value: 0.808281942946742.
[I 2025-03-11 14:55:27,062] Trial 567 finished with value: 0.807138020187992 and parameters: {'n_estimators': 1994, 'learning_rate': 0.01000101188689799, 'max_depth': 12, 'min_child_weight': 8, 'subsample': 0.8082004254083972, 'colsample_bytree': 0.8660134165398132, 'reg_alpha': 0.02001913377912547, 'reg_lambda': 3.1012364526426426}. Best is trial 285 with value: 0.808281942946742.
[I 2025-03-11 14:55:36,180] Trial 568 finished with value: 0.7825445844156246 and parameters: {'n_estimators': 1893, 'learning_rate': 0.27689306760642685, 'max_depth': 12, 'min_child_weight': 9, 'subsample': 0.7849903483902915, 'colsample_bytree': 0.9093111432499426, 'reg_alpha': 0.02727082163262298, 'reg_lambda': 4.0224694394154845}. Best is trial 285 with value: 0.808281942946742.
[I 2025-03-11 14:55:46,341] Trial 569 finished with value: 0.7848246795612777 and parameters: {'n_estimators': 1946, 'learning_rate': 0.19051816964274723, 'max_depth': 12, 'min_child_weight': 8, 'subsample': 0.7984125547412404, 'colsample_bytree': 0.8670872873707572, 'reg_alpha': 0.002504845590433006, 'reg_lambda': 2.0418175564315786}. Best is trial 285 with value: 0.808281942946742.
[I 2025-03-11 14:56:02,708] Trial 570 finished with value: 0.805947494804741 and parameters: {'n_estimators': 1841, 'learning_rate': 0.011146154368000493, 'max_depth': 12, 'min_child_weight': 8, 'subsample': 0.7916829773880419, 'colsample_bytree': 0.8727961790653398, 'reg_alpha': 0.03528457944359693, 'reg_lambda': 5.32934333980165}. Best is trial 285 with value: 0.808281942946742.
[I 2025-03-11 14:56:23,418] Trial 571 finished with value: 0.8071578378486477 and parameters: {'n_estimators': 2046, 'learning_rate': 0.010728981788781898, 'max_depth': 13, 'min_child_weight': 8, 'subsample': 0.8179874875384694, 'colsample_bytree': 0.8541605275819653, 'reg_alpha': 0.014489548646768368, 'reg_lambda': 9.998737274858293}. Best is trial 285 with value: 0.808281942946742.
[I 2025-03-11 14:56:39,617] Trial 572 finished with value: 0.8065324872497347 and parameters: {'n_estimators': 1898, 'learning_rate': 0.011538750591962518, 'max_depth': 12, 'min_child_weight': 9, 'subsample': 0.8364178417313106, 'colsample_bytree': 0.8456866240842971, 'reg_alpha': 0.02195154073137457, 'reg_lambda': 4.73192507296118}. Best is trial 285 with value: 0.808281942946742.
[I 2025-03-11 14:57:02,468] Trial 573 finished with value: 0.807139465853207 and parameters: {'n_estimators': 1991, 'learning_rate': 0.010672046114330416, 'max_depth': 13, 'min_child_weight': 6, 'subsample': 0.8121172790808164, 'colsample_bytree': 0.8574919883388832, 'reg_alpha': 0.12916257624978436, 'reg_lambda': 5.7492859008565995}. Best is trial 285 with value: 0.808281942946742.
[I 2025-03-11 14:57:21,054] Trial 574 finished with value: 0.8070326472567639 and parameters: {'n_estimators': 2098, 'learning_rate': 0.010586434250220569, 'max_depth': 12, 'min_child_weight': 8, 'subsample': 0.8029691855895226, 'colsample_bytree': 0.891749419711935, 'reg_alpha': 0.01824713408918308, 'reg_lambda': 3.784062274061558}. Best is trial 285 with value: 0.808281942946742.
[I 2025-03-11 14:57:45,693] Trial 575 finished with value: 0.8061441655100341 and parameters: {'n_estimators': 2281, 'learning_rate': 0.010001123803183614, 'max_depth': 12, 'min_child_weight': 5, 'subsample': 0.8254826051597166, 'colsample_bytree': 0.8933054562470861, 'reg_alpha': 0.07715296135794172, 'reg_lambda': 8.087889247625485}. Best is trial 285 with value: 0.808281942946742.
[I 2025-03-11 14:58:03,682] Trial 576 finished with value: 0.8063971368439787 and parameters: {'n_estimators': 1804, 'learning_rate': 0.011985750073181345, 'max_depth': 12, 'min_child_weight': 6, 'subsample': 0.9669369347027335, 'colsample_bytree': 0.9147012711536062, 'reg_alpha': 0.014814939750774872, 'reg_lambda': 6.138732377095453}. Best is trial 285 with value: 0.808281942946742.
[I 2025-03-11 14:58:27,652] Trial 577 finished with value: 0.8060709586298402 and parameters: {'n_estimators': 2191, 'learning_rate': 0.011064747609412198, 'max_depth': 13, 'min_child_weight': 6, 'subsample': 0.843482125138073, 'colsample_bytree': 0.8716274821467568, 'reg_alpha': 0.008350435411076494, 'reg_lambda': 2.888321541829591}. Best is trial 285 with value: 0.808281942946742.
[I 2025-03-11 14:58:48,362] Trial 578 finished with value: 0.8066739616539711 and parameters: {'n_estimators': 1927, 'learning_rate': 0.011730375129183575, 'max_depth': 12, 'min_child_weight': 5, 'subsample': 0.7692996325350119, 'colsample_bytree': 0.7391842802108941, 'reg_alpha': 0.013232102501570227, 'reg_lambda': 4.421639694245863}. Best is trial 285 with value: 0.808281942946742.
[I 2025-03-11 14:59:10,952] Trial 579 finished with value: 0.807001565454641 and parameters: {'n_estimators': 1843, 'learning_rate': 0.011163340623396996, 'max_depth': 12, 'min_child_weight': 5, 'subsample': 0.8249323265080312, 'colsample_bytree': 0.8497601805732055, 'reg_alpha': 0.42605989492763663, 'reg_lambda': 7.064166991033537}. Best is trial 285 with value: 0.808281942946742.
[I 2025-03-11 14:59:34,018] Trial 580 finished with value: 0.806081138522396 and parameters: {'n_estimators': 1995, 'learning_rate': 0.012221551744226889, 'max_depth': 13, 'min_child_weight': 6, 'subsample': 0.7895775787316651, 'colsample_bytree': 0.8363888927903556, 'reg_alpha': 0.8521897717763862, 'reg_lambda': 5.23121909230012}. Best is trial 285 with value: 0.808281942946742.
[I 2025-03-11 14:59:52,313] Trial 581 finished with value: 0.8057224729982867 and parameters: {'n_estimators': 2087, 'learning_rate': 0.010018067308514254, 'max_depth': 12, 'min_child_weight': 9, 'subsample': 0.7392534430511456, 'colsample_bytree': 0.885229116399518, 'reg_alpha': 0.02480111092350581, 'reg_lambda': 3.5740865953498435}. Best is trial 285 with value: 0.808281942946742.
[I 2025-03-11 15:00:05,834] Trial 582 finished with value: 0.8070384299176241 and parameters: {'n_estimators': 1777, 'learning_rate': 0.010631641949582918, 'max_depth': 11, 'min_child_weight': 8, 'subsample': 0.8966925842148225, 'colsample_bytree': 0.7102203810290526, 'reg_alpha': 0.010777725556398776, 'reg_lambda': 8.197333567038372}. Best is trial 285 with value: 0.808281942946742.
[I 2025-03-11 15:00:19,444] Trial 583 finished with value: 0.8066668537999973 and parameters: {'n_estimators': 1873, 'learning_rate': 0.01137791387202563, 'max_depth': 10, 'min_child_weight': 5, 'subsample': 0.9340135664321408, 'colsample_bytree': 0.769897251706183, 'reg_alpha': 0.005620852928780867, 'reg_lambda': 6.1497375923873365}. Best is trial 285 with value: 0.808281942946742.
[I 2025-03-11 15:00:39,154] Trial 584 finished with value: 0.807005601270033 and parameters: {'n_estimators': 1955, 'learning_rate': 0.010542910006396046, 'max_depth': 12, 'min_child_weight': 6, 'subsample': 0.9184006718090107, 'colsample_bytree': 0.8275936705552255, 'reg_alpha': 0.017440924500455427, 'reg_lambda': 7.512564860728678}. Best is trial 285 with value: 0.808281942946742.
[I 2025-03-11 15:00:57,268] Trial 585 finished with value: 0.8064274958134942 and parameters: {'n_estimators': 2149, 'learning_rate': 0.012341051517230675, 'max_depth': 11, 'min_child_weight': 5, 'subsample': 0.8068734726776777, 'colsample_bytree': 0.7506197503270882, 'reg_alpha': 0.03188404932132702, 'reg_lambda': 4.87378648276851}. Best is trial 285 with value: 0.808281942946742.
[I 2025-03-11 15:01:21,075] Trial 586 finished with value: 0.807434803209425 and parameters: {'n_estimators': 2033, 'learning_rate': 0.01127653682346496, 'max_depth': 12, 'min_child_weight': 4, 'subsample': 0.8425301006981786, 'colsample_bytree': 0.785936521996008, 'reg_alpha': 0.5844342182801658, 'reg_lambda': 6.068519898639112}. Best is trial 285 with value: 0.808281942946742.
[I 2025-03-11 15:01:34,770] Trial 587 finished with value: 0.807145690245105 and parameters: {'n_estimators': 1917, 'learning_rate': 0.010530101726599395, 'max_depth': 10, 'min_child_weight': 6, 'subsample': 0.8536839472599217, 'colsample_bytree': 0.8554160739568617, 'reg_alpha': 0.11471952305705452, 'reg_lambda': 9.996247693472082}. Best is trial 285 with value: 0.808281942946742.
[I 2025-03-11 15:01:50,076] Trial 588 finished with value: 0.8071750252017597 and parameters: {'n_estimators': 1732, 'learning_rate': 0.011815480519586372, 'max_depth': 11, 'min_child_weight': 5, 'subsample': 0.8780293158373353, 'colsample_bytree': 0.8202446750501833, 'reg_alpha': 0.05029440349799012, 'reg_lambda': 8.423848171771692}. Best is trial 285 with value: 0.808281942946742.
[I 2025-03-11 15:02:10,602] Trial 589 finished with value: 0.8064538390463011 and parameters: {'n_estimators': 1861, 'learning_rate': 0.01060679860452063, 'max_depth': 13, 'min_child_weight': 6, 'subsample': 0.8302133219727956, 'colsample_bytree': 0.7616623187465273, 'reg_alpha': 0.0132934968936042, 'reg_lambda': 3.9109309993573724}. Best is trial 285 with value: 0.808281942946742.
[I 2025-03-11 15:02:29,749] Trial 590 finished with value: 0.8065470242166191 and parameters: {'n_estimators': 1791, 'learning_rate': 0.010016508880386398, 'max_depth': 12, 'min_child_weight': 5, 'subsample': 0.8937647237151154, 'colsample_bytree': 0.8351531439072835, 'reg_alpha': 0.009233126863236837, 'reg_lambda': 6.865921515436254}. Best is trial 285 with value: 0.808281942946742.
[I 2025-03-11 15:02:45,356] Trial 591 finished with value: 0.8059055504348219 and parameters: {'n_estimators': 2052, 'learning_rate': 0.012663517499214358, 'max_depth': 11, 'min_child_weight': 6, 'subsample': 0.822014308185357, 'colsample_bytree': 0.804130514349835, 'reg_alpha': 0.016003757005951212, 'reg_lambda': 0.11934947481721164}. Best is trial 285 with value: 0.808281942946742.
[I 2025-03-11 15:03:09,958] Trial 592 finished with value: 0.8065545537229474 and parameters: {'n_estimators': 1981, 'learning_rate': 0.011334856554947485, 'max_depth': 13, 'min_child_weight': 5, 'subsample': 0.8545171946658957, 'colsample_bytree': 0.9335725379694809, 'reg_alpha': 0.17411304695373417, 'reg_lambda': 5.182704175990914}. Best is trial 285 with value: 0.808281942946742.
[I 2025-03-11 15:03:27,971] Trial 593 finished with value: 0.8068751701417447 and parameters: {'n_estimators': 1827, 'learning_rate': 0.0100092707145631, 'max_depth': 12, 'min_child_weight': 6, 'subsample': 0.9116935719162946, 'colsample_bytree': 0.7853407540658689, 'reg_alpha': 0.022568079504139506, 'reg_lambda': 2.314827494123443}. Best is trial 285 with value: 0.808281942946742.
[I 2025-03-11 15:03:53,100] Trial 594 finished with value: 0.8065542324640106 and parameters: {'n_estimators': 1906, 'learning_rate': 0.011948732640154397, 'max_depth': 14, 'min_child_weight': 5, 'subsample': 0.8719443373583566, 'colsample_bytree': 0.6909561946473156, 'reg_alpha': 0.01172380414388873, 'reg_lambda': 4.262720026603798}. Best is trial 285 with value: 0.808281942946742.
[I 2025-03-11 15:04:11,434] Trial 595 finished with value: 0.8069818481874028 and parameters: {'n_estimators': 2193, 'learning_rate': 0.011046875120384575, 'max_depth': 11, 'min_child_weight': 5, 'subsample': 0.8042289642350976, 'colsample_bytree': 0.7335018741627599, 'reg_alpha': 0.006644120587778681, 'reg_lambda': 3.1987636700459112}. Best is trial 285 with value: 0.808281942946742.
[I 2025-03-11 15:04:31,409] Trial 596 finished with value: 0.8068144722813975 and parameters: {'n_estimators': 2137, 'learning_rate': 0.012712343193833837, 'max_depth': 12, 'min_child_weight': 6, 'subsample': 0.843284786024736, 'colsample_bytree': 0.7723020683831185, 'reg_alpha': 0.019096839500594893, 'reg_lambda': 8.377842815652679}. Best is trial 285 with value: 0.808281942946742.
[I 2025-03-11 15:04:46,638] Trial 597 finished with value: 0.8068721181818462 and parameters: {'n_estimators': 1747, 'learning_rate': 0.010684054642672707, 'max_depth': 11, 'min_child_weight': 6, 'subsample': 0.8611781166484394, 'colsample_bytree': 0.8677914431520631, 'reg_alpha': 0.25114185652490495, 'reg_lambda': 5.833550065753765}. Best is trial 285 with value: 0.808281942946742.
[I 2025-03-11 15:05:02,495] Trial 598 finished with value: 0.8068267805144087 and parameters: {'n_estimators': 2087, 'learning_rate': 0.011574215031476598, 'max_depth': 11, 'min_child_weight': 8, 'subsample': 0.8906523930782485, 'colsample_bytree': 0.8127701924741502, 'reg_alpha': 0.040607695888147215, 'reg_lambda': 7.093969654700771}. Best is trial 285 with value: 0.808281942946742.
[I 2025-03-11 15:05:23,662] Trial 599 finished with value: 0.806525640418647 and parameters: {'n_estimators': 2006, 'learning_rate': 0.010009286255518144, 'max_depth': 12, 'min_child_weight': 5, 'subsample': 0.8209648808189456, 'colsample_bytree': 0.8497378882021561, 'reg_alpha': 0.003921482259742555, 'reg_lambda': 5.0539815137660655}. Best is trial 285 with value: 0.808281942946742.
[I 2025-03-11 15:05:37,835] Trial 600 finished with value: 0.8075707559756873 and parameters: {'n_estimators': 1927, 'learning_rate': 0.011110134249126822, 'max_depth': 10, 'min_child_weight': 4, 'subsample': 0.9568039468661823, 'colsample_bytree': 0.7511678982196861, 'reg_alpha': 0.00932017841057904, 'reg_lambda': 6.3957061091292715}. Best is trial 285 with value: 0.808281942946742.
[I 2025-03-11 15:05:51,459] Trial 601 finished with value: 0.806059574016272 and parameters: {'n_estimators': 1934, 'learning_rate': 0.010663638295296976, 'max_depth': 10, 'min_child_weight': 4, 'subsample': 0.9983951072320983, 'colsample_bytree': 0.7323595777589772, 'reg_alpha': 0.008327465641845454, 'reg_lambda': 8.520030382333523}. Best is trial 285 with value: 0.808281942946742.
[I 2025-03-11 15:06:00,797] Trial 602 finished with value: 0.8048375451785439 and parameters: {'n_estimators': 2026, 'learning_rate': 0.011178240399161878, 'max_depth': 8, 'min_child_weight': 4, 'subsample': 0.984312056146684, 'colsample_bytree': 0.739696700016459, 'reg_alpha': 0.007149466797097739, 'reg_lambda': 7.239970827549218}. Best is trial 285 with value: 0.808281942946742.
[I 2025-03-11 15:06:15,068] Trial 603 finished with value: 0.8063619188330462 and parameters: {'n_estimators': 1964, 'learning_rate': 0.010679634263174908, 'max_depth': 10, 'min_child_weight': 4, 'subsample': 0.9556985740836337, 'colsample_bytree': 0.7427740124894475, 'reg_alpha': 0.009522963947139858, 'reg_lambda': 4.580333728071527}. Best is trial 285 with value: 0.808281942946742.
[I 2025-03-11 15:06:52,326] Trial 604 finished with value: 0.8062713840489556 and parameters: {'n_estimators': 2253, 'learning_rate': 0.011193814328460077, 'max_depth': 13, 'min_child_weight': 2, 'subsample': 0.9717208392286392, 'colsample_bytree': 0.754241506809893, 'reg_alpha': 0.004744924072210722, 'reg_lambda': 5.869321166303355}. Best is trial 285 with value: 0.808281942946742.
[I 2025-03-11 15:07:04,258] Trial 605 finished with value: 0.8062213680482528 and parameters: {'n_estimators': 2064, 'learning_rate': 0.010032266053910235, 'max_depth': 9, 'min_child_weight': 4, 'subsample': 0.9296739627251396, 'colsample_bytree': 0.7600145225609921, 'reg_alpha': 0.008012850152874264, 'reg_lambda': 3.38463538496657}. Best is trial 285 with value: 0.808281942946742.
[I 2025-03-11 15:07:18,027] Trial 606 finished with value: 0.8066143681212187 and parameters: {'n_estimators': 1951, 'learning_rate': 0.012206733418177016, 'max_depth': 10, 'min_child_weight': 4, 'subsample': 0.9644482416793758, 'colsample_bytree': 0.7019233966143167, 'reg_alpha': 0.010139291676484368, 'reg_lambda': 8.476491148880843}. Best is trial 285 with value: 0.808281942946742.
[I 2025-03-11 15:07:39,313] Trial 607 finished with value: 0.8065375269993038 and parameters: {'n_estimators': 1893, 'learning_rate': 0.010697631884751823, 'max_depth': 12, 'min_child_weight': 5, 'subsample': 0.9552409854627933, 'colsample_bytree': 0.7701125810701813, 'reg_alpha': 1.0473506941726094, 'reg_lambda': 2.739062857895049}. Best is trial 285 with value: 0.808281942946742.
[I 2025-03-11 15:07:56,069] Trial 608 finished with value: 0.8062823871675366 and parameters: {'n_estimators': 2133, 'learning_rate': 0.011532878144656781, 'max_depth': 10, 'min_child_weight': 4, 'subsample': 0.9425153959998182, 'colsample_bytree': 0.7241409386686284, 'reg_alpha': 1.7106435041657004, 'reg_lambda': 6.744257259916241}. Best is trial 285 with value: 0.808281942946742.
[I 2025-03-11 15:08:07,322] Trial 609 finished with value: 0.8062287770824796 and parameters: {'n_estimators': 2014, 'learning_rate': 0.012917641103604993, 'max_depth': 9, 'min_child_weight': 5, 'subsample': 0.9386995046171592, 'colsample_bytree': 0.7503577451622593, 'reg_alpha': 0.006321671220377934, 'reg_lambda': 5.291020320839807}. Best is trial 285 with value: 0.808281942946742.
[I 2025-03-11 15:08:17,909] Trial 610 finished with value: 0.8063311181324928 and parameters: {'n_estimators': 1859, 'learning_rate': 0.010616731591600299, 'max_depth': 9, 'min_child_weight': 5, 'subsample': 0.952588876954861, 'colsample_bytree': 0.7782864780517845, 'reg_alpha': 0.01029238021117628, 'reg_lambda': 9.868537326335769}. Best is trial 285 with value: 0.808281942946742.
[I 2025-03-11 15:08:34,869] Trial 611 finished with value: 0.8061460328276034 and parameters: {'n_estimators': 1271, 'learning_rate': 0.010030098606244585, 'max_depth': 13, 'min_child_weight': 5, 'subsample': 0.9222258085352755, 'colsample_bytree': 0.7657492334434076, 'reg_alpha': 0.09597871980039882, 'reg_lambda': 4.131022611539407}. Best is trial 285 with value: 0.808281942946742.
[I 2025-03-11 15:09:00,704] Trial 612 finished with value: 0.8070682869200508 and parameters: {'n_estimators': 2073, 'learning_rate': 0.011884019923859668, 'max_depth': 12, 'min_child_weight': 3, 'subsample': 0.9809788577201617, 'colsample_bytree': 0.7163437208947315, 'reg_alpha': 0.3678428929786434, 'reg_lambda': 7.392917340928652}. Best is trial 285 with value: 0.808281942946742.
[I 2025-03-11 15:09:21,026] Trial 613 finished with value: 0.8064803629872599 and parameters: {'n_estimators': 1974, 'learning_rate': 0.011113558210294963, 'max_depth': 12, 'min_child_weight': 5, 'subsample': 0.7891742502025992, 'colsample_bytree': 0.7939335348315756, 'reg_alpha': 0.012094701242626037, 'reg_lambda': 5.863219774642008}. Best is trial 285 with value: 0.808281942946742.
[I 2025-03-11 15:09:33,029] Trial 614 finished with value: 0.8027368932277049 and parameters: {'n_estimators': 1796, 'learning_rate': 0.01000483881556952, 'max_depth': 10, 'min_child_weight': 4, 'subsample': 0.3353586289808344, 'colsample_bytree': 0.7456580155050732, 'reg_alpha': 0.06435426053548671, 'reg_lambda': 4.610609121451087}. Best is trial 285 with value: 0.808281942946742.
[I 2025-03-11 15:09:56,647] Trial 615 finished with value: 0.8049764495112869 and parameters: {'n_estimators': 2186, 'learning_rate': 0.01253411637857542, 'max_depth': 13, 'min_child_weight': 5, 'subsample': 0.6168306143206732, 'colsample_bytree': 0.7807924362126125, 'reg_alpha': 0.008725547043304315, 'reg_lambda': 8.444414040914772}. Best is trial 285 with value: 0.808281942946742.
[I 2025-03-11 15:10:15,985] Trial 616 finished with value: 0.8068292100351171 and parameters: {'n_estimators': 1920, 'learning_rate': 0.013366999700282229, 'max_depth': 12, 'min_child_weight': 5, 'subsample': 0.9068161387719048, 'colsample_bytree': 0.7578459976157227, 'reg_alpha': 0.007513094323798552, 'reg_lambda': 6.511912916183337}. Best is trial 285 with value: 0.808281942946742.
[I 2025-03-11 15:10:31,590] Trial 617 finished with value: 0.8058503340550818 and parameters: {'n_estimators': 1708, 'learning_rate': 0.021309178022843118, 'max_depth': 12, 'min_child_weight': 5, 'subsample': 0.9351737459289444, 'colsample_bytree': 0.7941237198647402, 'reg_alpha': 0.012576073163733905, 'reg_lambda': 1.494981315914649}. Best is trial 285 with value: 0.808281942946742.
[I 2025-03-11 15:10:47,013] Trial 618 finished with value: 0.8051061578069676 and parameters: {'n_estimators': 1869, 'learning_rate': 0.011184130395195674, 'max_depth': 11, 'min_child_weight': 5, 'subsample': 0.7537609310644425, 'colsample_bytree': 0.7768902698587361, 'reg_alpha': 0.010523690446442491, 'reg_lambda': 0.1652992500415118}. Best is trial 285 with value: 0.808281942946742.
[I 2025-03-11 15:11:01,818] Trial 619 finished with value: 0.7993595783412205 and parameters: {'n_estimators': 2115, 'learning_rate': 0.048195089776261094, 'max_depth': 11, 'min_child_weight': 4, 'subsample': 0.5372163891409617, 'colsample_bytree': 0.8011584972897831, 'reg_alpha': 0.07555551095491961, 'reg_lambda': 3.39931952167065}. Best is trial 285 with value: 0.808281942946742.
