[I 2025-03-11 13:50:41,606] Trial 337 finished with value: 0.8061340056961619 and parameters: {'n_estimators': 1943, 'learning_rate': 0.011556827397839056, 'max_depth': 11, 'min_child_weight': 7, 'subsample': 0.844680479872573, 'colsample_bytree': 0.88803442486103, 'reg_alpha': 0.006448551346496471, 'reg_lambda': 6.085921131027005}. Best is trial 285 with value: 0.808281942946742.
[I 2025-03-11 13:50:53,564] Trial 338 finished with value: 0.8037125967757409 and parameters: {'n_estimators': 2008, 'learning_rate': 0.03285989569884293, 'max_depth': 10, 'min_child_weight': 6, 'subsample': 0.9372460679467467, 'colsample_bytree': 0.7558302722856545, 'reg_alpha': 0.01953845151479806, 'reg_lambda': 3.7353312539726904}. Best is trial 285 with value: 0.808281942946742.
[I 2025-03-11 13:51:05,921] Trial 339 finished with value: 0.8074540185095745 and parameters: {'n_estimators': 1603, 'learning_rate': 0.013656358867125941, 'max_depth': 11, 'min_child_weight': 7, 'subsample': 0.8659916632833218, 'colsample_bytree': 0.8034407005744998, 'reg_alpha': 0.011420164054482304, 'reg_lambda': 6.863118293341556}. Best is trial 285 with value: 0.808281942946742.
[I 2025-03-11 13:51:18,148] Trial 340 finished with value: 0.8061636418330698 and parameters: {'n_estimators': 1550, 'learning_rate': 0.013565007277562637, 'max_depth': 11, 'min_child_weight': 7, 'subsample': 0.8568302237094132, 'colsample_bytree': 0.7867280004758473, 'reg_alpha': 0.005189003307392936, 'reg_lambda': 7.064671498856814}. Best is trial 285 with value: 0.808281942946742.
[I 2025-03-11 13:51:30,724] Trial 341 finished with value: 0.8060027513418484 and parameters: {'n_estimators': 1578, 'learning_rate': 0.013079944498437886, 'max_depth': 11, 'min_child_weight': 7, 'subsample': 0.8350121264115925, 'colsample_bytree': 0.8088498837761722, 'reg_alpha': 0.008306089384675077, 'reg_lambda': 5.625687610202312}. Best is trial 285 with value: 0.808281942946742.
[I 2025-03-11 13:51:44,482] Trial 342 finished with value: 0.8068089305647399 and parameters: {'n_estimators': 1686, 'learning_rate': 0.010005579278148014, 'max_depth': 11, 'min_child_weight': 7, 'subsample': 0.8893307691923806, 'colsample_bytree': 0.8461905849925523, 'reg_alpha': 0.010737744515495853, 'reg_lambda': 0.00108152460972941}. Best is trial 285 with value: 0.808281942946742.
[I 2025-03-11 13:51:55,428] Trial 343 finished with value: 0.8062062889569128 and parameters: {'n_estimators': 1603, 'learning_rate': 0.012672596068020613, 'max_depth': 10, 'min_child_weight': 7, 'subsample': 0.8124647354647621, 'colsample_bytree': 0.7673732394036754, 'reg_alpha': 0.012960636917770007, 'reg_lambda': 6.668955085947577}. Best is trial 285 with value: 0.808281942946742.
[I 2025-03-11 13:52:05,019] Trial 344 finished with value: 0.8058550726243976 and parameters: {'n_estimators': 1671, 'learning_rate': 0.010664806218173716, 'max_depth': 9, 'min_child_weight': 7, 'subsample': 0.8710682705657113, 'colsample_bytree': 0.8779568912855832, 'reg_alpha': 0.017515333874268266, 'reg_lambda': 0.0017280968915209783}. Best is trial 285 with value: 0.808281942946742.
[I 2025-03-11 13:52:19,910] Trial 345 finished with value: 0.80398877906786 and parameters: {'n_estimators': 1614, 'learning_rate': 0.015585245167552277, 'max_depth': 11, 'min_child_weight': 3, 'subsample': 0.8467778342533469, 'colsample_bytree': 0.43077502032593795, 'reg_alpha': 0.009857529899806683, 'reg_lambda': 4.9855122401569165}. Best is trial 285 with value: 0.808281942946742.
[I 2025-03-11 13:52:37,955] Trial 346 finished with value: 0.8061908283705855 and parameters: {'n_estimators': 1741, 'learning_rate': 0.014367868964198272, 'max_depth': 13, 'min_child_weight': 7, 'subsample': 0.9076863212711632, 'colsample_bytree': 0.7955001984832559, 'reg_alpha': 0.007807316460908594, 'reg_lambda': 7.887560247972003}. Best is trial 285 with value: 0.808281942946742.
[I 2025-03-11 13:52:53,500] Trial 347 finished with value: 0.8069242625230046 and parameters: {'n_estimators': 1430, 'learning_rate': 0.011335453229679267, 'max_depth': 11, 'min_child_weight': 3, 'subsample': 0.8724414065930572, 'colsample_bytree': 0.8298270057044326, 'reg_alpha': 0.022309178713762937, 'reg_lambda': 9.98635952194204}. Best is trial 285 with value: 0.808281942946742.
[I 2025-03-11 13:53:07,032] Trial 348 finished with value: 0.7984082503150045 and parameters: {'n_estimators': 1772, 'learning_rate': 0.010683409232909405, 'max_depth': 11, 'min_child_weight': 7, 'subsample': 0.8250878968405909, 'colsample_bytree': 0.25994243075563034, 'reg_alpha': 0.013312485524884584, 'reg_lambda': 6.049800593077028}. Best is trial 285 with value: 0.808281942946742.
[I 2025-03-11 13:53:21,240] Trial 349 finished with value: 0.805599952871314 and parameters: {'n_estimators': 2209, 'learning_rate': 0.014865614649307914, 'max_depth': 10, 'min_child_weight': 7, 'subsample': 0.8552812171542202, 'colsample_bytree': 0.7769157991683504, 'reg_alpha': 0.002481303085221461, 'reg_lambda': 4.456076825022714}. Best is trial 285 with value: 0.808281942946742.
[I 2025-03-11 13:53:35,144] Trial 350 finished with value: 0.8069010917221972 and parameters: {'n_estimators': 1646, 'learning_rate': 0.012099067076872229, 'max_depth': 11, 'min_child_weight': 6, 'subsample': 0.9270781673196503, 'colsample_bytree': 0.8077296839494272, 'reg_alpha': 0.015884817132123426, 'reg_lambda': 7.180570471259664}. Best is trial 285 with value: 0.808281942946742.
[I 2025-03-11 13:53:53,726] Trial 351 finished with value: 0.8060367847104519 and parameters: {'n_estimators': 1827, 'learning_rate': 0.010053532974171686, 'max_depth': 11, 'min_child_weight': 3, 'subsample': 0.8879316462200354, 'colsample_bytree': 0.7473598432712002, 'reg_alpha': 0.011344855161619895, 'reg_lambda': 3.3484092648822696}. Best is trial 285 with value: 0.808281942946742.
[I 2025-03-11 13:54:04,650] Trial 352 finished with value: 0.8048489297921122 and parameters: {'n_estimators': 695, 'learning_rate': 0.01122984515383729, 'max_depth': 14, 'min_child_weight': 6, 'subsample': 0.8408696455029981, 'colsample_bytree': 0.8577734722332241, 'reg_alpha': 0.00878574746446798, 'reg_lambda': 5.349256786042154}. Best is trial 285 with value: 0.808281942946742.
[I 2025-03-11 13:54:17,637] Trial 353 finished with value: 0.8061914106524082 and parameters: {'n_estimators': 1737, 'learning_rate': 0.010496338374403311, 'max_depth': 10, 'min_child_weight': 6, 'subsample': 0.8675334363455581, 'colsample_bytree': 0.9324530013734821, 'reg_alpha': 0.019978358678505077, 'reg_lambda': 8.597053344070037}. Best is trial 285 with value: 0.808281942946742.
[I 2025-03-11 13:54:29,516] Trial 354 finished with value: 0.799443145822122 and parameters: {'n_estimators': 2023, 'learning_rate': 0.013559755467623483, 'max_depth': 11, 'min_child_weight': 8, 'subsample': 0.2833881710113998, 'colsample_bytree': 0.5664833533175986, 'reg_alpha': 0.006505120250781118, 'reg_lambda': 4.245210541600798}. Best is trial 285 with value: 0.808281942946742.
[I 2025-03-11 13:54:45,580] Trial 355 finished with value: 0.8068523005211903 and parameters: {'n_estimators': 2158, 'learning_rate': 0.012062879949665017, 'max_depth': 11, 'min_child_weight': 9, 'subsample': 0.8992644150433985, 'colsample_bytree': 0.7915663085371017, 'reg_alpha': 0.004194867825528688, 'reg_lambda': 6.644621625012413}. Best is trial 285 with value: 0.808281942946742.
[I 2025-03-11 13:55:07,931] Trial 356 finished with value: 0.8058240309796417 and parameters: {'n_estimators': 2265, 'learning_rate': 0.011192879287642416, 'max_depth': 13, 'min_child_weight': 7, 'subsample': 0.6033686837879071, 'colsample_bytree': 0.8378201422648559, 'reg_alpha': 0.01324195734523658, 'reg_lambda': 5.921752599500972}. Best is trial 285 with value: 0.808281942946742.
[I 2025-03-11 13:55:23,549] Trial 357 finished with value: 0.801147544953261 and parameters: {'n_estimators': 1954, 'learning_rate': 0.010014474081487434, 'max_depth': 11, 'min_child_weight': 6, 'subsample': 0.8147270350815856, 'colsample_bytree': 0.3196993997154113, 'reg_alpha': 0.016294310152536597, 'reg_lambda': 8.503923680820368}. Best is trial 285 with value: 0.808281942946742.
[I 2025-03-11 13:55:37,061] Trial 358 finished with value: 0.8030180951907095 and parameters: {'n_estimators': 1816, 'learning_rate': 0.025282088322027434, 'max_depth': 11, 'min_child_weight': 7, 'subsample': 0.9773063699116472, 'colsample_bytree': 0.8200526709396011, 'reg_alpha': 0.08690098058798036, 'reg_lambda': 4.715200456202982}. Best is trial 285 with value: 0.808281942946742.
[I 2025-03-11 13:56:00,935] Trial 359 finished with value: 0.8068806917797187 and parameters: {'n_estimators': 1898, 'learning_rate': 0.010676039401093579, 'max_depth': 12, 'min_child_weight': 3, 'subsample': 0.9152267037127392, 'colsample_bytree': 0.7690464896469774, 'reg_alpha': 0.024144498117132197, 'reg_lambda': 3.374901464363543}. Best is trial 285 with value: 0.808281942946742.
[I 2025-03-11 13:56:16,555] Trial 360 finished with value: 0.806443056793239 and parameters: {'n_estimators': 1999, 'learning_rate': 0.012710496125943287, 'max_depth': 10, 'min_child_weight': 4, 'subsample': 0.8808594599789152, 'colsample_bytree': 0.8868795782911592, 'reg_alpha': 0.010351007811545033, 'reg_lambda': 7.507115677900669}. Best is trial 285 with value: 0.808281942946742.
[I 2025-03-11 13:56:35,833] Trial 361 finished with value: 0.806316601244292 and parameters: {'n_estimators': 1736, 'learning_rate': 0.011721320421930937, 'max_depth': 13, 'min_child_weight': 6, 'subsample': 0.8526833099801394, 'colsample_bytree': 0.5181562921656646, 'reg_alpha': 0.012243143510244381, 'reg_lambda': 9.902291657026018}. Best is trial 285 with value: 0.808281942946742.
[I 2025-03-11 13:56:57,529] Trial 362 finished with value: 0.8072548982048894 and parameters: {'n_estimators': 1653, 'learning_rate': 0.010021640620027064, 'max_depth': 14, 'min_child_weight': 6, 'subsample': 0.8300454800759612, 'colsample_bytree': 0.8047650178910911, 'reg_alpha': 0.007343049960325276, 'reg_lambda': 5.381973788328112}. Best is trial 285 with value: 0.808281942946742.
[I 2025-03-11 13:57:11,234] Trial 363 finished with value: 0.803479141922199 and parameters: {'n_estimators': 2121, 'learning_rate': 0.01118978698866798, 'max_depth': 11, 'min_child_weight': 8, 'subsample': 0.3589566031273966, 'colsample_bytree': 0.7878709628103968, 'reg_alpha': 0.00986322975746986, 'reg_lambda': 3.787126444522621}. Best is trial 285 with value: 0.808281942946742.
[I 2025-03-11 13:57:19,637] Trial 364 finished with value: 0.8062568872394383 and parameters: {'n_estimators': 943, 'learning_rate': 0.010646377746999778, 'max_depth': 11, 'min_child_weight': 7, 'subsample': 0.7855359594334889, 'colsample_bytree': 0.8110954172975668, 'reg_alpha': 0.015338993092495201, 'reg_lambda': 6.531985640998789}. Best is trial 285 with value: 0.808281942946742.
[I 2025-03-11 13:57:38,121] Trial 365 finished with value: 0.8066895427123996 and parameters: {'n_estimators': 1839, 'learning_rate': 0.012265412140810606, 'max_depth': 11, 'min_child_weight': 3, 'subsample': 0.8639320623114696, 'colsample_bytree': 0.7527416227070131, 'reg_alpha': 0.019308065399879674, 'reg_lambda': 7.937785775578696}. Best is trial 285 with value: 0.808281942946742.
[I 2025-03-11 13:57:50,944] Trial 366 finished with value: 0.8063803912219047 and parameters: {'n_estimators': 1922, 'learning_rate': 0.010718114003354871, 'max_depth': 10, 'min_child_weight': 7, 'subsample': 0.8942405076944839, 'colsample_bytree': 0.8416026800633738, 'reg_alpha': 0.011897543787193779, 'reg_lambda': 4.5153772821085}. Best is trial 285 with value: 0.808281942946742.
[I 2025-03-11 13:57:55,158] Trial 367 finished with value: 0.7956638155337611 and parameters: {'n_estimators': 1768, 'learning_rate': 0.011493224090749998, 'max_depth': 4, 'min_child_weight': 4, 'subsample': 0.8420972771081487, 'colsample_bytree': 0.7823937667411871, 'reg_alpha': 0.008909003591731383, 'reg_lambda': 6.203952834650457}. Best is trial 285 with value: 0.808281942946742.
[I 2025-03-11 13:58:14,689] Trial 368 finished with value: 0.8066343664900264 and parameters: {'n_estimators': 2046, 'learning_rate': 0.01059197562528734, 'max_depth': 12, 'min_child_weight': 6, 'subsample': 0.8767539194175784, 'colsample_bytree': 0.8173626425304729, 'reg_alpha': 0.013919386156579755, 'reg_lambda': 5.235129865226}. Best is trial 285 with value: 0.808281942946742.
[I 2025-03-11 13:58:32,871] Trial 369 finished with value: 0.8043580662155629 and parameters: {'n_estimators': 1960, 'learning_rate': 0.02041244220797623, 'max_depth': 11, 'min_child_weight': 3, 'subsample': 0.802742153749612, 'colsample_bytree': 0.8660835531205042, 'reg_alpha': 0.005811981966143064, 'reg_lambda': 3.012836439883174}. Best is trial 285 with value: 0.808281942946742.
[I 2025-03-11 13:58:41,292] Trial 370 finished with value: 0.8045839112480424 and parameters: {'n_estimators': 575, 'learning_rate': 0.012690202240760387, 'max_depth': 15, 'min_child_weight': 6, 'subsample': 0.6444110393307334, 'colsample_bytree': 0.7985643346248731, 'reg_alpha': 0.034619906270924844, 'reg_lambda': 7.415045752285868}. Best is trial 285 with value: 0.808281942946742.
[I 2025-03-11 13:58:53,166] Trial 371 finished with value: 0.8063127260583686 and parameters: {'n_estimators': 1483, 'learning_rate': 0.010014625502807776, 'max_depth': 11, 'min_child_weight': 7, 'subsample': 0.8574437344685919, 'colsample_bytree': 0.767150016306391, 'reg_alpha': 0.026017377683894678, 'reg_lambda': 4.417134173078644}. Best is trial 285 with value: 0.808281942946742.
[I 2025-03-11 13:59:11,014] Trial 372 finished with value: 0.8071782779484934 and parameters: {'n_estimators': 1708, 'learning_rate': 0.011467085487273187, 'max_depth': 12, 'min_child_weight': 5, 'subsample': 0.7436402630374601, 'colsample_bytree': 0.828773207131307, 'reg_alpha': 0.015986973183472867, 'reg_lambda': 8.652062470918095}. Best is trial 285 with value: 0.808281942946742.
[I 2025-03-11 13:59:23,591] Trial 373 finished with value: 0.8059446235529946 and parameters: {'n_estimators': 1853, 'learning_rate': 0.011089406970341416, 'max_depth': 10, 'min_child_weight': 6, 'subsample': 0.8229670938781382, 'colsample_bytree': 0.8470945277682546, 'reg_alpha': 0.011047319967580514, 'reg_lambda': 3.788180364466804}. Best is trial 285 with value: 0.808281942946742.
[I 2025-03-11 13:59:37,256] Trial 374 finished with value: 0.8068880405778951 and parameters: {'n_estimators': 1594, 'learning_rate': 0.013661033018399639, 'max_depth': 11, 'min_child_weight': 5, 'subsample': 0.9170900045833578, 'colsample_bytree': 0.798111088017153, 'reg_alpha': 0.007213721375636595, 'reg_lambda': 5.9626515932362505}. Best is trial 285 with value: 0.808281942946742.
[I 2025-03-11 13:59:58,639] Trial 375 finished with value: 0.8067262264672308 and parameters: {'n_estimators': 2170, 'learning_rate': 0.012042907399445496, 'max_depth': 13, 'min_child_weight': 7, 'subsample': 0.8825978598079527, 'colsample_bytree': 0.7414836163943023, 'reg_alpha': 0.02115133612987405, 'reg_lambda': 6.958129606643853}. Best is trial 285 with value: 0.808281942946742.
[I 2025-03-11 14:00:17,414] Trial 376 finished with value: 0.8070220055544867 and parameters: {'n_estimators': 2015, 'learning_rate': 0.010559886201942063, 'max_depth': 12, 'min_child_weight': 6, 'subsample': 0.8391584339638695, 'colsample_bytree': 0.7751896641608823, 'reg_alpha': 0.009058368750463662, 'reg_lambda': 5.371629835226065}. Best is trial 285 with value: 0.808281942946742.
[I 2025-03-11 14:00:30,924] Trial 377 finished with value: 0.8070018264775272 and parameters: {'n_estimators': 1927, 'learning_rate': 0.010003752417215144, 'max_depth': 11, 'min_child_weight': 10, 'subsample': 0.8970107498661276, 'colsample_bytree': 0.8155293661660642, 'reg_alpha': 0.017677786799392026, 'reg_lambda': 9.9400984054436}. Best is trial 285 with value: 0.808281942946742.
[I 2025-03-11 14:00:44,168] Trial 378 finished with value: 0.8068004172029182 and parameters: {'n_estimators': 1792, 'learning_rate': 0.010000829235300381, 'max_depth': 10, 'min_child_weight': 4, 'subsample': 0.5323971277736926, 'colsample_bytree': 0.8318964783609425, 'reg_alpha': 0.012558723043329608, 'reg_lambda': 7.5486155007608176}. Best is trial 285 with value: 0.808281942946742.
[I 2025-03-11 14:01:01,780] Trial 379 finished with value: 0.8068028065662596 and parameters: {'n_estimators': 2104, 'learning_rate': 0.01127409021455844, 'max_depth': 11, 'min_child_weight': 5, 'subsample': 0.866749879981025, 'colsample_bytree': 0.7596267428333378, 'reg_alpha': 0.04410042466392487, 'reg_lambda': 3.1682325870702095}. Best is trial 285 with value: 0.808281942946742.
[I 2025-03-11 14:01:18,753] Trial 380 finished with value: 0.8069830729870988 and parameters: {'n_estimators': 1685, 'learning_rate': 0.012807586407732165, 'max_depth': 11, 'min_child_weight': 3, 'subsample': 0.8492768941536399, 'colsample_bytree': 0.7850649796067635, 'reg_alpha': 0.014675177515302429, 'reg_lambda': 3.9928255753463073}. Best is trial 285 with value: 0.808281942946742.
[I 2025-03-11 14:01:29,579] Trial 381 finished with value: 0.7916224182678111 and parameters: {'n_estimators': 1862, 'learning_rate': 0.15673443351988944, 'max_depth': 12, 'min_child_weight': 7, 'subsample': 0.9020797826049649, 'colsample_bytree': 0.8075064066915436, 'reg_alpha': 0.0011528992612642244, 'reg_lambda': 6.1997263014284805}. Best is trial 285 with value: 0.808281942946742.
[I 2025-03-11 14:01:47,696] Trial 382 finished with value: 0.8055630884083311 and parameters: {'n_estimators': 2214, 'learning_rate': 0.01179090127999438, 'max_depth': 11, 'min_child_weight': 6, 'subsample': 0.7202355285721806, 'colsample_bytree': 0.9125181968635291, 'reg_alpha': 0.010564339528465746, 'reg_lambda': 4.885105048859255}. Best is trial 285 with value: 0.808281942946742.
[I 2025-03-11 14:02:12,243] Trial 383 finished with value: 0.8075979826705701 and parameters: {'n_estimators': 1980, 'learning_rate': 0.010755981188151185, 'max_depth': 13, 'min_child_weight': 5, 'subsample': 0.939135734377017, 'colsample_bytree': 0.8513939536948318, 'reg_alpha': 0.12663405478868306, 'reg_lambda': 8.154417234953756}. Best is trial 285 with value: 0.808281942946742.
[I 2025-03-11 14:02:40,097] Trial 384 finished with value: 0.8061579394869438 and parameters: {'n_estimators': 1977, 'learning_rate': 0.010635461577017944, 'max_depth': 14, 'min_child_weight': 5, 'subsample': 0.8303184147171371, 'colsample_bytree': 0.8827841780567633, 'reg_alpha': 0.1493946001119356, 'reg_lambda': 8.693768015222314}. Best is trial 285 with value: 0.808281942946742.
[I 2025-03-11 14:03:04,361] Trial 385 finished with value: 0.8065202794101414 and parameters: {'n_estimators': 2044, 'learning_rate': 0.010784790946740952, 'max_depth': 13, 'min_child_weight': 5, 'subsample': 0.7638965518217807, 'colsample_bytree': 0.8487161603843207, 'reg_alpha': 0.025436503787925346, 'reg_lambda': 8.44648138087031}. Best is trial 285 with value: 0.808281942946742.
[I 2025-03-11 14:03:25,327] Trial 386 finished with value: 0.8064447634813401 and parameters: {'n_estimators': 1942, 'learning_rate': 0.010658024815660219, 'max_depth': 12, 'min_child_weight': 5, 'subsample': 0.9487659367143085, 'colsample_bytree': 0.8710966929460057, 'reg_alpha': 0.108098695173938, 'reg_lambda': 7.498385632691395}. Best is trial 285 with value: 0.808281942946742.
[I 2025-03-11 14:03:48,427] Trial 387 finished with value: 0.8063055579683441 and parameters: {'n_estimators': 1893, 'learning_rate': 0.011267826147536039, 'max_depth': 13, 'min_child_weight': 5, 'subsample': 0.8081821525254337, 'colsample_bytree': 0.8652826354893698, 'reg_alpha': 0.05739849617639546, 'reg_lambda': 6.53298492620717}. Best is trial 285 with value: 0.808281942946742.
[I 2025-03-11 14:03:54,937] Trial 388 finished with value: 0.8025584138097008 and parameters: {'n_estimators': 1993, 'learning_rate': 0.010052737266563624, 'max_depth': 6, 'min_child_weight': 5, 'subsample': 0.9597612669519431, 'colsample_bytree': 0.8563272447008657, 'reg_alpha': 0.005446238705616394, 'reg_lambda': 8.612716372058761}. Best is trial 285 with value: 0.808281942946742.
[I 2025-03-11 14:04:18,409] Trial 389 finished with value: 0.8060544539519688 and parameters: {'n_estimators': 2041, 'learning_rate': 0.011115506666251171, 'max_depth': 13, 'min_child_weight': 5, 'subsample': 0.9386738629565241, 'colsample_bytree': 0.8342715148449756, 'reg_alpha': 0.1272826959768274, 'reg_lambda': 0.009074285961020914}. Best is trial 285 with value: 0.808281942946742.
[I 2025-03-11 14:04:43,118] Trial 390 finished with value: 0.8061737614895749 and parameters: {'n_estimators': 2083, 'learning_rate': 0.010642632536891258, 'max_depth': 13, 'min_child_weight': 5, 'subsample': 0.9842200631312901, 'colsample_bytree': 0.5963253413633797, 'reg_alpha': 0.18545451154496864, 'reg_lambda': 6.656622971077693}. Best is trial 285 with value: 0.808281942946742.
[I 2025-03-11 14:04:54,358] Trial 391 finished with value: 0.8065835272632983 and parameters: {'n_estimators': 1911, 'learning_rate': 0.010028706906896013, 'max_depth': 9, 'min_child_weight': 5, 'subsample': 0.8699484685769348, 'colsample_bytree': 0.7737191122896211, 'reg_alpha': 0.12308839801448046, 'reg_lambda': 9.724631187213742}. Best is trial 285 with value: 0.808281942946742.
[I 2025-03-11 14:05:13,171] Trial 392 finished with value: 0.8029070801494064 and parameters: {'n_estimators': 1826, 'learning_rate': 0.039706351306754616, 'max_depth': 13, 'min_child_weight': 4, 'subsample': 0.8537962726848484, 'colsample_bytree': 0.8933704053769186, 'reg_alpha': 0.0038043994617455042, 'reg_lambda': 7.44289042541661}. Best is trial 285 with value: 0.808281942946742.
